<?xml version="1.0" encoding="UTF-8"?>
<robot generator="Robot 6.1.1 (Python 3.9.6 on darwin)" generated="20231127 15:57:28.825" rpa="false" schemaversion="4">
<suite id="s1" name="Zhuochuangzhihui" source="/Users/liuyang/work/zhuochuangzhihui">
<suite id="s1-s1" name="Auto" source="/Users/liuyang/work/zhuochuangzhihui/auto">
<suite id="s1-s1-s1" name="Test Running" source="/Users/liuyang/work/zhuochuangzhihui/auto/test_running">
<suite id="s1-s1-s1-s1" name="Postive Test" source="/Users/liuyang/work/zhuochuangzhihui/auto/test_running/postive_test.robot">
<kw name="Run Keywords" library="BuiltIn" type="SETUP">
<arg>Config Best Dev</arg>
<arg>AND</arg>
<arg>Start Mock Service</arg>
<doc>Executes all the given keywords in a sequence.</doc>
<kw name="Config Best Dev" library="dev_res">
<kw name="Connect ZH" library="cli_res">
<kw name="Connect SH" library="cli_res">
<kw name="Open Connection" library="SSHLibrary">
<arg>localhost</arg>
<arg>prompt=REGEXP:.*[&gt;#]$</arg>
<arg>port=8222</arg>
<arg>escape_ansi=True</arg>
<arg>term_type=vt100</arg>
<arg>timeout=9s</arg>
<doc>Opens a new SSH connection to the given ``host`` and ``port``.</doc>
<status status="PASS" starttime="20231127 15:57:29.936" endtime="20231127 15:57:29.937"/>
</kw>
<kw name="Login" library="SSHLibrary">
<arg>root</arg>
<arg>P@ssw0rd</arg>
<doc>Logs into the SSH server with the given ``username`` and ``password``.</doc>
<msg timestamp="20231127 15:57:29.939" level="INFO">Logging into 'localhost:8222' as 'root'.</msg>
<msg timestamp="20231127 15:57:30.342" level="INFO">Read output: Welcome to Ubuntu 20.04.2 LTS (GNU/Linux 5.10.47-linuxkit x86_64)

 * Documentation:  https://help.ubuntu.com
 * Management:     https://landscape.canonical.com
 * Support:        https://ubuntu.com/advantage

This system has been minimized by removing packages and content that are
not required on a system that users do not log into.

To restore this content, you can run the 'unminimize' command.
Last login: Mon Nov 27 15:48:44 2023 from 172.17.0.1
root@6b5a48235c89:~#</msg>
<status status="PASS" starttime="20231127 15:57:29.938" endtime="20231127 15:57:30.342"/>
</kw>
<kw name="Write" library="SSHLibrary">
<arg>source ~/.bashrc</arg>
<doc>Writes the given ``text`` on the remote machine and appends a newline.</doc>
<msg timestamp="20231127 15:57:30.345" level="INFO">source ~/.bashrc</msg>
<status status="PASS" starttime="20231127 15:57:30.342" endtime="20231127 15:57:30.345"/>
</kw>
<kw name="Read Until Prompt" library="SSHLibrary">
<doc>Consumes and returns the server output until the prompt is found.</doc>
<msg timestamp="20231127 15:57:30.354" level="INFO">root@6b5a48235c89:~#</msg>
<status status="PASS" starttime="20231127 15:57:30.345" endtime="20231127 15:57:30.354"/>
</kw>
<status status="PASS" starttime="20231127 15:57:29.935" endtime="20231127 15:57:30.355"/>
</kw>
<kw name="Run ZH Cmd" library="cli_res">
<arg>zh_cli -d</arg>
<kw name="Log" library="BuiltIn">
<arg>${cmd}</arg>
<doc>Logs the given message with the given level.</doc>
<msg timestamp="20231127 15:57:30.356" level="INFO">zh_cli -d</msg>
<status status="PASS" starttime="20231127 15:57:30.355" endtime="20231127 15:57:30.356"/>
</kw>
<kw name="Write" library="SSHLibrary">
<arg>${cmd}</arg>
<doc>Writes the given ``text`` on the remote machine and appends a newline.</doc>
<msg timestamp="20231127 15:57:30.359" level="INFO">zh_cli -d</msg>
<status status="PASS" starttime="20231127 15:57:30.356" endtime="20231127 15:57:30.359"/>
</kw>
<kw name="Read Until Prompt" library="SSHLibrary">
<var>${output}</var>
<arg>loglevel=INFO</arg>
<arg>strip_prompt=True</arg>
<doc>Consumes and returns the server output until the prompt is found.</doc>
<msg timestamp="20231127 15:57:30.375" level="INFO">${output} = </msg>
<status status="PASS" starttime="20231127 15:57:30.359" endtime="20231127 15:57:30.376"/>
</kw>
<kw name="Log" library="BuiltIn">
<arg>${output}</arg>
<doc>Logs the given message with the given level.</doc>
<msg timestamp="20231127 15:57:30.377" level="INFO"/>
<status status="PASS" starttime="20231127 15:57:30.376" endtime="20231127 15:57:30.377"/>
</kw>
<kw name="Encode String To Bytes" library="String">
<var>${output}</var>
<arg>${output}</arg>
<arg>iso-8859-1</arg>
<doc>Encodes the given Unicode ``string`` to bytes using the given ``encoding``.</doc>
<msg timestamp="20231127 15:57:30.378" level="INFO">${output} = </msg>
<status status="PASS" starttime="20231127 15:57:30.377" endtime="20231127 15:57:30.378"/>
</kw>
<kw name="Decode Bytes To String" library="String">
<var>${output}</var>
<arg>${output}</arg>
<arg>UTF-8</arg>
<doc>Decodes the given ``bytes`` to a Unicode string using the given ``encoding``.</doc>
<msg timestamp="20231127 15:57:30.380" level="INFO">${output} = </msg>
<status status="PASS" starttime="20231127 15:57:30.379" endtime="20231127 15:57:30.380"/>
</kw>
<return>
<value>${output}</value>
<status status="PASS" starttime="20231127 15:57:30.381" endtime="20231127 15:57:30.381"/>
</return>
<status status="PASS" starttime="20231127 15:57:30.355" endtime="20231127 15:57:30.381"/>
</kw>
<status status="PASS" starttime="20231127 15:57:29.934" endtime="20231127 15:57:30.381"/>
</kw>
<kw name="Run ZH Cmd" library="cli_res">
<arg>device</arg>
<kw name="Log" library="BuiltIn">
<arg>${cmd}</arg>
<doc>Logs the given message with the given level.</doc>
<msg timestamp="20231127 15:57:30.383" level="INFO">device</msg>
<status status="PASS" starttime="20231127 15:57:30.383" endtime="20231127 15:57:30.384"/>
</kw>
<kw name="Write" library="SSHLibrary">
<arg>${cmd}</arg>
<doc>Writes the given ``text`` on the remote machine and appends a newline.</doc>
<msg timestamp="20231127 15:57:30.388" level="INFO">device</msg>
<status status="PASS" starttime="20231127 15:57:30.384" endtime="20231127 15:57:30.388"/>
</kw>
<kw name="Read Until Prompt" library="SSHLibrary">
<var>${output}</var>
<arg>loglevel=INFO</arg>
<arg>strip_prompt=True</arg>
<doc>Consumes and returns the server output until the prompt is found.</doc>
<msg timestamp="20231127 15:57:30.389" level="INFO">${output} = </msg>
<status status="PASS" starttime="20231127 15:57:30.388" endtime="20231127 15:57:30.389"/>
</kw>
<kw name="Log" library="BuiltIn">
<arg>${output}</arg>
<doc>Logs the given message with the given level.</doc>
<msg timestamp="20231127 15:57:30.390" level="INFO"/>
<status status="PASS" starttime="20231127 15:57:30.389" endtime="20231127 15:57:30.390"/>
</kw>
<kw name="Encode String To Bytes" library="String">
<var>${output}</var>
<arg>${output}</arg>
<arg>iso-8859-1</arg>
<doc>Encodes the given Unicode ``string`` to bytes using the given ``encoding``.</doc>
<msg timestamp="20231127 15:57:30.391" level="INFO">${output} = </msg>
<status status="PASS" starttime="20231127 15:57:30.390" endtime="20231127 15:57:30.391"/>
</kw>
<kw name="Decode Bytes To String" library="String">
<var>${output}</var>
<arg>${output}</arg>
<arg>UTF-8</arg>
<doc>Decodes the given ``bytes`` to a Unicode string using the given ``encoding``.</doc>
<msg timestamp="20231127 15:57:30.392" level="INFO">${output} = </msg>
<status status="PASS" starttime="20231127 15:57:30.391" endtime="20231127 15:57:30.392"/>
</kw>
<return>
<value>${output}</value>
<status status="PASS" starttime="20231127 15:57:30.392" endtime="20231127 15:57:30.393"/>
</return>
<status status="PASS" starttime="20231127 15:57:30.382" endtime="20231127 15:57:30.393"/>
</kw>
<kw name="Run ZH Cmd" library="cli_res">
<arg>add_set s 1</arg>
<kw name="Log" library="BuiltIn">
<arg>${cmd}</arg>
<doc>Logs the given message with the given level.</doc>
<msg timestamp="20231127 15:57:30.394" level="INFO">add_set s 1</msg>
<status status="PASS" starttime="20231127 15:57:30.394" endtime="20231127 15:57:30.394"/>
</kw>
<kw name="Write" library="SSHLibrary">
<arg>${cmd}</arg>
<doc>Writes the given ``text`` on the remote machine and appends a newline.</doc>
<msg timestamp="20231127 15:57:30.405" level="INFO">add_set s 1</msg>
<status status="PASS" starttime="20231127 15:57:30.394" endtime="20231127 15:57:30.405"/>
</kw>
<kw name="Read Until Prompt" library="SSHLibrary">
<var>${output}</var>
<arg>loglevel=INFO</arg>
<arg>strip_prompt=True</arg>
<doc>Consumes and returns the server output until the prompt is found.</doc>
<msg timestamp="20231127 15:57:30.485" level="INFO">${output} = </msg>
<status status="PASS" starttime="20231127 15:57:30.406" endtime="20231127 15:57:30.485"/>
</kw>
<kw name="Log" library="BuiltIn">
<arg>${output}</arg>
<doc>Logs the given message with the given level.</doc>
<msg timestamp="20231127 15:57:30.486" level="INFO"/>
<status status="PASS" starttime="20231127 15:57:30.485" endtime="20231127 15:57:30.486"/>
</kw>
<kw name="Encode String To Bytes" library="String">
<var>${output}</var>
<arg>${output}</arg>
<arg>iso-8859-1</arg>
<doc>Encodes the given Unicode ``string`` to bytes using the given ``encoding``.</doc>
<msg timestamp="20231127 15:57:30.487" level="INFO">${output} = </msg>
<status status="PASS" starttime="20231127 15:57:30.486" endtime="20231127 15:57:30.487"/>
</kw>
<kw name="Decode Bytes To String" library="String">
<var>${output}</var>
<arg>${output}</arg>
<arg>UTF-8</arg>
<doc>Decodes the given ``bytes`` to a Unicode string using the given ``encoding``.</doc>
<msg timestamp="20231127 15:57:30.488" level="INFO">${output} = </msg>
<status status="PASS" starttime="20231127 15:57:30.487" endtime="20231127 15:57:30.488"/>
</kw>
<return>
<value>${output}</value>
<status status="PASS" starttime="20231127 15:57:30.488" endtime="20231127 15:57:30.489"/>
</return>
<status status="PASS" starttime="20231127 15:57:30.393" endtime="20231127 15:57:30.489"/>
</kw>
<kw name="Run ZH Cmd" library="cli_res">
<arg>add_device ${s_fpc} '-t s' 1 s front_plate_cam</arg>
<kw name="Log" library="BuiltIn">
<arg>${cmd}</arg>
<doc>Logs the given message with the given level.</doc>
<msg timestamp="20231127 15:57:30.490" level="INFO">add_device fpc '-t s' 1 s front_plate_cam</msg>
<status status="PASS" starttime="20231127 15:57:30.490" endtime="20231127 15:57:30.490"/>
</kw>
<kw name="Write" library="SSHLibrary">
<arg>${cmd}</arg>
<doc>Writes the given ``text`` on the remote machine and appends a newline.</doc>
<msg timestamp="20231127 15:57:30.494" level="INFO">add_device fpc '-t s' 1 s front_plate_cam</msg>
<status status="PASS" starttime="20231127 15:57:30.491" endtime="20231127 15:57:30.494"/>
</kw>
<kw name="Read Until Prompt" library="SSHLibrary">
<var>${output}</var>
<arg>loglevel=INFO</arg>
<arg>strip_prompt=True</arg>
<doc>Consumes and returns the server output until the prompt is found.</doc>
<msg timestamp="20231127 15:57:30.580" level="INFO">${output} = </msg>
<status status="PASS" starttime="20231127 15:57:30.495" endtime="20231127 15:57:30.580"/>
</kw>
<kw name="Log" library="BuiltIn">
<arg>${output}</arg>
<doc>Logs the given message with the given level.</doc>
<msg timestamp="20231127 15:57:30.581" level="INFO"/>
<status status="PASS" starttime="20231127 15:57:30.580" endtime="20231127 15:57:30.581"/>
</kw>
<kw name="Encode String To Bytes" library="String">
<var>${output}</var>
<arg>${output}</arg>
<arg>iso-8859-1</arg>
<doc>Encodes the given Unicode ``string`` to bytes using the given ``encoding``.</doc>
<msg timestamp="20231127 15:57:30.582" level="INFO">${output} = </msg>
<status status="PASS" starttime="20231127 15:57:30.581" endtime="20231127 15:57:30.582"/>
</kw>
<kw name="Decode Bytes To String" library="String">
<var>${output}</var>
<arg>${output}</arg>
<arg>UTF-8</arg>
<doc>Decodes the given ``bytes`` to a Unicode string using the given ``encoding``.</doc>
<msg timestamp="20231127 15:57:30.583" level="INFO">${output} = </msg>
<status status="PASS" starttime="20231127 15:57:30.582" endtime="20231127 15:57:30.583"/>
</kw>
<return>
<value>${output}</value>
<status status="PASS" starttime="20231127 15:57:30.584" endtime="20231127 15:57:30.584"/>
</return>
<status status="PASS" starttime="20231127 15:57:30.489" endtime="20231127 15:57:30.584"/>
</kw>
<kw name="Run ZH Cmd" library="cli_res">
<arg>add_device ${s_bpc} '-t s' 1 s back_plate_cam</arg>
<kw name="Log" library="BuiltIn">
<arg>${cmd}</arg>
<doc>Logs the given message with the given level.</doc>
<msg timestamp="20231127 15:57:30.586" level="INFO">add_device bpc '-t s' 1 s back_plate_cam</msg>
<status status="PASS" starttime="20231127 15:57:30.585" endtime="20231127 15:57:30.586"/>
</kw>
<kw name="Write" library="SSHLibrary">
<arg>${cmd}</arg>
<doc>Writes the given ``text`` on the remote machine and appends a newline.</doc>
<msg timestamp="20231127 15:57:30.589" level="INFO">add_device bpc '-t s' 1 s back_plate_cam</msg>
<status status="PASS" starttime="20231127 15:57:30.586" endtime="20231127 15:57:30.590"/>
</kw>
<kw name="Read Until Prompt" library="SSHLibrary">
<var>${output}</var>
<arg>loglevel=INFO</arg>
<arg>strip_prompt=True</arg>
<doc>Consumes and returns the server output until the prompt is found.</doc>
<msg timestamp="20231127 15:57:30.682" level="INFO">${output} = </msg>
<status status="PASS" starttime="20231127 15:57:30.590" endtime="20231127 15:57:30.682"/>
</kw>
<kw name="Log" library="BuiltIn">
<arg>${output}</arg>
<doc>Logs the given message with the given level.</doc>
<msg timestamp="20231127 15:57:30.683" level="INFO"/>
<status status="PASS" starttime="20231127 15:57:30.682" endtime="20231127 15:57:30.683"/>
</kw>
<kw name="Encode String To Bytes" library="String">
<var>${output}</var>
<arg>${output}</arg>
<arg>iso-8859-1</arg>
<doc>Encodes the given Unicode ``string`` to bytes using the given ``encoding``.</doc>
<msg timestamp="20231127 15:57:30.684" level="INFO">${output} = </msg>
<status status="PASS" starttime="20231127 15:57:30.683" endtime="20231127 15:57:30.684"/>
</kw>
<kw name="Decode Bytes To String" library="String">
<var>${output}</var>
<arg>${output}</arg>
<arg>UTF-8</arg>
<doc>Decodes the given ``bytes`` to a Unicode string using the given ``encoding``.</doc>
<msg timestamp="20231127 15:57:30.685" level="INFO">${output} = </msg>
<status status="PASS" starttime="20231127 15:57:30.684" endtime="20231127 15:57:30.685"/>
</kw>
<return>
<value>${output}</value>
<status status="PASS" starttime="20231127 15:57:30.685" endtime="20231127 15:57:30.686"/>
</return>
<status status="PASS" starttime="20231127 15:57:30.584" endtime="20231127 15:57:30.686"/>
</kw>
<kw name="Run ZH Cmd" library="cli_res">
<arg>add_device ${s_fled} '-t s' 1 s front_led</arg>
<kw name="Log" library="BuiltIn">
<arg>${cmd}</arg>
<doc>Logs the given message with the given level.</doc>
<msg timestamp="20231127 15:57:30.687" level="INFO">add_device fl '-t s' 1 s front_led</msg>
<status status="PASS" starttime="20231127 15:57:30.687" endtime="20231127 15:57:30.688"/>
</kw>
<kw name="Write" library="SSHLibrary">
<arg>${cmd}</arg>
<doc>Writes the given ``text`` on the remote machine and appends a newline.</doc>
<msg timestamp="20231127 15:57:30.691" level="INFO">add_device fl '-t s' 1 s front_led</msg>
<status status="PASS" starttime="20231127 15:57:30.688" endtime="20231127 15:57:30.691"/>
</kw>
<kw name="Read Until Prompt" library="SSHLibrary">
<var>${output}</var>
<arg>loglevel=INFO</arg>
<arg>strip_prompt=True</arg>
<doc>Consumes and returns the server output until the prompt is found.</doc>
<msg timestamp="20231127 15:57:30.758" level="INFO">${output} = </msg>
<status status="PASS" starttime="20231127 15:57:30.691" endtime="20231127 15:57:30.758"/>
</kw>
<kw name="Log" library="BuiltIn">
<arg>${output}</arg>
<doc>Logs the given message with the given level.</doc>
<msg timestamp="20231127 15:57:30.759" level="INFO"/>
<status status="PASS" starttime="20231127 15:57:30.758" endtime="20231127 15:57:30.759"/>
</kw>
<kw name="Encode String To Bytes" library="String">
<var>${output}</var>
<arg>${output}</arg>
<arg>iso-8859-1</arg>
<doc>Encodes the given Unicode ``string`` to bytes using the given ``encoding``.</doc>
<msg timestamp="20231127 15:57:30.760" level="INFO">${output} = </msg>
<status status="PASS" starttime="20231127 15:57:30.759" endtime="20231127 15:57:30.760"/>
</kw>
<kw name="Decode Bytes To String" library="String">
<var>${output}</var>
<arg>${output}</arg>
<arg>UTF-8</arg>
<doc>Decodes the given ``bytes`` to a Unicode string using the given ``encoding``.</doc>
<msg timestamp="20231127 15:57:30.761" level="INFO">${output} = </msg>
<status status="PASS" starttime="20231127 15:57:30.760" endtime="20231127 15:57:30.761"/>
</kw>
<return>
<value>${output}</value>
<status status="PASS" starttime="20231127 15:57:30.761" endtime="20231127 15:57:30.761"/>
</return>
<status status="PASS" starttime="20231127 15:57:30.686" endtime="20231127 15:57:30.762"/>
</kw>
<kw name="Run ZH Cmd" library="cli_res">
<arg>add_device ${s_bled} '-t s' 1 s back_led</arg>
<kw name="Log" library="BuiltIn">
<arg>${cmd}</arg>
<doc>Logs the given message with the given level.</doc>
<msg timestamp="20231127 15:57:30.763" level="INFO">add_device bl '-t s' 1 s back_led</msg>
<status status="PASS" starttime="20231127 15:57:30.762" endtime="20231127 15:57:30.763"/>
</kw>
<kw name="Write" library="SSHLibrary">
<arg>${cmd}</arg>
<doc>Writes the given ``text`` on the remote machine and appends a newline.</doc>
<msg timestamp="20231127 15:57:30.765" level="INFO">add_device bl '-t s' 1 s back_led</msg>
<status status="PASS" starttime="20231127 15:57:30.763" endtime="20231127 15:57:30.766"/>
</kw>
<kw name="Read Until Prompt" library="SSHLibrary">
<var>${output}</var>
<arg>loglevel=INFO</arg>
<arg>strip_prompt=True</arg>
<doc>Consumes and returns the server output until the prompt is found.</doc>
<msg timestamp="20231127 15:57:30.838" level="INFO">${output} = </msg>
<status status="PASS" starttime="20231127 15:57:30.766" endtime="20231127 15:57:30.838"/>
</kw>
<kw name="Log" library="BuiltIn">
<arg>${output}</arg>
<doc>Logs the given message with the given level.</doc>
<msg timestamp="20231127 15:57:30.839" level="INFO"/>
<status status="PASS" starttime="20231127 15:57:30.838" endtime="20231127 15:57:30.839"/>
</kw>
<kw name="Encode String To Bytes" library="String">
<var>${output}</var>
<arg>${output}</arg>
<arg>iso-8859-1</arg>
<doc>Encodes the given Unicode ``string`` to bytes using the given ``encoding``.</doc>
<msg timestamp="20231127 15:57:30.839" level="INFO">${output} = </msg>
<status status="PASS" starttime="20231127 15:57:30.839" endtime="20231127 15:57:30.840"/>
</kw>
<kw name="Decode Bytes To String" library="String">
<var>${output}</var>
<arg>${output}</arg>
<arg>UTF-8</arg>
<doc>Decodes the given ``bytes`` to a Unicode string using the given ``encoding``.</doc>
<msg timestamp="20231127 15:57:30.840" level="INFO">${output} = </msg>
<status status="PASS" starttime="20231127 15:57:30.840" endtime="20231127 15:57:30.841"/>
</kw>
<return>
<value>${output}</value>
<status status="PASS" starttime="20231127 15:57:30.841" endtime="20231127 15:57:30.841"/>
</return>
<status status="PASS" starttime="20231127 15:57:30.762" endtime="20231127 15:57:30.841"/>
</kw>
<kw name="Run ZH Cmd" library="cli_res">
<arg>add_device ${s_fid} '-t s' 1 s front_id_reader</arg>
<kw name="Log" library="BuiltIn">
<arg>${cmd}</arg>
<doc>Logs the given message with the given level.</doc>
<msg timestamp="20231127 15:57:30.842" level="INFO">add_device fi '-t s' 1 s front_id_reader</msg>
<status status="PASS" starttime="20231127 15:57:30.842" endtime="20231127 15:57:30.843"/>
</kw>
<kw name="Write" library="SSHLibrary">
<arg>${cmd}</arg>
<doc>Writes the given ``text`` on the remote machine and appends a newline.</doc>
<msg timestamp="20231127 15:57:30.846" level="INFO">add_device fi '-t s' 1 s front_id_reader</msg>
<status status="PASS" starttime="20231127 15:57:30.843" endtime="20231127 15:57:30.846"/>
</kw>
<kw name="Read Until Prompt" library="SSHLibrary">
<var>${output}</var>
<arg>loglevel=INFO</arg>
<arg>strip_prompt=True</arg>
<doc>Consumes and returns the server output until the prompt is found.</doc>
<msg timestamp="20231127 15:57:30.924" level="INFO">${output} = </msg>
<status status="PASS" starttime="20231127 15:57:30.846" endtime="20231127 15:57:30.924"/>
</kw>
<kw name="Log" library="BuiltIn">
<arg>${output}</arg>
<doc>Logs the given message with the given level.</doc>
<msg timestamp="20231127 15:57:30.925" level="INFO"/>
<status status="PASS" starttime="20231127 15:57:30.925" endtime="20231127 15:57:30.925"/>
</kw>
<kw name="Encode String To Bytes" library="String">
<var>${output}</var>
<arg>${output}</arg>
<arg>iso-8859-1</arg>
<doc>Encodes the given Unicode ``string`` to bytes using the given ``encoding``.</doc>
<msg timestamp="20231127 15:57:30.926" level="INFO">${output} = </msg>
<status status="PASS" starttime="20231127 15:57:30.926" endtime="20231127 15:57:30.926"/>
</kw>
<kw name="Decode Bytes To String" library="String">
<var>${output}</var>
<arg>${output}</arg>
<arg>UTF-8</arg>
<doc>Decodes the given ``bytes`` to a Unicode string using the given ``encoding``.</doc>
<msg timestamp="20231127 15:57:30.927" level="INFO">${output} = </msg>
<status status="PASS" starttime="20231127 15:57:30.926" endtime="20231127 15:57:30.927"/>
</kw>
<return>
<value>${output}</value>
<status status="PASS" starttime="20231127 15:57:30.927" endtime="20231127 15:57:30.928"/>
</return>
<status status="PASS" starttime="20231127 15:57:30.841" endtime="20231127 15:57:30.928"/>
</kw>
<kw name="Run ZH Cmd" library="cli_res">
<arg>add_device ${s_bid} '-t s' 1 s back_id_reader</arg>
<kw name="Log" library="BuiltIn">
<arg>${cmd}</arg>
<doc>Logs the given message with the given level.</doc>
<msg timestamp="20231127 15:57:30.929" level="INFO">add_device bi '-t s' 1 s back_id_reader</msg>
<status status="PASS" starttime="20231127 15:57:30.928" endtime="20231127 15:57:30.929"/>
</kw>
<kw name="Write" library="SSHLibrary">
<arg>${cmd}</arg>
<doc>Writes the given ``text`` on the remote machine and appends a newline.</doc>
<msg timestamp="20231127 15:57:30.932" level="INFO">add_device bi '-t s' 1 s back_id_reader</msg>
<status status="PASS" starttime="20231127 15:57:30.929" endtime="20231127 15:57:30.932"/>
</kw>
<kw name="Read Until Prompt" library="SSHLibrary">
<var>${output}</var>
<arg>loglevel=INFO</arg>
<arg>strip_prompt=True</arg>
<doc>Consumes and returns the server output until the prompt is found.</doc>
<msg timestamp="20231127 15:57:31.023" level="INFO">${output} = </msg>
<status status="PASS" starttime="20231127 15:57:30.932" endtime="20231127 15:57:31.023"/>
</kw>
<kw name="Log" library="BuiltIn">
<arg>${output}</arg>
<doc>Logs the given message with the given level.</doc>
<msg timestamp="20231127 15:57:31.023" level="INFO"/>
<status status="PASS" starttime="20231127 15:57:31.023" endtime="20231127 15:57:31.024"/>
</kw>
<kw name="Encode String To Bytes" library="String">
<var>${output}</var>
<arg>${output}</arg>
<arg>iso-8859-1</arg>
<doc>Encodes the given Unicode ``string`` to bytes using the given ``encoding``.</doc>
<msg timestamp="20231127 15:57:31.024" level="INFO">${output} = </msg>
<status status="PASS" starttime="20231127 15:57:31.024" endtime="20231127 15:57:31.024"/>
</kw>
<kw name="Decode Bytes To String" library="String">
<var>${output}</var>
<arg>${output}</arg>
<arg>UTF-8</arg>
<doc>Decodes the given ``bytes`` to a Unicode string using the given ``encoding``.</doc>
<msg timestamp="20231127 15:57:31.025" level="INFO">${output} = </msg>
<status status="PASS" starttime="20231127 15:57:31.025" endtime="20231127 15:57:31.025"/>
</kw>
<return>
<value>${output}</value>
<status status="PASS" starttime="20231127 15:57:31.026" endtime="20231127 15:57:31.026"/>
</return>
<status status="PASS" starttime="20231127 15:57:30.928" endtime="20231127 15:57:31.026"/>
</kw>
<kw name="Run ZH Cmd" library="cli_res">
<arg>add_device ${s_speaker} '-t s' 1 s back_speaker</arg>
<kw name="Log" library="BuiltIn">
<arg>${cmd}</arg>
<doc>Logs the given message with the given level.</doc>
<msg timestamp="20231127 15:57:31.027" level="INFO">add_device fs '-t s' 1 s back_speaker</msg>
<status status="PASS" starttime="20231127 15:57:31.027" endtime="20231127 15:57:31.027"/>
</kw>
<kw name="Write" library="SSHLibrary">
<arg>${cmd}</arg>
<doc>Writes the given ``text`` on the remote machine and appends a newline.</doc>
<msg timestamp="20231127 15:57:31.030" level="INFO">add_device fs '-t s' 1 s back_speaker</msg>
<status status="PASS" starttime="20231127 15:57:31.028" endtime="20231127 15:57:31.030"/>
</kw>
<kw name="Read Until Prompt" library="SSHLibrary">
<var>${output}</var>
<arg>loglevel=INFO</arg>
<arg>strip_prompt=True</arg>
<doc>Consumes and returns the server output until the prompt is found.</doc>
<msg timestamp="20231127 15:57:31.105" level="INFO">${output} = </msg>
<status status="PASS" starttime="20231127 15:57:31.031" endtime="20231127 15:57:31.105"/>
</kw>
<kw name="Log" library="BuiltIn">
<arg>${output}</arg>
<doc>Logs the given message with the given level.</doc>
<msg timestamp="20231127 15:57:31.106" level="INFO"/>
<status status="PASS" starttime="20231127 15:57:31.106" endtime="20231127 15:57:31.106"/>
</kw>
<kw name="Encode String To Bytes" library="String">
<var>${output}</var>
<arg>${output}</arg>
<arg>iso-8859-1</arg>
<doc>Encodes the given Unicode ``string`` to bytes using the given ``encoding``.</doc>
<msg timestamp="20231127 15:57:31.107" level="INFO">${output} = </msg>
<status status="PASS" starttime="20231127 15:57:31.106" endtime="20231127 15:57:31.107"/>
</kw>
<kw name="Decode Bytes To String" library="String">
<var>${output}</var>
<arg>${output}</arg>
<arg>UTF-8</arg>
<doc>Decodes the given ``bytes`` to a Unicode string using the given ``encoding``.</doc>
<msg timestamp="20231127 15:57:31.108" level="INFO">${output} = </msg>
<status status="PASS" starttime="20231127 15:57:31.107" endtime="20231127 15:57:31.108"/>
</kw>
<return>
<value>${output}</value>
<status status="PASS" starttime="20231127 15:57:31.108" endtime="20231127 15:57:31.108"/>
</return>
<status status="PASS" starttime="20231127 15:57:31.026" endtime="20231127 15:57:31.108"/>
</kw>
<kw name="Run ZH Cmd" library="cli_res">
<arg>add_device ${s_fgate} '-t s' 1 s front_gate</arg>
<kw name="Log" library="BuiltIn">
<arg>${cmd}</arg>
<doc>Logs the given message with the given level.</doc>
<msg timestamp="20231127 15:57:31.109" level="INFO">add_device fg '-t s' 1 s front_gate</msg>
<status status="PASS" starttime="20231127 15:57:31.109" endtime="20231127 15:57:31.110"/>
</kw>
<kw name="Write" library="SSHLibrary">
<arg>${cmd}</arg>
<doc>Writes the given ``text`` on the remote machine and appends a newline.</doc>
<msg timestamp="20231127 15:57:31.112" level="INFO">add_device fg '-t s' 1 s front_gate</msg>
<status status="PASS" starttime="20231127 15:57:31.110" endtime="20231127 15:57:31.113"/>
</kw>
<kw name="Read Until Prompt" library="SSHLibrary">
<var>${output}</var>
<arg>loglevel=INFO</arg>
<arg>strip_prompt=True</arg>
<doc>Consumes and returns the server output until the prompt is found.</doc>
<msg timestamp="20231127 15:57:31.192" level="INFO">${output} = </msg>
<status status="PASS" starttime="20231127 15:57:31.113" endtime="20231127 15:57:31.192"/>
</kw>
<kw name="Log" library="BuiltIn">
<arg>${output}</arg>
<doc>Logs the given message with the given level.</doc>
<msg timestamp="20231127 15:57:31.193" level="INFO"/>
<status status="PASS" starttime="20231127 15:57:31.193" endtime="20231127 15:57:31.193"/>
</kw>
<kw name="Encode String To Bytes" library="String">
<var>${output}</var>
<arg>${output}</arg>
<arg>iso-8859-1</arg>
<doc>Encodes the given Unicode ``string`` to bytes using the given ``encoding``.</doc>
<msg timestamp="20231127 15:57:31.194" level="INFO">${output} = </msg>
<status status="PASS" starttime="20231127 15:57:31.193" endtime="20231127 15:57:31.194"/>
</kw>
<kw name="Decode Bytes To String" library="String">
<var>${output}</var>
<arg>${output}</arg>
<arg>UTF-8</arg>
<doc>Decodes the given ``bytes`` to a Unicode string using the given ``encoding``.</doc>
<msg timestamp="20231127 15:57:31.195" level="INFO">${output} = </msg>
<status status="PASS" starttime="20231127 15:57:31.194" endtime="20231127 15:57:31.195"/>
</kw>
<return>
<value>${output}</value>
<status status="PASS" starttime="20231127 15:57:31.195" endtime="20231127 15:57:31.195"/>
</return>
<status status="PASS" starttime="20231127 15:57:31.109" endtime="20231127 15:57:31.196"/>
</kw>
<kw name="Run ZH Cmd" library="cli_res">
<arg>add_device ${s_bgate} '-t s' 1 s back_gate</arg>
<kw name="Log" library="BuiltIn">
<arg>${cmd}</arg>
<doc>Logs the given message with the given level.</doc>
<msg timestamp="20231127 15:57:31.197" level="INFO">add_device bg '-t s' 1 s back_gate</msg>
<status status="PASS" starttime="20231127 15:57:31.196" endtime="20231127 15:57:31.197"/>
</kw>
<kw name="Write" library="SSHLibrary">
<arg>${cmd}</arg>
<doc>Writes the given ``text`` on the remote machine and appends a newline.</doc>
<msg timestamp="20231127 15:57:31.200" level="INFO">add_device bg '-t s' 1 s back_gate</msg>
<status status="PASS" starttime="20231127 15:57:31.197" endtime="20231127 15:57:31.200"/>
</kw>
<kw name="Read Until Prompt" library="SSHLibrary">
<var>${output}</var>
<arg>loglevel=INFO</arg>
<arg>strip_prompt=True</arg>
<doc>Consumes and returns the server output until the prompt is found.</doc>
<msg timestamp="20231127 15:57:31.277" level="INFO">${output} = </msg>
<status status="PASS" starttime="20231127 15:57:31.200" endtime="20231127 15:57:31.277"/>
</kw>
<kw name="Log" library="BuiltIn">
<arg>${output}</arg>
<doc>Logs the given message with the given level.</doc>
<msg timestamp="20231127 15:57:31.277" level="INFO"/>
<status status="PASS" starttime="20231127 15:57:31.277" endtime="20231127 15:57:31.278"/>
</kw>
<kw name="Encode String To Bytes" library="String">
<var>${output}</var>
<arg>${output}</arg>
<arg>iso-8859-1</arg>
<doc>Encodes the given Unicode ``string`` to bytes using the given ``encoding``.</doc>
<msg timestamp="20231127 15:57:31.278" level="INFO">${output} = </msg>
<status status="PASS" starttime="20231127 15:57:31.278" endtime="20231127 15:57:31.278"/>
</kw>
<kw name="Decode Bytes To String" library="String">
<var>${output}</var>
<arg>${output}</arg>
<arg>UTF-8</arg>
<doc>Decodes the given ``bytes`` to a Unicode string using the given ``encoding``.</doc>
<msg timestamp="20231127 15:57:31.279" level="INFO">${output} = </msg>
<status status="PASS" starttime="20231127 15:57:31.279" endtime="20231127 15:57:31.280"/>
</kw>
<return>
<value>${output}</value>
<status status="PASS" starttime="20231127 15:57:31.280" endtime="20231127 15:57:31.280"/>
</return>
<status status="PASS" starttime="20231127 15:57:31.196" endtime="20231127 15:57:31.280"/>
</kw>
<kw name="Run ZH Cmd" library="cli_res">
<arg>add_device ${s_speaker} '-t s' 1 s back_speaker</arg>
<kw name="Log" library="BuiltIn">
<arg>${cmd}</arg>
<doc>Logs the given message with the given level.</doc>
<msg timestamp="20231127 15:57:31.281" level="INFO">add_device fs '-t s' 1 s back_speaker</msg>
<status status="PASS" starttime="20231127 15:57:31.281" endtime="20231127 15:57:31.282"/>
</kw>
<kw name="Write" library="SSHLibrary">
<arg>${cmd}</arg>
<doc>Writes the given ``text`` on the remote machine and appends a newline.</doc>
<msg timestamp="20231127 15:57:31.284" level="INFO">add_device fs '-t s' 1 s back_speaker</msg>
<status status="PASS" starttime="20231127 15:57:31.282" endtime="20231127 15:57:31.285"/>
</kw>
<kw name="Read Until Prompt" library="SSHLibrary">
<var>${output}</var>
<arg>loglevel=INFO</arg>
<arg>strip_prompt=True</arg>
<doc>Consumes and returns the server output until the prompt is found.</doc>
<msg timestamp="20231127 15:57:31.327" level="INFO">è®¾å¤å·²å­å¨</msg>
<msg timestamp="20231127 15:57:31.327" level="INFO">${output} = è®¾å¤å·²å­å¨
</msg>
<status status="PASS" starttime="20231127 15:57:31.285" endtime="20231127 15:57:31.327"/>
</kw>
<kw name="Log" library="BuiltIn">
<arg>${output}</arg>
<doc>Logs the given message with the given level.</doc>
<msg timestamp="20231127 15:57:31.328" level="INFO">è®¾å¤å·²å­å¨
</msg>
<status status="PASS" starttime="20231127 15:57:31.328" endtime="20231127 15:57:31.328"/>
</kw>
<kw name="Encode String To Bytes" library="String">
<var>${output}</var>
<arg>${output}</arg>
<arg>iso-8859-1</arg>
<doc>Encodes the given Unicode ``string`` to bytes using the given ``encoding``.</doc>
<msg timestamp="20231127 15:57:31.329" level="INFO">${output} = \xe8\xae\xbe\xe5\xa4\x87\xe5\xb7\xb2\xe5\xad\x98\xe5\x9c\xa8
</msg>
<status status="PASS" starttime="20231127 15:57:31.328" endtime="20231127 15:57:31.329"/>
</kw>
<kw name="Decode Bytes To String" library="String">
<var>${output}</var>
<arg>${output}</arg>
<arg>UTF-8</arg>
<doc>Decodes the given ``bytes`` to a Unicode string using the given ``encoding``.</doc>
<msg timestamp="20231127 15:57:31.330" level="INFO">${output} = 设备已存在
</msg>
<status status="PASS" starttime="20231127 15:57:31.330" endtime="20231127 15:57:31.330"/>
</kw>
<return>
<value>${output}</value>
<status status="PASS" starttime="20231127 15:57:31.330" endtime="20231127 15:57:31.331"/>
</return>
<status status="PASS" starttime="20231127 15:57:31.280" endtime="20231127 15:57:31.331"/>
</kw>
<kw name="Run ZH Cmd" library="cli_res">
<arg>add_device ${s_s} '-t s' 1 s scale</arg>
<kw name="Log" library="BuiltIn">
<arg>${cmd}</arg>
<doc>Logs the given message with the given level.</doc>
<msg timestamp="20231127 15:57:31.332" level="INFO">add_device ss '-t s' 1 s scale</msg>
<status status="PASS" starttime="20231127 15:57:31.332" endtime="20231127 15:57:31.332"/>
</kw>
<kw name="Write" library="SSHLibrary">
<arg>${cmd}</arg>
<doc>Writes the given ``text`` on the remote machine and appends a newline.</doc>
<msg timestamp="20231127 15:57:31.335" level="INFO">add_device ss '-t s' 1 s scale</msg>
<status status="PASS" starttime="20231127 15:57:31.332" endtime="20231127 15:57:31.335"/>
</kw>
<kw name="Read Until Prompt" library="SSHLibrary">
<var>${output}</var>
<arg>loglevel=INFO</arg>
<arg>strip_prompt=True</arg>
<doc>Consumes and returns the server output until the prompt is found.</doc>
<msg timestamp="20231127 15:57:31.411" level="INFO">${output} = </msg>
<status status="PASS" starttime="20231127 15:57:31.335" endtime="20231127 15:57:31.411"/>
</kw>
<kw name="Log" library="BuiltIn">
<arg>${output}</arg>
<doc>Logs the given message with the given level.</doc>
<msg timestamp="20231127 15:57:31.412" level="INFO"/>
<status status="PASS" starttime="20231127 15:57:31.411" endtime="20231127 15:57:31.412"/>
</kw>
<kw name="Encode String To Bytes" library="String">
<var>${output}</var>
<arg>${output}</arg>
<arg>iso-8859-1</arg>
<doc>Encodes the given Unicode ``string`` to bytes using the given ``encoding``.</doc>
<msg timestamp="20231127 15:57:31.412" level="INFO">${output} = </msg>
<status status="PASS" starttime="20231127 15:57:31.412" endtime="20231127 15:57:31.413"/>
</kw>
<kw name="Decode Bytes To String" library="String">
<var>${output}</var>
<arg>${output}</arg>
<arg>UTF-8</arg>
<doc>Decodes the given ``bytes`` to a Unicode string using the given ``encoding``.</doc>
<msg timestamp="20231127 15:57:31.414" level="INFO">${output} = </msg>
<status status="PASS" starttime="20231127 15:57:31.413" endtime="20231127 15:57:31.414"/>
</kw>
<return>
<value>${output}</value>
<status status="PASS" starttime="20231127 15:57:31.414" endtime="20231127 15:57:31.414"/>
</return>
<status status="PASS" starttime="20231127 15:57:31.331" endtime="20231127 15:57:31.414"/>
</kw>
<kw name="Run ZH Cmd" library="cli_res">
<arg>zczh</arg>
<kw name="Log" library="BuiltIn">
<arg>${cmd}</arg>
<doc>Logs the given message with the given level.</doc>
<msg timestamp="20231127 15:57:31.415" level="INFO">zczh</msg>
<status status="PASS" starttime="20231127 15:57:31.415" endtime="20231127 15:57:31.416"/>
</kw>
<kw name="Write" library="SSHLibrary">
<arg>${cmd}</arg>
<doc>Writes the given ``text`` on the remote machine and appends a newline.</doc>
<msg timestamp="20231127 15:57:31.418" level="INFO">zczh</msg>
<status status="PASS" starttime="20231127 15:57:31.416" endtime="20231127 15:57:31.418"/>
</kw>
<kw name="Read Until Prompt" library="SSHLibrary">
<var>${output}</var>
<arg>loglevel=INFO</arg>
<arg>strip_prompt=True</arg>
<doc>Consumes and returns the server output until the prompt is found.</doc>
<msg timestamp="20231127 15:57:31.419" level="INFO">${output} = </msg>
<status status="PASS" starttime="20231127 15:57:31.418" endtime="20231127 15:57:31.419"/>
</kw>
<kw name="Log" library="BuiltIn">
<arg>${output}</arg>
<doc>Logs the given message with the given level.</doc>
<msg timestamp="20231127 15:57:31.420" level="INFO"/>
<status status="PASS" starttime="20231127 15:57:31.420" endtime="20231127 15:57:31.420"/>
</kw>
<kw name="Encode String To Bytes" library="String">
<var>${output}</var>
<arg>${output}</arg>
<arg>iso-8859-1</arg>
<doc>Encodes the given Unicode ``string`` to bytes using the given ``encoding``.</doc>
<msg timestamp="20231127 15:57:31.421" level="INFO">${output} = </msg>
<status status="PASS" starttime="20231127 15:57:31.421" endtime="20231127 15:57:31.421"/>
</kw>
<kw name="Decode Bytes To String" library="String">
<var>${output}</var>
<arg>${output}</arg>
<arg>UTF-8</arg>
<doc>Decodes the given ``bytes`` to a Unicode string using the given ``encoding``.</doc>
<msg timestamp="20231127 15:57:31.422" level="INFO">${output} = </msg>
<status status="PASS" starttime="20231127 15:57:31.421" endtime="20231127 15:57:31.422"/>
</kw>
<return>
<value>${output}</value>
<status status="PASS" starttime="20231127 15:57:31.422" endtime="20231127 15:57:31.423"/>
</return>
<status status="PASS" starttime="20231127 15:57:31.414" endtime="20231127 15:57:31.423"/>
</kw>
<kw name="Run ZH Cmd" library="cli_res">
<arg>rule</arg>
<kw name="Log" library="BuiltIn">
<arg>${cmd}</arg>
<doc>Logs the given message with the given level.</doc>
<msg timestamp="20231127 15:57:31.424" level="INFO">rule</msg>
<status status="PASS" starttime="20231127 15:57:31.423" endtime="20231127 15:57:31.424"/>
</kw>
<kw name="Write" library="SSHLibrary">
<arg>${cmd}</arg>
<doc>Writes the given ``text`` on the remote machine and appends a newline.</doc>
<msg timestamp="20231127 15:57:31.426" level="INFO">rule</msg>
<status status="PASS" starttime="20231127 15:57:31.424" endtime="20231127 15:57:31.427"/>
</kw>
<kw name="Read Until Prompt" library="SSHLibrary">
<var>${output}</var>
<arg>loglevel=INFO</arg>
<arg>strip_prompt=True</arg>
<doc>Consumes and returns the server output until the prompt is found.</doc>
<msg timestamp="20231127 15:57:31.428" level="INFO">${output} = </msg>
<status status="PASS" starttime="20231127 15:57:31.427" endtime="20231127 15:57:31.428"/>
</kw>
<kw name="Log" library="BuiltIn">
<arg>${output}</arg>
<doc>Logs the given message with the given level.</doc>
<msg timestamp="20231127 15:57:31.429" level="INFO"/>
<status status="PASS" starttime="20231127 15:57:31.428" endtime="20231127 15:57:31.429"/>
</kw>
<kw name="Encode String To Bytes" library="String">
<var>${output}</var>
<arg>${output}</arg>
<arg>iso-8859-1</arg>
<doc>Encodes the given Unicode ``string`` to bytes using the given ``encoding``.</doc>
<msg timestamp="20231127 15:57:31.429" level="INFO">${output} = </msg>
<status status="PASS" starttime="20231127 15:57:31.429" endtime="20231127 15:57:31.430"/>
</kw>
<kw name="Decode Bytes To String" library="String">
<var>${output}</var>
<arg>${output}</arg>
<arg>UTF-8</arg>
<doc>Decodes the given ``bytes`` to a Unicode string using the given ``encoding``.</doc>
<msg timestamp="20231127 15:57:31.430" level="INFO">${output} = </msg>
<status status="PASS" starttime="20231127 15:57:31.430" endtime="20231127 15:57:31.430"/>
</kw>
<return>
<value>${output}</value>
<status status="PASS" starttime="20231127 15:57:31.430" endtime="20231127 15:57:31.431"/>
</return>
<status status="PASS" starttime="20231127 15:57:31.423" endtime="20231127 15:57:31.431"/>
</kw>
<kw name="Run ZH Cmd" library="cli_res">
<arg>set_zyzl_plugin http://192.168.0.11:5001 abc</arg>
<kw name="Log" library="BuiltIn">
<arg>${cmd}</arg>
<doc>Logs the given message with the given level.</doc>
<msg timestamp="20231127 15:57:31.432" level="INFO">set_zyzl_plugin http://192.168.0.11:5001 abc</msg>
<status status="PASS" starttime="20231127 15:57:31.432" endtime="20231127 15:57:31.432"/>
</kw>
<kw name="Write" library="SSHLibrary">
<arg>${cmd}</arg>
<doc>Writes the given ``text`` on the remote machine and appends a newline.</doc>
<msg timestamp="20231127 15:57:31.435" level="INFO">set_zyzl_plugin http://192.168.0.11:5001 abc</msg>
<status status="PASS" starttime="20231127 15:57:31.432" endtime="20231127 15:57:31.435"/>
</kw>
<kw name="Read Until Prompt" library="SSHLibrary">
<var>${output}</var>
<arg>loglevel=INFO</arg>
<arg>strip_prompt=True</arg>
<doc>Consumes and returns the server output until the prompt is found.</doc>
<msg timestamp="20231127 15:57:31.444" level="INFO">${output} = </msg>
<status status="PASS" starttime="20231127 15:57:31.436" endtime="20231127 15:57:31.445"/>
</kw>
<kw name="Log" library="BuiltIn">
<arg>${output}</arg>
<doc>Logs the given message with the given level.</doc>
<msg timestamp="20231127 15:57:31.445" level="INFO"/>
<status status="PASS" starttime="20231127 15:57:31.445" endtime="20231127 15:57:31.446"/>
</kw>
<kw name="Encode String To Bytes" library="String">
<var>${output}</var>
<arg>${output}</arg>
<arg>iso-8859-1</arg>
<doc>Encodes the given Unicode ``string`` to bytes using the given ``encoding``.</doc>
<msg timestamp="20231127 15:57:31.446" level="INFO">${output} = </msg>
<status status="PASS" starttime="20231127 15:57:31.446" endtime="20231127 15:57:31.446"/>
</kw>
<kw name="Decode Bytes To String" library="String">
<var>${output}</var>
<arg>${output}</arg>
<arg>UTF-8</arg>
<doc>Decodes the given ``bytes`` to a Unicode string using the given ``encoding``.</doc>
<msg timestamp="20231127 15:57:31.447" level="INFO">${output} = </msg>
<status status="PASS" starttime="20231127 15:57:31.447" endtime="20231127 15:57:31.447"/>
</kw>
<return>
<value>${output}</value>
<status status="PASS" starttime="20231127 15:57:31.447" endtime="20231127 15:57:31.448"/>
</return>
<status status="PASS" starttime="20231127 15:57:31.431" endtime="20231127 15:57:31.448"/>
</kw>
<kw name="Run ZH Cmd" library="cli_res">
<arg>set_ticket_prefix WR</arg>
<kw name="Log" library="BuiltIn">
<arg>${cmd}</arg>
<doc>Logs the given message with the given level.</doc>
<msg timestamp="20231127 15:57:31.449" level="INFO">set_ticket_prefix WR</msg>
<status status="PASS" starttime="20231127 15:57:31.448" endtime="20231127 15:57:31.449"/>
</kw>
<kw name="Write" library="SSHLibrary">
<arg>${cmd}</arg>
<doc>Writes the given ``text`` on the remote machine and appends a newline.</doc>
<msg timestamp="20231127 15:57:31.452" level="INFO">set_ticket_prefix WR</msg>
<status status="PASS" starttime="20231127 15:57:31.449" endtime="20231127 15:57:31.452"/>
</kw>
<kw name="Read Until Prompt" library="SSHLibrary">
<var>${output}</var>
<arg>loglevel=INFO</arg>
<arg>strip_prompt=True</arg>
<doc>Consumes and returns the server output until the prompt is found.</doc>
<msg timestamp="20231127 15:57:31.461" level="INFO">${output} = </msg>
<status status="PASS" starttime="20231127 15:57:31.453" endtime="20231127 15:57:31.461"/>
</kw>
<kw name="Log" library="BuiltIn">
<arg>${output}</arg>
<doc>Logs the given message with the given level.</doc>
<msg timestamp="20231127 15:57:31.462" level="INFO"/>
<status status="PASS" starttime="20231127 15:57:31.461" endtime="20231127 15:57:31.462"/>
</kw>
<kw name="Encode String To Bytes" library="String">
<var>${output}</var>
<arg>${output}</arg>
<arg>iso-8859-1</arg>
<doc>Encodes the given Unicode ``string`` to bytes using the given ``encoding``.</doc>
<msg timestamp="20231127 15:57:31.463" level="INFO">${output} = </msg>
<status status="PASS" starttime="20231127 15:57:31.462" endtime="20231127 15:57:31.463"/>
</kw>
<kw name="Decode Bytes To String" library="String">
<var>${output}</var>
<arg>${output}</arg>
<arg>UTF-8</arg>
<doc>Decodes the given ``bytes`` to a Unicode string using the given ``encoding``.</doc>
<msg timestamp="20231127 15:57:31.463" level="INFO">${output} = </msg>
<status status="PASS" starttime="20231127 15:57:31.463" endtime="20231127 15:57:31.464"/>
</kw>
<return>
<value>${output}</value>
<status status="PASS" starttime="20231127 15:57:31.464" endtime="20231127 15:57:31.464"/>
</return>
<status status="PASS" starttime="20231127 15:57:31.448" endtime="20231127 15:57:31.464"/>
</kw>
<kw name="Run ZH Cmd" library="cli_res">
<arg>auto_call_count 2</arg>
<kw name="Log" library="BuiltIn">
<arg>${cmd}</arg>
<doc>Logs the given message with the given level.</doc>
<msg timestamp="20231127 15:57:31.465" level="INFO">auto_call_count 2</msg>
<status status="PASS" starttime="20231127 15:57:31.465" endtime="20231127 15:57:31.466"/>
</kw>
<kw name="Write" library="SSHLibrary">
<arg>${cmd}</arg>
<doc>Writes the given ``text`` on the remote machine and appends a newline.</doc>
<msg timestamp="20231127 15:57:31.468" level="INFO">auto_call_count 2</msg>
<status status="PASS" starttime="20231127 15:57:31.466" endtime="20231127 15:57:31.468"/>
</kw>
<kw name="Read Until Prompt" library="SSHLibrary">
<var>${output}</var>
<arg>loglevel=INFO</arg>
<arg>strip_prompt=True</arg>
<doc>Consumes and returns the server output until the prompt is found.</doc>
<msg timestamp="20231127 15:57:31.476" level="INFO">${output} = </msg>
<status status="PASS" starttime="20231127 15:57:31.469" endtime="20231127 15:57:31.476"/>
</kw>
<kw name="Log" library="BuiltIn">
<arg>${output}</arg>
<doc>Logs the given message with the given level.</doc>
<msg timestamp="20231127 15:57:31.477" level="INFO"/>
<status status="PASS" starttime="20231127 15:57:31.477" endtime="20231127 15:57:31.477"/>
</kw>
<kw name="Encode String To Bytes" library="String">
<var>${output}</var>
<arg>${output}</arg>
<arg>iso-8859-1</arg>
<doc>Encodes the given Unicode ``string`` to bytes using the given ``encoding``.</doc>
<msg timestamp="20231127 15:57:31.478" level="INFO">${output} = </msg>
<status status="PASS" starttime="20231127 15:57:31.478" endtime="20231127 15:57:31.478"/>
</kw>
<kw name="Decode Bytes To String" library="String">
<var>${output}</var>
<arg>${output}</arg>
<arg>UTF-8</arg>
<doc>Decodes the given ``bytes`` to a Unicode string using the given ``encoding``.</doc>
<msg timestamp="20231127 15:57:31.479" level="INFO">${output} = </msg>
<status status="PASS" starttime="20231127 15:57:31.479" endtime="20231127 15:57:31.479"/>
</kw>
<return>
<value>${output}</value>
<status status="PASS" starttime="20231127 15:57:31.479" endtime="20231127 15:57:31.480"/>
</return>
<status status="PASS" starttime="20231127 15:57:31.465" endtime="20231127 15:57:31.480"/>
</kw>
<kw name="Run ZH Cmd" library="cli_res">
<arg>zczh</arg>
<kw name="Log" library="BuiltIn">
<arg>${cmd}</arg>
<doc>Logs the given message with the given level.</doc>
<msg timestamp="20231127 15:57:31.481" level="INFO">zczh</msg>
<status status="PASS" starttime="20231127 15:57:31.481" endtime="20231127 15:57:31.481"/>
</kw>
<kw name="Write" library="SSHLibrary">
<arg>${cmd}</arg>
<doc>Writes the given ``text`` on the remote machine and appends a newline.</doc>
<msg timestamp="20231127 15:57:31.484" level="INFO">zczh</msg>
<status status="PASS" starttime="20231127 15:57:31.481" endtime="20231127 15:57:31.484"/>
</kw>
<kw name="Read Until Prompt" library="SSHLibrary">
<var>${output}</var>
<arg>loglevel=INFO</arg>
<arg>strip_prompt=True</arg>
<doc>Consumes and returns the server output until the prompt is found.</doc>
<msg timestamp="20231127 15:57:31.485" level="INFO">${output} = </msg>
<status status="PASS" starttime="20231127 15:57:31.484" endtime="20231127 15:57:31.485"/>
</kw>
<kw name="Log" library="BuiltIn">
<arg>${output}</arg>
<doc>Logs the given message with the given level.</doc>
<msg timestamp="20231127 15:57:31.486" level="INFO"/>
<status status="PASS" starttime="20231127 15:57:31.485" endtime="20231127 15:57:31.486"/>
</kw>
<kw name="Encode String To Bytes" library="String">
<var>${output}</var>
<arg>${output}</arg>
<arg>iso-8859-1</arg>
<doc>Encodes the given Unicode ``string`` to bytes using the given ``encoding``.</doc>
<msg timestamp="20231127 15:57:31.487" level="INFO">${output} = </msg>
<status status="PASS" starttime="20231127 15:57:31.486" endtime="20231127 15:57:31.487"/>
</kw>
<kw name="Decode Bytes To String" library="String">
<var>${output}</var>
<arg>${output}</arg>
<arg>UTF-8</arg>
<doc>Decodes the given ``bytes`` to a Unicode string using the given ``encoding``.</doc>
<msg timestamp="20231127 15:57:31.488" level="INFO">${output} = </msg>
<status status="PASS" starttime="20231127 15:57:31.487" endtime="20231127 15:57:31.488"/>
</kw>
<return>
<value>${output}</value>
<status status="PASS" starttime="20231127 15:57:31.488" endtime="20231127 15:57:31.488"/>
</return>
<status status="PASS" starttime="20231127 15:57:31.480" endtime="20231127 15:57:31.488"/>
</kw>
<kw name="Run ZH Cmd" library="cli_res">
<arg>bdr</arg>
<kw name="Log" library="BuiltIn">
<arg>${cmd}</arg>
<doc>Logs the given message with the given level.</doc>
<msg timestamp="20231127 15:57:31.490" level="INFO">bdr</msg>
<status status="PASS" starttime="20231127 15:57:31.489" endtime="20231127 15:57:31.490"/>
</kw>
<kw name="Write" library="SSHLibrary">
<arg>${cmd}</arg>
<doc>Writes the given ``text`` on the remote machine and appends a newline.</doc>
<msg timestamp="20231127 15:57:31.493" level="INFO">bdr</msg>
<status status="PASS" starttime="20231127 15:57:31.490" endtime="20231127 15:57:31.493"/>
</kw>
<kw name="Read Until Prompt" library="SSHLibrary">
<var>${output}</var>
<arg>loglevel=INFO</arg>
<arg>strip_prompt=True</arg>
<doc>Consumes and returns the server output until the prompt is found.</doc>
<msg timestamp="20231127 15:57:31.623" level="INFO">rbac

zczh
device
add_set s 1
add_device 'bg' '-t s' '1' 's' back_gate
add_device 'fg' '-t s' '1' 's' front_gate
add_device 'bi' '-t s' '1' 's' back_id_reader
add_device 'fi' '-t s' '1' 's' front_id_reader
add_device 'bl' '-t s' '1' 's' back_led
add_device 'fl' '-t s' '1' 's' front_led
add_device 'bpc' '-t s' '1' 's' back_plate_cam
add_device 'fpc' '-t s' '1' 's' front_plate_cam
add_device 'fs' '-t s' '1' 's' back_speaker
add_device 'ss' '-t s' '1' 's' scale

zczh
rule
auto_call_count 2
set_zyzl_plugin http://192.168.0.11:5001 abc
set_ticket_prefix WR
zczh</msg>
<msg timestamp="20231127 15:57:31.623" level="INFO">${output} = rbac

zczh
device
add_set s 1
add_device 'bg' '-t s' '1' 's' back_gate
add_device 'fg' '-t s' '1' 's' front_gate
add_device 'bi' '-t s' '1' 's' back_id_reader
add_device 'fi' '-t s' '1' 's' fr...</msg>
<status status="PASS" starttime="20231127 15:57:31.494" endtime="20231127 15:57:31.623"/>
</kw>
<kw name="Log" library="BuiltIn">
<arg>${output}</arg>
<doc>Logs the given message with the given level.</doc>
<msg timestamp="20231127 15:57:31.624" level="INFO">rbac

zczh
device
add_set s 1
add_device 'bg' '-t s' '1' 's' back_gate
add_device 'fg' '-t s' '1' 's' front_gate
add_device 'bi' '-t s' '1' 's' back_id_reader
add_device 'fi' '-t s' '1' 's' front_id_reader
add_device 'bl' '-t s' '1' 's' back_led
add_device 'fl' '-t s' '1' 's' front_led
add_device 'bpc' '-t s' '1' 's' back_plate_cam
add_device 'fpc' '-t s' '1' 's' front_plate_cam
add_device 'fs' '-t s' '1' 's' back_speaker
add_device 'ss' '-t s' '1' 's' scale

zczh
rule
auto_call_count 2
set_zyzl_plugin http://192.168.0.11:5001 abc
set_ticket_prefix WR
zczh
</msg>
<status status="PASS" starttime="20231127 15:57:31.623" endtime="20231127 15:57:31.624"/>
</kw>
<kw name="Encode String To Bytes" library="String">
<var>${output}</var>
<arg>${output}</arg>
<arg>iso-8859-1</arg>
<doc>Encodes the given Unicode ``string`` to bytes using the given ``encoding``.</doc>
<msg timestamp="20231127 15:57:31.625" level="INFO">${output} = rbac

zczh
device
add_set s 1
add_device 'bg' '-t s' '1' 's' back_gate
add_device 'fg' '-t s' '1' 's' front_gate
add_device 'bi' '-t s' '1' 's' back_id_reader
add_device 'fi' '-t s' '1' 's' fr...</msg>
<status status="PASS" starttime="20231127 15:57:31.624" endtime="20231127 15:57:31.625"/>
</kw>
<kw name="Decode Bytes To String" library="String">
<var>${output}</var>
<arg>${output}</arg>
<arg>UTF-8</arg>
<doc>Decodes the given ``bytes`` to a Unicode string using the given ``encoding``.</doc>
<msg timestamp="20231127 15:57:31.625" level="INFO">${output} = rbac

zczh
device
add_set s 1
add_device 'bg' '-t s' '1' 's' back_gate
add_device 'fg' '-t s' '1' 's' front_gate
add_device 'bi' '-t s' '1' 's' back_id_reader
add_device 'fi' '-t s' '1' 's' fr...</msg>
<status status="PASS" starttime="20231127 15:57:31.625" endtime="20231127 15:57:31.626"/>
</kw>
<return>
<value>${output}</value>
<status status="PASS" starttime="20231127 15:57:31.626" endtime="20231127 15:57:31.626"/>
</return>
<status status="PASS" starttime="20231127 15:57:31.489" endtime="20231127 15:57:31.626"/>
</kw>
<kw name="Write" library="SSHLibrary">
<arg>reboot</arg>
<doc>Writes the given ``text`` on the remote machine and appends a newline.</doc>
<msg timestamp="20231127 15:57:31.629" level="INFO">reboot</msg>
<status status="PASS" starttime="20231127 15:57:31.626" endtime="20231127 15:57:31.629"/>
</kw>
<kw name="DisConnect" library="cli_res">
<kw name="Close Connection" library="SSHLibrary">
<doc>Closes the current connection.</doc>
<status status="PASS" starttime="20231127 15:57:31.630" endtime="20231127 15:57:31.630"/>
</kw>
<status status="PASS" starttime="20231127 15:57:31.629" endtime="20231127 15:57:31.630"/>
</kw>
<kw name="Sleep" library="BuiltIn">
<arg>4s</arg>
<doc>Pauses the test executed for the given time.</doc>
<msg timestamp="20231127 15:57:35.633" level="INFO">Slept 4 seconds</msg>
<status status="PASS" starttime="20231127 15:57:31.631" endtime="20231127 15:57:35.633"/>
</kw>
<kw name="Gate Close" library="dev_res">
<arg>${s_fgate}</arg>
<kw name="Get Dev ID by Name" library="dev_res">
<var>${dev_id}</var>
<arg>dev_name=${dev_name}</arg>
<kw name="Connect ZH" library="cli_res">
<kw name="Connect SH" library="cli_res">
<kw name="Open Connection" library="SSHLibrary">
<arg>localhost</arg>
<arg>prompt=REGEXP:.*[&gt;#]$</arg>
<arg>port=8222</arg>
<arg>escape_ansi=True</arg>
<arg>term_type=vt100</arg>
<arg>timeout=9s</arg>
<doc>Opens a new SSH connection to the given ``host`` and ``port``.</doc>
<status status="PASS" starttime="20231127 15:57:35.637" endtime="20231127 15:57:35.638"/>
</kw>
<kw name="Login" library="SSHLibrary">
<arg>root</arg>
<arg>P@ssw0rd</arg>
<doc>Logs into the SSH server with the given ``username`` and ``password``.</doc>
<msg timestamp="20231127 15:57:35.638" level="INFO">Logging into 'localhost:8222' as 'root'.</msg>
<msg timestamp="20231127 15:57:35.791" level="INFO">Read output: Welcome to Ubuntu 20.04.2 LTS (GNU/Linux 5.10.47-linuxkit x86_64)

 * Documentation:  https://help.ubuntu.com
 * Management:     https://landscape.canonical.com
 * Support:        https://ubuntu.com/advantage

This system has been minimized by removing packages and content that are
not required on a system that users do not log into.

To restore this content, you can run the 'unminimize' command.
Last login: Mon Nov 27 15:57:30 2023 from 172.17.0.1
root@6b5a48235c89:~#</msg>
<status status="PASS" starttime="20231127 15:57:35.638" endtime="20231127 15:57:35.791"/>
</kw>
<kw name="Write" library="SSHLibrary">
<arg>source ~/.bashrc</arg>
<doc>Writes the given ``text`` on the remote machine and appends a newline.</doc>
<msg timestamp="20231127 15:57:35.795" level="INFO">source ~/.bashrc</msg>
<status status="PASS" starttime="20231127 15:57:35.791" endtime="20231127 15:57:35.796"/>
</kw>
<kw name="Read Until Prompt" library="SSHLibrary">
<doc>Consumes and returns the server output until the prompt is found.</doc>
<msg timestamp="20231127 15:57:35.803" level="INFO">root@6b5a48235c89:~#</msg>
<status status="PASS" starttime="20231127 15:57:35.796" endtime="20231127 15:57:35.804"/>
</kw>
<status status="PASS" starttime="20231127 15:57:35.636" endtime="20231127 15:57:35.804"/>
</kw>
<kw name="Run ZH Cmd" library="cli_res">
<arg>zh_cli -d</arg>
<kw name="Log" library="BuiltIn">
<arg>${cmd}</arg>
<doc>Logs the given message with the given level.</doc>
<msg timestamp="20231127 15:57:35.805" level="INFO">zh_cli -d</msg>
<status status="PASS" starttime="20231127 15:57:35.805" endtime="20231127 15:57:35.805"/>
</kw>
<kw name="Write" library="SSHLibrary">
<arg>${cmd}</arg>
<doc>Writes the given ``text`` on the remote machine and appends a newline.</doc>
<msg timestamp="20231127 15:57:35.808" level="INFO">zh_cli -d</msg>
<status status="PASS" starttime="20231127 15:57:35.805" endtime="20231127 15:57:35.808"/>
</kw>
<kw name="Read Until Prompt" library="SSHLibrary">
<var>${output}</var>
<arg>loglevel=INFO</arg>
<arg>strip_prompt=True</arg>
<doc>Consumes and returns the server output until the prompt is found.</doc>
<msg timestamp="20231127 15:57:35.812" level="INFO">${output} = </msg>
<status status="PASS" starttime="20231127 15:57:35.808" endtime="20231127 15:57:35.812"/>
</kw>
<kw name="Log" library="BuiltIn">
<arg>${output}</arg>
<doc>Logs the given message with the given level.</doc>
<msg timestamp="20231127 15:57:35.813" level="INFO"/>
<status status="PASS" starttime="20231127 15:57:35.813" endtime="20231127 15:57:35.813"/>
</kw>
<kw name="Encode String To Bytes" library="String">
<var>${output}</var>
<arg>${output}</arg>
<arg>iso-8859-1</arg>
<doc>Encodes the given Unicode ``string`` to bytes using the given ``encoding``.</doc>
<msg timestamp="20231127 15:57:35.814" level="INFO">${output} = </msg>
<status status="PASS" starttime="20231127 15:57:35.813" endtime="20231127 15:57:35.814"/>
</kw>
<kw name="Decode Bytes To String" library="String">
<var>${output}</var>
<arg>${output}</arg>
<arg>UTF-8</arg>
<doc>Decodes the given ``bytes`` to a Unicode string using the given ``encoding``.</doc>
<msg timestamp="20231127 15:57:35.815" level="INFO">${output} = </msg>
<status status="PASS" starttime="20231127 15:57:35.814" endtime="20231127 15:57:35.815"/>
</kw>
<return>
<value>${output}</value>
<status status="PASS" starttime="20231127 15:57:35.815" endtime="20231127 15:57:35.816"/>
</return>
<status status="PASS" starttime="20231127 15:57:35.804" endtime="20231127 15:57:35.816"/>
</kw>
<status status="PASS" starttime="20231127 15:57:35.636" endtime="20231127 15:57:35.816"/>
</kw>
<kw name="Run ZH Cmd" library="cli_res">
<arg>device</arg>
<kw name="Log" library="BuiltIn">
<arg>${cmd}</arg>
<doc>Logs the given message with the given level.</doc>
<msg timestamp="20231127 15:57:35.817" level="INFO">device</msg>
<status status="PASS" starttime="20231127 15:57:35.817" endtime="20231127 15:57:35.817"/>
</kw>
<kw name="Write" library="SSHLibrary">
<arg>${cmd}</arg>
<doc>Writes the given ``text`` on the remote machine and appends a newline.</doc>
<msg timestamp="20231127 15:57:35.820" level="INFO">device</msg>
<status status="PASS" starttime="20231127 15:57:35.818" endtime="20231127 15:57:35.820"/>
</kw>
<kw name="Read Until Prompt" library="SSHLibrary">
<var>${output}</var>
<arg>loglevel=INFO</arg>
<arg>strip_prompt=True</arg>
<doc>Consumes and returns the server output until the prompt is found.</doc>
<msg timestamp="20231127 15:57:35.821" level="INFO">${output} = </msg>
<status status="PASS" starttime="20231127 15:57:35.820" endtime="20231127 15:57:35.821"/>
</kw>
<kw name="Log" library="BuiltIn">
<arg>${output}</arg>
<doc>Logs the given message with the given level.</doc>
<msg timestamp="20231127 15:57:35.822" level="INFO"/>
<status status="PASS" starttime="20231127 15:57:35.821" endtime="20231127 15:57:35.822"/>
</kw>
<kw name="Encode String To Bytes" library="String">
<var>${output}</var>
<arg>${output}</arg>
<arg>iso-8859-1</arg>
<doc>Encodes the given Unicode ``string`` to bytes using the given ``encoding``.</doc>
<msg timestamp="20231127 15:57:35.823" level="INFO">${output} = </msg>
<status status="PASS" starttime="20231127 15:57:35.822" endtime="20231127 15:57:35.823"/>
</kw>
<kw name="Decode Bytes To String" library="String">
<var>${output}</var>
<arg>${output}</arg>
<arg>UTF-8</arg>
<doc>Decodes the given ``bytes`` to a Unicode string using the given ``encoding``.</doc>
<msg timestamp="20231127 15:57:35.824" level="INFO">${output} = </msg>
<status status="PASS" starttime="20231127 15:57:35.823" endtime="20231127 15:57:35.824"/>
</kw>
<return>
<value>${output}</value>
<status status="PASS" starttime="20231127 15:57:35.824" endtime="20231127 15:57:35.824"/>
</return>
<status status="PASS" starttime="20231127 15:57:35.816" endtime="20231127 15:57:35.824"/>
</kw>
<kw name="Run ZH Cmd" library="cli_res">
<var>${all_dev_out}</var>
<arg>show_device_scale</arg>
<kw name="Log" library="BuiltIn">
<arg>${cmd}</arg>
<doc>Logs the given message with the given level.</doc>
<msg timestamp="20231127 15:57:35.825" level="INFO">show_device_scale</msg>
<status status="PASS" starttime="20231127 15:57:35.825" endtime="20231127 15:57:35.826"/>
</kw>
<kw name="Write" library="SSHLibrary">
<arg>${cmd}</arg>
<doc>Writes the given ``text`` on the remote machine and appends a newline.</doc>
<msg timestamp="20231127 15:57:35.828" level="INFO">show_device_scale</msg>
<status status="PASS" starttime="20231127 15:57:35.826" endtime="20231127 15:57:35.828"/>
</kw>
<kw name="Read Until Prompt" library="SSHLibrary">
<var>${output}</var>
<arg>loglevel=INFO</arg>
<arg>strip_prompt=True</arg>
<doc>Consumes and returns the server output until the prompt is found.</doc>
<msg timestamp="20231127 15:57:36.408" level="INFO">+----+------+---------+
| ID | name | devices |
+----+------+---------+
| 17 | s    | 161:fpc |
|    |      | 162:bpc |
|    |      | 163:fl  |
|    |      | 164:bl  |
|    |      | 167:fs  |
|    |      | 168:fg  |
|    |      | 169:bg  |
|    |      | 165:fi  |
|    |      | 166:bi  |
|    |      | 170:ss  |
+----+------+---------+</msg>
<msg timestamp="20231127 15:57:36.408" level="INFO">${output} = +----+------+---------+
| ID | name | devices |
+----+------+---------+
| 17 | s    | 161:fpc |
|    |      | 162:bpc |
|    |      | 163:fl  |
|    |      | 164:bl  |
|    |      | 167:fs  |
...</msg>
<status status="PASS" starttime="20231127 15:57:35.828" endtime="20231127 15:57:36.408"/>
</kw>
<kw name="Log" library="BuiltIn">
<arg>${output}</arg>
<doc>Logs the given message with the given level.</doc>
<msg timestamp="20231127 15:57:36.409" level="INFO">+----+------+---------+
| ID | name | devices |
+----+------+---------+
| 17 | s    | 161:fpc |
|    |      | 162:bpc |
|    |      | 163:fl  |
|    |      | 164:bl  |
|    |      | 167:fs  |
|    |      | 168:fg  |
|    |      | 169:bg  |
|    |      | 165:fi  |
|    |      | 166:bi  |
|    |      | 170:ss  |
+----+------+---------+
</msg>
<status status="PASS" starttime="20231127 15:57:36.409" endtime="20231127 15:57:36.409"/>
</kw>
<kw name="Encode String To Bytes" library="String">
<var>${output}</var>
<arg>${output}</arg>
<arg>iso-8859-1</arg>
<doc>Encodes the given Unicode ``string`` to bytes using the given ``encoding``.</doc>
<msg timestamp="20231127 15:57:36.410" level="INFO">${output} = +----+------+---------+
| ID | name | devices |
+----+------+---------+
| 17 | s    | 161:fpc |
|    |      | 162:bpc |
|    |      | 163:fl  |
|    |      | 164:bl  |
|    |      | 167:fs  |
...</msg>
<status status="PASS" starttime="20231127 15:57:36.409" endtime="20231127 15:57:36.410"/>
</kw>
<kw name="Decode Bytes To String" library="String">
<var>${output}</var>
<arg>${output}</arg>
<arg>UTF-8</arg>
<doc>Decodes the given ``bytes`` to a Unicode string using the given ``encoding``.</doc>
<msg timestamp="20231127 15:57:36.410" level="INFO">${output} = +----+------+---------+
| ID | name | devices |
+----+------+---------+
| 17 | s    | 161:fpc |
|    |      | 162:bpc |
|    |      | 163:fl  |
|    |      | 164:bl  |
|    |      | 167:fs  |
...</msg>
<status status="PASS" starttime="20231127 15:57:36.410" endtime="20231127 15:57:36.410"/>
</kw>
<return>
<value>${output}</value>
<status status="PASS" starttime="20231127 15:57:36.411" endtime="20231127 15:57:36.411"/>
</return>
<msg timestamp="20231127 15:57:36.411" level="INFO">${all_dev_out} = +----+------+---------+
| ID | name | devices |
+----+------+---------+
| 17 | s    | 161:fpc |
|    |      | 162:bpc |
|    |      | 163:fl  |
|    |      | 164:bl  |
|    |      | 167:fs  |
...</msg>
<status status="PASS" starttime="20231127 15:57:35.824" endtime="20231127 15:57:36.411"/>
</kw>
<kw name="Get Lines Containing String" library="String">
<var>${lines}</var>
<arg>${all_dev_out}</arg>
<arg>${dev_name}</arg>
<doc>Returns lines of the given ``string`` that contain the ``pattern``.</doc>
<msg timestamp="20231127 15:57:36.412" level="INFO">1 out of 14 lines matched</msg>
<msg timestamp="20231127 15:57:36.412" level="INFO">${lines} = |    |      | 168:fg  |</msg>
<status status="PASS" starttime="20231127 15:57:36.411" endtime="20231127 15:57:36.412"/>
</kw>
<kw name="Get Line" library="String">
<var>${line}</var>
<arg>${lines}</arg>
<arg>0</arg>
<doc>Returns the specified line from the given ``string``.</doc>
<msg timestamp="20231127 15:57:36.412" level="INFO">${line} = |    |      | 168:fg  |</msg>
<status status="PASS" starttime="20231127 15:57:36.412" endtime="20231127 15:57:36.413"/>
</kw>
<kw name="Split String" library="String">
<var>${line_array}</var>
<arg>${line}</arg>
<arg>:</arg>
<doc>Splits the ``string`` using ``separator`` as a delimiter string.</doc>
<msg timestamp="20231127 15:57:36.413" level="INFO">${line_array} = ['|    |      | 168', 'fg  |']</msg>
<status status="PASS" starttime="20231127 15:57:36.413" endtime="20231127 15:57:36.414"/>
</kw>
<kw name="Split String From Right" library="String">
<var>${dev_name_array}</var>
<arg>${line_array[0]}</arg>
<doc>Splits the ``string`` using ``separator`` starting from right.</doc>
<msg timestamp="20231127 15:57:36.415" level="INFO">${dev_name_array} = ['|', '|', '|', '168']</msg>
<status status="PASS" starttime="20231127 15:57:36.414" endtime="20231127 15:57:36.415"/>
</kw>
<kw name="Set Variable" library="BuiltIn">
<var>${dev_id}</var>
<arg>${dev_name_array[-1]}</arg>
<doc>Returns the given values which can then be assigned to a variables.</doc>
<msg timestamp="20231127 15:57:36.416" level="INFO">${dev_id} = 168</msg>
<status status="PASS" starttime="20231127 15:57:36.415" endtime="20231127 15:57:36.416"/>
</kw>
<kw name="DisConnect" library="cli_res">
<kw name="Close Connection" library="SSHLibrary">
<doc>Closes the current connection.</doc>
<status status="PASS" starttime="20231127 15:57:36.416" endtime="20231127 15:57:36.417"/>
</kw>
<status status="PASS" starttime="20231127 15:57:36.416" endtime="20231127 15:57:36.417"/>
</kw>
<return>
<value>${dev_id}</value>
<status status="PASS" starttime="20231127 15:57:36.417" endtime="20231127 15:57:36.418"/>
</return>
<msg timestamp="20231127 15:57:36.418" level="INFO">${dev_id} = 168</msg>
<status status="PASS" starttime="20231127 15:57:35.635" endtime="20231127 15:57:36.419"/>
</kw>
<kw name="Connect ZH" library="cli_res">
<kw name="Connect SH" library="cli_res">
<kw name="Open Connection" library="SSHLibrary">
<arg>localhost</arg>
<arg>prompt=REGEXP:.*[&gt;#]$</arg>
<arg>port=8222</arg>
<arg>escape_ansi=True</arg>
<arg>term_type=vt100</arg>
<arg>timeout=9s</arg>
<doc>Opens a new SSH connection to the given ``host`` and ``port``.</doc>
<status status="PASS" starttime="20231127 15:57:36.422" endtime="20231127 15:57:36.423"/>
</kw>
<kw name="Login" library="SSHLibrary">
<arg>root</arg>
<arg>P@ssw0rd</arg>
<doc>Logs into the SSH server with the given ``username`` and ``password``.</doc>
<msg timestamp="20231127 15:57:36.423" level="INFO">Logging into 'localhost:8222' as 'root'.</msg>
<msg timestamp="20231127 15:57:36.577" level="INFO">Read output: Welcome to Ubuntu 20.04.2 LTS (GNU/Linux 5.10.47-linuxkit x86_64)

 * Documentation:  https://help.ubuntu.com
 * Management:     https://landscape.canonical.com
 * Support:        https://ubuntu.com/advantage

This system has been minimized by removing packages and content that are
not required on a system that users do not log into.

To restore this content, you can run the 'unminimize' command.
Last login: Mon Nov 27 15:57:35 2023 from 172.17.0.1
root@6b5a48235c89:~#</msg>
<status status="PASS" starttime="20231127 15:57:36.423" endtime="20231127 15:57:36.577"/>
</kw>
<kw name="Write" library="SSHLibrary">
<arg>source ~/.bashrc</arg>
<doc>Writes the given ``text`` on the remote machine and appends a newline.</doc>
<msg timestamp="20231127 15:57:36.581" level="INFO">source ~/.bashrc</msg>
<status status="PASS" starttime="20231127 15:57:36.577" endtime="20231127 15:57:36.582"/>
</kw>
<kw name="Read Until Prompt" library="SSHLibrary">
<doc>Consumes and returns the server output until the prompt is found.</doc>
<msg timestamp="20231127 15:57:36.588" level="INFO">root@6b5a48235c89:~#</msg>
<status status="PASS" starttime="20231127 15:57:36.582" endtime="20231127 15:57:36.589"/>
</kw>
<status status="PASS" starttime="20231127 15:57:36.420" endtime="20231127 15:57:36.589"/>
</kw>
<kw name="Run ZH Cmd" library="cli_res">
<arg>zh_cli -d</arg>
<kw name="Log" library="BuiltIn">
<arg>${cmd}</arg>
<doc>Logs the given message with the given level.</doc>
<msg timestamp="20231127 15:57:36.590" level="INFO">zh_cli -d</msg>
<status status="PASS" starttime="20231127 15:57:36.590" endtime="20231127 15:57:36.590"/>
</kw>
<kw name="Write" library="SSHLibrary">
<arg>${cmd}</arg>
<doc>Writes the given ``text`` on the remote machine and appends a newline.</doc>
<msg timestamp="20231127 15:57:36.593" level="INFO">zh_cli -d</msg>
<status status="PASS" starttime="20231127 15:57:36.590" endtime="20231127 15:57:36.593"/>
</kw>
<kw name="Read Until Prompt" library="SSHLibrary">
<var>${output}</var>
<arg>loglevel=INFO</arg>
<arg>strip_prompt=True</arg>
<doc>Consumes and returns the server output until the prompt is found.</doc>
<msg timestamp="20231127 15:57:36.598" level="INFO">${output} = </msg>
<status status="PASS" starttime="20231127 15:57:36.594" endtime="20231127 15:57:36.598"/>
</kw>
<kw name="Log" library="BuiltIn">
<arg>${output}</arg>
<doc>Logs the given message with the given level.</doc>
<msg timestamp="20231127 15:57:36.599" level="INFO"/>
<status status="PASS" starttime="20231127 15:57:36.599" endtime="20231127 15:57:36.599"/>
</kw>
<kw name="Encode String To Bytes" library="String">
<var>${output}</var>
<arg>${output}</arg>
<arg>iso-8859-1</arg>
<doc>Encodes the given Unicode ``string`` to bytes using the given ``encoding``.</doc>
<msg timestamp="20231127 15:57:36.600" level="INFO">${output} = </msg>
<status status="PASS" starttime="20231127 15:57:36.600" endtime="20231127 15:57:36.600"/>
</kw>
<kw name="Decode Bytes To String" library="String">
<var>${output}</var>
<arg>${output}</arg>
<arg>UTF-8</arg>
<doc>Decodes the given ``bytes`` to a Unicode string using the given ``encoding``.</doc>
<msg timestamp="20231127 15:57:36.601" level="INFO">${output} = </msg>
<status status="PASS" starttime="20231127 15:57:36.601" endtime="20231127 15:57:36.601"/>
</kw>
<return>
<value>${output}</value>
<status status="PASS" starttime="20231127 15:57:36.601" endtime="20231127 15:57:36.601"/>
</return>
<status status="PASS" starttime="20231127 15:57:36.589" endtime="20231127 15:57:36.602"/>
</kw>
<status status="PASS" starttime="20231127 15:57:36.419" endtime="20231127 15:57:36.602"/>
</kw>
<kw name="Run ZH Cmd" library="cli_res">
<arg>device</arg>
<kw name="Log" library="BuiltIn">
<arg>${cmd}</arg>
<doc>Logs the given message with the given level.</doc>
<msg timestamp="20231127 15:57:36.603" level="INFO">device</msg>
<status status="PASS" starttime="20231127 15:57:36.602" endtime="20231127 15:57:36.603"/>
</kw>
<kw name="Write" library="SSHLibrary">
<arg>${cmd}</arg>
<doc>Writes the given ``text`` on the remote machine and appends a newline.</doc>
<msg timestamp="20231127 15:57:36.605" level="INFO">device</msg>
<status status="PASS" starttime="20231127 15:57:36.603" endtime="20231127 15:57:36.606"/>
</kw>
<kw name="Read Until Prompt" library="SSHLibrary">
<var>${output}</var>
<arg>loglevel=INFO</arg>
<arg>strip_prompt=True</arg>
<doc>Consumes and returns the server output until the prompt is found.</doc>
<msg timestamp="20231127 15:57:36.607" level="INFO">${output} = </msg>
<status status="PASS" starttime="20231127 15:57:36.606" endtime="20231127 15:57:36.607"/>
</kw>
<kw name="Log" library="BuiltIn">
<arg>${output}</arg>
<doc>Logs the given message with the given level.</doc>
<msg timestamp="20231127 15:57:36.608" level="INFO"/>
<status status="PASS" starttime="20231127 15:57:36.607" endtime="20231127 15:57:36.608"/>
</kw>
<kw name="Encode String To Bytes" library="String">
<var>${output}</var>
<arg>${output}</arg>
<arg>iso-8859-1</arg>
<doc>Encodes the given Unicode ``string`` to bytes using the given ``encoding``.</doc>
<msg timestamp="20231127 15:57:36.609" level="INFO">${output} = </msg>
<status status="PASS" starttime="20231127 15:57:36.608" endtime="20231127 15:57:36.609"/>
</kw>
<kw name="Decode Bytes To String" library="String">
<var>${output}</var>
<arg>${output}</arg>
<arg>UTF-8</arg>
<doc>Decodes the given ``bytes`` to a Unicode string using the given ``encoding``.</doc>
<msg timestamp="20231127 15:57:36.609" level="INFO">${output} = </msg>
<status status="PASS" starttime="20231127 15:57:36.609" endtime="20231127 15:57:36.609"/>
</kw>
<return>
<value>${output}</value>
<status status="PASS" starttime="20231127 15:57:36.610" endtime="20231127 15:57:36.610"/>
</return>
<status status="PASS" starttime="20231127 15:57:36.602" endtime="20231127 15:57:36.610"/>
</kw>
<kw name="Run ZH Cmd" library="cli_res">
<arg>mock_device_action ${dev_id} gate</arg>
<kw name="Log" library="BuiltIn">
<arg>${cmd}</arg>
<doc>Logs the given message with the given level.</doc>
<msg timestamp="20231127 15:57:36.611" level="INFO">mock_device_action 168 gate</msg>
<status status="PASS" starttime="20231127 15:57:36.611" endtime="20231127 15:57:36.611"/>
</kw>
<kw name="Write" library="SSHLibrary">
<arg>${cmd}</arg>
<doc>Writes the given ``text`` on the remote machine and appends a newline.</doc>
<msg timestamp="20231127 15:57:36.614" level="INFO">mock_device_action 168 gate</msg>
<status status="PASS" starttime="20231127 15:57:36.612" endtime="20231127 15:57:36.614"/>
</kw>
<kw name="Read Until Prompt" library="SSHLibrary">
<var>${output}</var>
<arg>loglevel=INFO</arg>
<arg>strip_prompt=True</arg>
<doc>Consumes and returns the server output until the prompt is found.</doc>
<msg timestamp="20231127 15:57:36.624" level="INFO">${output} = </msg>
<status status="PASS" starttime="20231127 15:57:36.614" endtime="20231127 15:57:36.624"/>
</kw>
<kw name="Log" library="BuiltIn">
<arg>${output}</arg>
<doc>Logs the given message with the given level.</doc>
<msg timestamp="20231127 15:57:36.625" level="INFO"/>
<status status="PASS" starttime="20231127 15:57:36.624" endtime="20231127 15:57:36.625"/>
</kw>
<kw name="Encode String To Bytes" library="String">
<var>${output}</var>
<arg>${output}</arg>
<arg>iso-8859-1</arg>
<doc>Encodes the given Unicode ``string`` to bytes using the given ``encoding``.</doc>
<msg timestamp="20231127 15:57:36.625" level="INFO">${output} = </msg>
<status status="PASS" starttime="20231127 15:57:36.625" endtime="20231127 15:57:36.626"/>
</kw>
<kw name="Decode Bytes To String" library="String">
<var>${output}</var>
<arg>${output}</arg>
<arg>UTF-8</arg>
<doc>Decodes the given ``bytes`` to a Unicode string using the given ``encoding``.</doc>
<msg timestamp="20231127 15:57:36.627" level="INFO">${output} = </msg>
<status status="PASS" starttime="20231127 15:57:36.626" endtime="20231127 15:57:36.627"/>
</kw>
<return>
<value>${output}</value>
<status status="PASS" starttime="20231127 15:57:36.627" endtime="20231127 15:57:36.627"/>
</return>
<status status="PASS" starttime="20231127 15:57:36.610" endtime="20231127 15:57:36.627"/>
</kw>
<kw name="DisConnect" library="cli_res">
<kw name="Close Connection" library="SSHLibrary">
<doc>Closes the current connection.</doc>
<status status="PASS" starttime="20231127 15:57:36.628" endtime="20231127 15:57:36.628"/>
</kw>
<status status="PASS" starttime="20231127 15:57:36.628" endtime="20231127 15:57:36.629"/>
</kw>
<status status="PASS" starttime="20231127 15:57:35.634" endtime="20231127 15:57:36.629"/>
</kw>
<kw name="Gate Close" library="dev_res">
<arg>${s_bgate}</arg>
<kw name="Get Dev ID by Name" library="dev_res">
<var>${dev_id}</var>
<arg>dev_name=${dev_name}</arg>
<kw name="Connect ZH" library="cli_res">
<kw name="Connect SH" library="cli_res">
<kw name="Open Connection" library="SSHLibrary">
<arg>localhost</arg>
<arg>prompt=REGEXP:.*[&gt;#]$</arg>
<arg>port=8222</arg>
<arg>escape_ansi=True</arg>
<arg>term_type=vt100</arg>
<arg>timeout=9s</arg>
<doc>Opens a new SSH connection to the given ``host`` and ``port``.</doc>
<status status="PASS" starttime="20231127 15:57:36.631" endtime="20231127 15:57:36.631"/>
</kw>
<kw name="Login" library="SSHLibrary">
<arg>root</arg>
<arg>P@ssw0rd</arg>
<doc>Logs into the SSH server with the given ``username`` and ``password``.</doc>
<msg timestamp="20231127 15:57:36.632" level="INFO">Logging into 'localhost:8222' as 'root'.</msg>
<msg timestamp="20231127 15:57:36.776" level="INFO">Read output: Welcome to Ubuntu 20.04.2 LTS (GNU/Linux 5.10.47-linuxkit x86_64)

 * Documentation:  https://help.ubuntu.com
 * Management:     https://landscape.canonical.com
 * Support:        https://ubuntu.com/advantage

This system has been minimized by removing packages and content that are
not required on a system that users do not log into.

To restore this content, you can run the 'unminimize' command.
Last login: Mon Nov 27 15:57:36 2023 from 172.17.0.1
root@6b5a48235c89:~#</msg>
<status status="PASS" starttime="20231127 15:57:36.632" endtime="20231127 15:57:36.777"/>
</kw>
<kw name="Write" library="SSHLibrary">
<arg>source ~/.bashrc</arg>
<doc>Writes the given ``text`` on the remote machine and appends a newline.</doc>
<msg timestamp="20231127 15:57:36.781" level="INFO">source ~/.bashrc</msg>
<status status="PASS" starttime="20231127 15:57:36.777" endtime="20231127 15:57:36.781"/>
</kw>
<kw name="Read Until Prompt" library="SSHLibrary">
<doc>Consumes and returns the server output until the prompt is found.</doc>
<msg timestamp="20231127 15:57:36.788" level="INFO">root@6b5a48235c89:~#</msg>
<status status="PASS" starttime="20231127 15:57:36.781" endtime="20231127 15:57:36.788"/>
</kw>
<status status="PASS" starttime="20231127 15:57:36.630" endtime="20231127 15:57:36.788"/>
</kw>
<kw name="Run ZH Cmd" library="cli_res">
<arg>zh_cli -d</arg>
<kw name="Log" library="BuiltIn">
<arg>${cmd}</arg>
<doc>Logs the given message with the given level.</doc>
<msg timestamp="20231127 15:57:36.789" level="INFO">zh_cli -d</msg>
<status status="PASS" starttime="20231127 15:57:36.789" endtime="20231127 15:57:36.789"/>
</kw>
<kw name="Write" library="SSHLibrary">
<arg>${cmd}</arg>
<doc>Writes the given ``text`` on the remote machine and appends a newline.</doc>
<msg timestamp="20231127 15:57:36.792" level="INFO">zh_cli -d</msg>
<status status="PASS" starttime="20231127 15:57:36.790" endtime="20231127 15:57:36.792"/>
</kw>
<kw name="Read Until Prompt" library="SSHLibrary">
<var>${output}</var>
<arg>loglevel=INFO</arg>
<arg>strip_prompt=True</arg>
<doc>Consumes and returns the server output until the prompt is found.</doc>
<msg timestamp="20231127 15:57:36.797" level="INFO">${output} = </msg>
<status status="PASS" starttime="20231127 15:57:36.793" endtime="20231127 15:57:36.797"/>
</kw>
<kw name="Log" library="BuiltIn">
<arg>${output}</arg>
<doc>Logs the given message with the given level.</doc>
<msg timestamp="20231127 15:57:36.798" level="INFO"/>
<status status="PASS" starttime="20231127 15:57:36.797" endtime="20231127 15:57:36.798"/>
</kw>
<kw name="Encode String To Bytes" library="String">
<var>${output}</var>
<arg>${output}</arg>
[...]
<kw name="Create Dictionary" library="BuiltIn">
<var>${del_req}</var>
<arg>order_number=${order_id}</arg>
<doc>Creates and returns a dictionary based on the given ``items``.</doc>
<msg timestamp="20231127 15:59:04.824" level="INFO">${del_req} = {'order_number': '1701071858109'}</msg>
<status status="PASS" starttime="20231127 15:59:04.824" endtime="20231127 15:59:04.824"/>
</kw>
<kw name="POST to Server Success" library="rest_res">
<arg>/order/del</arg>
<arg>${del_req}</arg>
<kw name="Auth Api With Max Pri" library="rest_res">
<if>
<branch type="IF" condition="$token == ''">
<kw name="Get Max Pri User" library="cli_res">
<var>${user_phone}</var>
<var>${user_pwd}</var>
<status status="NOT RUN" starttime="20231127 15:59:04.827" endtime="20231127 15:59:04.827"/>
</kw>
<kw name="Create Dictionary" library="BuiltIn">
<var>${login_data}</var>
<arg>phone=${user_phone}</arg>
<arg>pwd=${user_pwd}</arg>
<doc>Creates and returns a dictionary based on the given ``items``.</doc>
<status status="NOT RUN" starttime="20231127 15:59:04.827" endtime="20231127 15:59:04.827"/>
</kw>
<kw name="POST to Server Try" library="rest_res">
<var>${login_resp}</var>
<arg>/login</arg>
<arg>${login_data}</arg>
<status status="NOT RUN" starttime="20231127 15:59:04.828" endtime="20231127 15:59:04.828"/>
</kw>
<kw name="Set Variable" library="BuiltIn">
<var>${login_msg}</var>
<arg>${login_resp.json()}[err_msg]</arg>
<doc>Returns the given values which can then be assigned to a variables.</doc>
<status status="NOT RUN" starttime="20231127 15:59:04.828" endtime="20231127 15:59:04.828"/>
</kw>
<if>
<branch type="IF" condition="$login_msg != ''">
<kw name="Create Max Pri User" library="cli_res">
<status status="NOT RUN" starttime="20231127 15:59:04.829" endtime="20231127 15:59:04.829"/>
</kw>
<kw name="POST to Server Try" library="rest_res">
<var>${login_resp}</var>
<arg>/login</arg>
<arg>${login_data}</arg>
<status status="NOT RUN" starttime="20231127 15:59:04.829" endtime="20231127 15:59:04.829"/>
</kw>
<status status="NOT RUN" starttime="20231127 15:59:04.828" endtime="20231127 15:59:04.829"/>
</branch>
<status status="NOT RUN" starttime="20231127 15:59:04.828" endtime="20231127 15:59:04.829"/>
</if>
<kw name="Set Variable" library="BuiltIn">
<var>${token_resp}</var>
<arg>${login_resp.json()}[result]</arg>
<doc>Returns the given values which can then be assigned to a variables.</doc>
<status status="NOT RUN" starttime="20231127 15:59:04.830" endtime="20231127 15:59:04.830"/>
</kw>
<kw name="Set Suite Variable" library="BuiltIn">
<arg>${token}</arg>
<arg>${token_resp}</arg>
<doc>Makes a variable available everywhere within the scope of the current suite.</doc>
<status status="NOT RUN" starttime="20231127 15:59:04.830" endtime="20231127 15:59:04.830"/>
</kw>
<status status="NOT RUN" starttime="20231127 15:59:04.826" endtime="20231127 15:59:04.830"/>
</branch>
<status status="PASS" starttime="20231127 15:59:04.826" endtime="20231127 15:59:04.830"/>
</if>
<status status="PASS" starttime="20231127 15:59:04.825" endtime="20231127 15:59:04.831"/>
</kw>
<kw name="POST to Server Try" library="rest_res">
<var>${resp}</var>
<arg>${url}</arg>
<arg>${req_dic}</arg>
<kw name="Create Dictionary" library="BuiltIn">
<var>${header}</var>
<arg>token=${token}</arg>
<doc>Creates and returns a dictionary based on the given ``items``.</doc>
<msg timestamp="20231127 15:59:04.832" level="INFO">${header} = {'token': '6562763668CC4E93AAFB5CB148CD3984'}</msg>
<status status="PASS" starttime="20231127 15:59:04.831" endtime="20231127 15:59:04.832"/>
</kw>
<kw name="Create Dictionary" library="BuiltIn">
<var>${emp_json}</var>
<doc>Creates and returns a dictionary based on the given ``items``.</doc>
<msg timestamp="20231127 15:59:04.833" level="INFO">${emp_json} = {}</msg>
<status status="PASS" starttime="20231127 15:59:04.832" endtime="20231127 15:59:04.833"/>
</kw>
<kw name="Get Length" library="BuiltIn">
<var>${req_len}</var>
<arg>${req_dic}</arg>
<doc>Returns and logs the length of the given item as an integer.</doc>
<msg timestamp="20231127 15:59:04.834" level="INFO">Length is 1</msg>
<msg timestamp="20231127 15:59:04.834" level="INFO">${req_len} = 1</msg>
<status status="PASS" starttime="20231127 15:59:04.833" endtime="20231127 15:59:04.834"/>
</kw>
<kw name="Set Variable If" library="BuiltIn">
<var>${req_json}</var>
<arg>${req_len} == 0</arg>
<arg>${emp_json}</arg>
<arg>${req_dic}</arg>
<doc>Sets variable based on the given condition.</doc>
<msg timestamp="20231127 15:59:04.835" level="INFO">${req_json} = {'order_number': '1701071858109'}</msg>
<status status="PASS" starttime="20231127 15:59:04.834" endtime="20231127 15:59:04.835"/>
</kw>
<kw name="POST" library="RequestsLibrary">
<var>${resp}</var>
<arg>url=${BASE_URL}${url}</arg>
<arg>json=${req_json}</arg>
<arg>headers=${header}</arg>
<doc>Sends a POST request.</doc>
<msg timestamp="20231127 15:59:04.870" level="INFO">POST Request : url=http://localhost:31700/api/order/del 
 path_url=/api/order/del 
 headers={'User-Agent': 'python-requests/2.31.0', 'Accept-Encoding': 'gzip, deflate', 'Accept': '*/*', 'Connection': 'keep-alive', 'token': '6562763668CC4E93AAFB5CB148CD3984', 'Content-Length': '33', 'Content-Type': 'application/json'} 
 body=b'{"order_number": "1701071858109"}' 
 </msg>
<msg timestamp="20231127 15:59:04.870" level="INFO">POST Response : url=http://localhost:31700/api/order/del 
 status=200, reason=OK 
 headers={'Server': 'nginx/1.18.0 (Ubuntu)', 'Date': 'Mon, 27 Nov 2023 07:59:04 GMT', 'Content-Type': 'application/json; charset=utf-8', 'Content-Length': '28', 'Connection': 'keep-alive', 'X-Powered-By': 'Express', 'ETag': 'W/"1c-stdsPPIu34FoALg9qV0iGdRzCQ4"', 'Access-Control-Allow-Headers': 'Authorization,Content-Type,Accept,Origin,User-Agent,DNT,Cache-Control,X-Mx-ReqToken,X-Data-Type,X-Requested-With, X-Data-Type,X-Auth-Token,token', 'Access-Control-Allow-Methods': 'GET,POST,OPTIONS,HEAD,PUT', 'Access-Control-Allow-Credentials': 'true'} 
 body={"err_msg":"","result":true} 
 </msg>
<msg timestamp="20231127 15:59:04.871" level="INFO">${resp} = &lt;Response [200]&gt;</msg>
<status status="PASS" starttime="20231127 15:59:04.835" endtime="20231127 15:59:04.871"/>
</kw>
<return>
<value>${resp}</value>
<status status="PASS" starttime="20231127 15:59:04.871" endtime="20231127 15:59:04.871"/>
</return>
<msg timestamp="20231127 15:59:04.872" level="INFO">${resp} = &lt;Response [200]&gt;</msg>
<status status="PASS" starttime="20231127 15:59:04.831" endtime="20231127 15:59:04.872"/>
</kw>
<kw name="Should Be Empty" library="BuiltIn">
<arg>${resp.json()}[err_msg]</arg>
<doc>Verifies that the given item is empty.</doc>
<msg timestamp="20231127 15:59:04.874" level="INFO">Length is 0</msg>
<status status="PASS" starttime="20231127 15:59:04.872" endtime="20231127 15:59:04.874"/>
</kw>
<return>
<value>${resp.json()}[result]</value>
<status status="PASS" starttime="20231127 15:59:04.874" endtime="20231127 15:59:04.875"/>
</return>
<status status="PASS" starttime="20231127 15:59:04.825" endtime="20231127 15:59:04.876"/>
</kw>
<status status="PASS" starttime="20231127 15:59:04.823" endtime="20231127 15:59:04.876"/>
</kw>
<status status="PASS" starttime="20231127 15:57:38.605" endtime="20231127 15:59:04.877"/>
</test>
<kw name="Run Keywords" library="BuiltIn" type="TEARDOWN">
<arg>Clear Dev Config</arg>
<arg>AND</arg>
<arg>Stop Mock Service</arg>
<doc>Executes all the given keywords in a sequence.</doc>
<kw name="Clear Dev Config" library="dev_res">
<kw name="Connect ZH" library="cli_res">
<kw name="Connect SH" library="cli_res">
<kw name="Open Connection" library="SSHLibrary">
<arg>localhost</arg>
<arg>prompt=REGEXP:.*[&gt;#]$</arg>
<arg>port=8222</arg>
<arg>escape_ansi=True</arg>
<arg>term_type=vt100</arg>
<arg>timeout=9s</arg>
<doc>Opens a new SSH connection to the given ``host`` and ``port``.</doc>
<status status="PASS" starttime="20231127 15:59:04.879" endtime="20231127 15:59:04.880"/>
</kw>
<kw name="Login" library="SSHLibrary">
<arg>root</arg>
<arg>P@ssw0rd</arg>
<doc>Logs into the SSH server with the given ``username`` and ``password``.</doc>
<msg timestamp="20231127 15:59:04.881" level="INFO">Logging into 'localhost:8222' as 'root'.</msg>
<msg timestamp="20231127 15:59:05.028" level="INFO">Read output: Welcome to Ubuntu 20.04.2 LTS (GNU/Linux 5.10.47-linuxkit x86_64)

 * Documentation:  https://help.ubuntu.com
 * Management:     https://landscape.canonical.com
 * Support:        https://ubuntu.com/advantage

This system has been minimized by removing packages and content that are
not required on a system that users do not log into.

To restore this content, you can run the 'unminimize' command.
Last login: Mon Nov 27 15:58:59 2023 from 172.17.0.1
root@6b5a48235c89:~#</msg>
<status status="PASS" starttime="20231127 15:59:04.880" endtime="20231127 15:59:05.029"/>
</kw>
<kw name="Write" library="SSHLibrary">
<arg>source ~/.bashrc</arg>
<doc>Writes the given ``text`` on the remote machine and appends a newline.</doc>
<msg timestamp="20231127 15:59:05.033" level="INFO">source ~/.bashrc</msg>
<status status="PASS" starttime="20231127 15:59:05.029" endtime="20231127 15:59:05.033"/>
</kw>
<kw name="Read Until Prompt" library="SSHLibrary">
<doc>Consumes and returns the server output until the prompt is found.</doc>
<msg timestamp="20231127 15:59:05.041" level="INFO">root@6b5a48235c89:~#</msg>
<status status="PASS" starttime="20231127 15:59:05.034" endtime="20231127 15:59:05.041"/>
</kw>
<status status="PASS" starttime="20231127 15:59:04.879" endtime="20231127 15:59:05.041"/>
</kw>
<kw name="Run ZH Cmd" library="cli_res">
<arg>zh_cli -d</arg>
<kw name="Log" library="BuiltIn">
<arg>${cmd}</arg>
<doc>Logs the given message with the given level.</doc>
<msg timestamp="20231127 15:59:05.043" level="INFO">zh_cli -d</msg>
<status status="PASS" starttime="20231127 15:59:05.042" endtime="20231127 15:59:05.043"/>
</kw>
<kw name="Write" library="SSHLibrary">
<arg>${cmd}</arg>
<doc>Writes the given ``text`` on the remote machine and appends a newline.</doc>
<msg timestamp="20231127 15:59:05.046" level="INFO">zh_cli -d</msg>
<status status="PASS" starttime="20231127 15:59:05.043" endtime="20231127 15:59:05.046"/>
</kw>
<kw name="Read Until Prompt" library="SSHLibrary">
<var>${output}</var>
<arg>loglevel=INFO</arg>
<arg>strip_prompt=True</arg>
<doc>Consumes and returns the server output until the prompt is found.</doc>
<msg timestamp="20231127 15:59:05.050" level="INFO">${output} = </msg>
<status status="PASS" starttime="20231127 15:59:05.046" endtime="20231127 15:59:05.050"/>
</kw>
<kw name="Log" library="BuiltIn">
<arg>${output}</arg>
<doc>Logs the given message with the given level.</doc>
<msg timestamp="20231127 15:59:05.051" level="INFO"/>
<status status="PASS" starttime="20231127 15:59:05.051" endtime="20231127 15:59:05.051"/>
</kw>
<kw name="Encode String To Bytes" library="String">
<var>${output}</var>
<arg>${output}</arg>
<arg>iso-8859-1</arg>
<doc>Encodes the given Unicode ``string`` to bytes using the given ``encoding``.</doc>
<msg timestamp="20231127 15:59:05.052" level="INFO">${output} = </msg>
<status status="PASS" starttime="20231127 15:59:05.051" endtime="20231127 15:59:05.052"/>
</kw>
<kw name="Decode Bytes To String" library="String">
<var>${output}</var>
<arg>${output}</arg>
<arg>UTF-8</arg>
<doc>Decodes the given ``bytes`` to a Unicode string using the given ``encoding``.</doc>
<msg timestamp="20231127 15:59:05.053" level="INFO">${output} = </msg>
<status status="PASS" starttime="20231127 15:59:05.052" endtime="20231127 15:59:05.053"/>
</kw>
<return>
<value>${output}</value>
<status status="PASS" starttime="20231127 15:59:05.053" endtime="20231127 15:59:05.053"/>
</return>
<status status="PASS" starttime="20231127 15:59:05.042" endtime="20231127 15:59:05.054"/>
</kw>
<status status="PASS" starttime="20231127 15:59:04.879" endtime="20231127 15:59:05.054"/>
</kw>
<kw name="Run ZH Cmd" library="cli_res">
<arg>device</arg>
<kw name="Log" library="BuiltIn">
<arg>${cmd}</arg>
<doc>Logs the given message with the given level.</doc>
<msg timestamp="20231127 15:59:05.055" level="INFO">device</msg>
<status status="PASS" starttime="20231127 15:59:05.055" endtime="20231127 15:59:05.055"/>
</kw>
<kw name="Write" library="SSHLibrary">
<arg>${cmd}</arg>
<doc>Writes the given ``text`` on the remote machine and appends a newline.</doc>
<msg timestamp="20231127 15:59:05.058" level="INFO">device</msg>
<status status="PASS" starttime="20231127 15:59:05.056" endtime="20231127 15:59:05.059"/>
</kw>
<kw name="Read Until Prompt" library="SSHLibrary">
<var>${output}</var>
<arg>loglevel=INFO</arg>
<arg>strip_prompt=True</arg>
<doc>Consumes and returns the server output until the prompt is found.</doc>
<msg timestamp="20231127 15:59:05.060" level="INFO">${output} = </msg>
<status status="PASS" starttime="20231127 15:59:05.059" endtime="20231127 15:59:05.060"/>
</kw>
<kw name="Log" library="BuiltIn">
<arg>${output}</arg>
<doc>Logs the given message with the given level.</doc>
<msg timestamp="20231127 15:59:05.061" level="INFO"/>
<status status="PASS" starttime="20231127 15:59:05.060" endtime="20231127 15:59:05.061"/>
</kw>
<kw name="Encode String To Bytes" library="String">
<var>${output}</var>
<arg>${output}</arg>
<arg>iso-8859-1</arg>
<doc>Encodes the given Unicode ``string`` to bytes using the given ``encoding``.</doc>
<msg timestamp="20231127 15:59:05.061" level="INFO">${output} = </msg>
<status status="PASS" starttime="20231127 15:59:05.061" endtime="20231127 15:59:05.062"/>
</kw>
<kw name="Decode Bytes To String" library="String">
<var>${output}</var>
<arg>${output}</arg>
<arg>UTF-8</arg>
<doc>Decodes the given ``bytes`` to a Unicode string using the given ``encoding``.</doc>
<msg timestamp="20231127 15:59:05.062" level="INFO">${output} = </msg>
<status status="PASS" starttime="20231127 15:59:05.062" endtime="20231127 15:59:05.063"/>
</kw>
<return>
<value>${output}</value>
<status status="PASS" starttime="20231127 15:59:05.063" endtime="20231127 15:59:05.063"/>
</return>
<status status="PASS" starttime="20231127 15:59:05.054" endtime="20231127 15:59:05.063"/>
</kw>
<kw name="Run ZH Cmd" library="cli_res">
<arg>clear_device</arg>
<kw name="Log" library="BuiltIn">
<arg>${cmd}</arg>
<doc>Logs the given message with the given level.</doc>
<msg timestamp="20231127 15:59:05.064" level="INFO">clear_device</msg>
<status status="PASS" starttime="20231127 15:59:05.064" endtime="20231127 15:59:05.065"/>
</kw>
<kw name="Write" library="SSHLibrary">
<arg>${cmd}</arg>
<doc>Writes the given ``text`` on the remote machine and appends a newline.</doc>
<msg timestamp="20231127 15:59:05.067" level="INFO">clear_device</msg>
<status status="PASS" starttime="20231127 15:59:05.065" endtime="20231127 15:59:05.068"/>
</kw>
<kw name="Read Until Prompt" library="SSHLibrary">
<var>${output}</var>
<arg>loglevel=INFO</arg>
<arg>strip_prompt=True</arg>
<doc>Consumes and returns the server output until the prompt is found.</doc>
<msg timestamp="20231127 15:59:05.300" level="INFO">${output} = </msg>
<status status="PASS" starttime="20231127 15:59:05.068" endtime="20231127 15:59:05.300"/>
</kw>
<kw name="Log" library="BuiltIn">
<arg>${output}</arg>
<doc>Logs the given message with the given level.</doc>
<msg timestamp="20231127 15:59:05.301" level="INFO"/>
<status status="PASS" starttime="20231127 15:59:05.301" endtime="20231127 15:59:05.301"/>
</kw>
<kw name="Encode String To Bytes" library="String">
<var>${output}</var>
<arg>${output}</arg>
<arg>iso-8859-1</arg>
<doc>Encodes the given Unicode ``string`` to bytes using the given ``encoding``.</doc>
<msg timestamp="20231127 15:59:05.302" level="INFO">${output} = </msg>
<status status="PASS" starttime="20231127 15:59:05.301" endtime="20231127 15:59:05.302"/>
</kw>
<kw name="Decode Bytes To String" library="String">
<var>${output}</var>
<arg>${output}</arg>
<arg>UTF-8</arg>
<doc>Decodes the given ``bytes`` to a Unicode string using the given ``encoding``.</doc>
<msg timestamp="20231127 15:59:05.303" level="INFO">${output} = </msg>
<status status="PASS" starttime="20231127 15:59:05.302" endtime="20231127 15:59:05.303"/>
</kw>
<return>
<value>${output}</value>
<status status="PASS" starttime="20231127 15:59:05.303" endtime="20231127 15:59:05.303"/>
</return>
<status status="PASS" starttime="20231127 15:59:05.063" endtime="20231127 15:59:05.304"/>
</kw>
<kw name="DisConnect" library="cli_res">
<kw name="Close Connection" library="SSHLibrary">
<doc>Closes the current connection.</doc>
<status status="PASS" starttime="20231127 15:59:05.304" endtime="20231127 15:59:05.305"/>
</kw>
<status status="PASS" starttime="20231127 15:59:05.304" endtime="20231127 15:59:05.305"/>
</kw>
<status status="PASS" starttime="20231127 15:59:04.878" endtime="20231127 15:59:05.305"/>
</kw>
<kw name="Stop Mock Service" library="rest_res">
<kw name="Terminate Process" library="Process">
<arg>mock_server_process</arg>
<doc>Stops the process gracefully or forcefully.</doc>
<msg timestamp="20231127 15:59:05.306" level="INFO">Gracefully terminating process.</msg>
<msg timestamp="20231127 15:59:05.408" level="INFO">Process completed.</msg>
<status status="PASS" starttime="20231127 15:59:05.306" endtime="20231127 15:59:05.408"/>
</kw>
<kw name="Get Process Result" library="Process">
<var>${output}</var>
<arg>mock_server_process</arg>
<arg>stderr=True</arg>
<doc>Returns the specified `result object` or some of its attributes.</doc>
<msg timestamp="20231127 15:59:05.410" level="INFO">${output} = [31m[1mWARNING: This is a development server. Do not use it in a production deployment. Use a production WSGI server instead.[0m
 * Running on all addresses (0.0.0.0)
 * Running on http://127.0.0.1...</msg>
<status status="PASS" starttime="20231127 15:59:05.409" endtime="20231127 15:59:05.410"/>
</kw>
<kw name="Log" library="BuiltIn">
<arg>${output}</arg>
<doc>Logs the given message with the given level.</doc>
<msg timestamp="20231127 15:59:05.411" level="INFO">[31m[1mWARNING: This is a development server. Do not use it in a production deployment. Use a production WSGI server instead.[0m
 * Running on all addresses (0.0.0.0)
 * Running on http://127.0.0.1:5001
 * Running on http://26.26.26.1:5001
[33mPress CTRL+C to quit[0m
 * Restarting with stat
 * Debugger is active!
 * Debugger PIN: 633-514-262
192.168.0.11 - - [27/Nov/2023 15:57:44] "POST /pa_web/pa_rest/call_vehicle?token=abc HTTP/1.1" 200 -
127.0.0.1 - - [27/Nov/2023 15:57:46] "GET /check_call HTTP/1.1" 200 -
192.168.0.11 - - [27/Nov/2023 15:58:44] "POST /pa_web/pa_rest/vehicle_info?token=abc HTTP/1.1" 200 -
192.168.0.11 - - [27/Nov/2023 15:58:48] "POST /pa_web/pa_rest/push_weight?token=abc HTTP/1.1" 200 -
127.0.0.1 - - [27/Nov/2023 15:59:04] "GET /check_call HTTP/1.1" 200 -</msg>
<status status="PASS" starttime="20231127 15:59:05.411" endtime="20231127 15:59:05.411"/>
</kw>
<status status="PASS" starttime="20231127 15:59:05.305" endtime="20231127 15:59:05.412"/>
</kw>
<status status="PASS" starttime="20231127 15:59:04.878" endtime="20231127 15:59:05.412"/>
</kw>
<status status="PASS" starttime="20231127 15:57:29.477" endtime="20231127 15:59:05.412"/>
</suite>
<status status="PASS" starttime="20231127 15:57:29.474" endtime="20231127 15:59:05.415"/>
</suite>
<status status="PASS" starttime="20231127 15:57:29.472" endtime="20231127 15:59:05.417"/>
</suite>
<status status="PASS" starttime="20231127 15:57:29.409" endtime="20231127 15:59:05.419"/>
</suite>
<statistics>
<total>
<stat pass="1" fail="0" skip="0">All Tests</stat>
</total>
<tag>
</tag>
<suite>
<stat pass="1" fail="0" skip="0" id="s1" name="Zhuochuangzhihui">Zhuochuangzhihui</stat>
<stat pass="1" fail="0" skip="0" id="s1-s1" name="Auto">Zhuochuangzhihui.Auto</stat>
<stat pass="1" fail="0" skip="0" id="s1-s1-s1" name="Test Running">Zhuochuangzhihui.Auto.Test Running</stat>
<stat pass="1" fail="0" skip="0" id="s1-s1-s1-s1" name="Postive Test">Zhuochuangzhihui.Auto.Test Running.Postive Test</stat>
</suite>
</statistics>
<errors>
</errors>
</robot>
