<?xml version="1.0" encoding="UTF-8"?>
<robot generator="Robot 6.1.1 (Python 3.9.6 on darwin)" generated="20231120 02:07:00.245" rpa="false" schemaversion="4">
<suite id="s1" name="Zhuochuangzhihui" source="/Users/liuyang/work/zhuochuangzhihui">
<suite id="s1-s1" name="Auto" source="/Users/liuyang/work/zhuochuangzhihui/auto">
<suite id="s1-s1-s1" name="Test Running" source="/Users/liuyang/work/zhuochuangzhihui/auto/test_running">
<suite id="s1-s1-s1-s1" name="Postive Test" source="/Users/liuyang/work/zhuochuangzhihui/auto/test_running/postive_test.robot">
<kw name="Config Best Dev" library="dev_res" type="SETUP">
<kw name="Connect ZH" library="cli_res">
<kw name="Connect SH" library="cli_res">
<kw name="Open Connection" library="SSHLibrary">
<arg>localhost</arg>
<arg>prompt=REGEXP:.*[&gt;#]$</arg>
<arg>port=8222</arg>
<arg>escape_ansi=True</arg>
<arg>term_type=vt100</arg>
<arg>timeout=9s</arg>
<doc>Opens a new SSH connection to the given ``host`` and ``port``.</doc>
<status status="PASS" starttime="20231120 02:07:01.176" endtime="20231120 02:07:01.177"/>
</kw>
<kw name="Login" library="SSHLibrary">
<arg>root</arg>
<arg>P@ssw0rd</arg>
<doc>Logs into the SSH server with the given ``username`` and ``password``.</doc>
<msg timestamp="20231120 02:07:01.177" level="INFO">Logging into 'localhost:8222' as 'root'.</msg>
<msg timestamp="20231120 02:07:01.339" level="INFO">Read output: Welcome to Ubuntu 20.04.2 LTS (GNU/Linux 5.10.47-linuxkit x86_64)

 * Documentation:  https://help.ubuntu.com
 * Management:     https://landscape.canonical.com
 * Support:        https://ubuntu.com/advantage

This system has been minimized by removing packages and content that are
not required on a system that users do not log into.

To restore this content, you can run the 'unminimize' command.
Last login: Mon Nov 20 01:59:44 2023 from 172.17.0.1
root@5df78d0a6fee:~#</msg>
<status status="PASS" starttime="20231120 02:07:01.177" endtime="20231120 02:07:01.340"/>
</kw>
<kw name="Write" library="SSHLibrary">
<arg>source ~/.bashrc</arg>
<doc>Writes the given ``text`` on the remote machine and appends a newline.</doc>
<msg timestamp="20231120 02:07:01.344" level="INFO">source ~/.bashrc</msg>
<status status="PASS" starttime="20231120 02:07:01.340" endtime="20231120 02:07:01.344"/>
</kw>
<kw name="Read Until Prompt" library="SSHLibrary">
<doc>Consumes and returns the server output until the prompt is found.</doc>
<msg timestamp="20231120 02:07:01.351" level="INFO">root@5df78d0a6fee:~#</msg>
<status status="PASS" starttime="20231120 02:07:01.345" endtime="20231120 02:07:01.351"/>
</kw>
<status status="PASS" starttime="20231120 02:07:01.176" endtime="20231120 02:07:01.351"/>
</kw>
<kw name="Run ZH Cmd" library="cli_res">
<arg>zh_cli -d</arg>
<kw name="Log" library="BuiltIn">
<arg>${cmd}</arg>
<doc>Logs the given message with the given level.</doc>
<msg timestamp="20231120 02:07:01.353" level="INFO">zh_cli -d</msg>
<status status="PASS" starttime="20231120 02:07:01.352" endtime="20231120 02:07:01.353"/>
</kw>
<kw name="Write" library="SSHLibrary">
<arg>${cmd}</arg>
<doc>Writes the given ``text`` on the remote machine and appends a newline.</doc>
<msg timestamp="20231120 02:07:01.357" level="INFO">zh_cli -d</msg>
<status status="PASS" starttime="20231120 02:07:01.354" endtime="20231120 02:07:01.357"/>
</kw>
<kw name="Read Until Prompt" library="SSHLibrary">
<var>${output}</var>
<arg>loglevel=INFO</arg>
<arg>strip_prompt=True</arg>
<doc>Consumes and returns the server output until the prompt is found.</doc>
<msg timestamp="20231120 02:07:01.362" level="INFO">${output} = </msg>
<status status="PASS" starttime="20231120 02:07:01.357" endtime="20231120 02:07:01.362"/>
</kw>
<kw name="Log" library="BuiltIn">
<arg>${output}</arg>
<doc>Logs the given message with the given level.</doc>
<msg timestamp="20231120 02:07:01.363" level="INFO"/>
<status status="PASS" starttime="20231120 02:07:01.362" endtime="20231120 02:07:01.363"/>
</kw>
<kw name="Encode String To Bytes" library="String">
<var>${output}</var>
<arg>${output}</arg>
<arg>iso-8859-1</arg>
<doc>Encodes the given Unicode ``string`` to bytes using the given ``encoding``.</doc>
<msg timestamp="20231120 02:07:01.364" level="INFO">${output} = </msg>
<status status="PASS" starttime="20231120 02:07:01.363" endtime="20231120 02:07:01.364"/>
</kw>
<kw name="Decode Bytes To String" library="String">
<var>${output}</var>
<arg>${output}</arg>
<arg>UTF-8</arg>
<doc>Decodes the given ``bytes`` to a Unicode string using the given ``encoding``.</doc>
<msg timestamp="20231120 02:07:01.364" level="INFO">${output} = </msg>
<status status="PASS" starttime="20231120 02:07:01.364" endtime="20231120 02:07:01.365"/>
</kw>
<return>
<value>${output}</value>
<status status="PASS" starttime="20231120 02:07:01.365" endtime="20231120 02:07:01.365"/>
</return>
<status status="PASS" starttime="20231120 02:07:01.351" endtime="20231120 02:07:01.365"/>
</kw>
<status status="PASS" starttime="20231120 02:07:01.175" endtime="20231120 02:07:01.365"/>
</kw>
<kw name="Run ZH Cmd" library="cli_res">
<arg>device</arg>
<kw name="Log" library="BuiltIn">
<arg>${cmd}</arg>
<doc>Logs the given message with the given level.</doc>
<msg timestamp="20231120 02:07:01.367" level="INFO">device</msg>
<status status="PASS" starttime="20231120 02:07:01.366" endtime="20231120 02:07:01.367"/>
</kw>
<kw name="Write" library="SSHLibrary">
<arg>${cmd}</arg>
<doc>Writes the given ``text`` on the remote machine and appends a newline.</doc>
<msg timestamp="20231120 02:07:01.370" level="INFO">device</msg>
<status status="PASS" starttime="20231120 02:07:01.367" endtime="20231120 02:07:01.370"/>
</kw>
<kw name="Read Until Prompt" library="SSHLibrary">
<var>${output}</var>
<arg>loglevel=INFO</arg>
<arg>strip_prompt=True</arg>
<doc>Consumes and returns the server output until the prompt is found.</doc>
<msg timestamp="20231120 02:07:01.371" level="INFO">${output} = </msg>
<status status="PASS" starttime="20231120 02:07:01.371" endtime="20231120 02:07:01.371"/>
</kw>
<kw name="Log" library="BuiltIn">
<arg>${output}</arg>
<doc>Logs the given message with the given level.</doc>
<msg timestamp="20231120 02:07:01.372" level="INFO"/>
<status status="PASS" starttime="20231120 02:07:01.372" endtime="20231120 02:07:01.372"/>
</kw>
<kw name="Encode String To Bytes" library="String">
<var>${output}</var>
<arg>${output}</arg>
<arg>iso-8859-1</arg>
<doc>Encodes the given Unicode ``string`` to bytes using the given ``encoding``.</doc>
<msg timestamp="20231120 02:07:01.373" level="INFO">${output} = </msg>
<status status="PASS" starttime="20231120 02:07:01.373" endtime="20231120 02:07:01.373"/>
</kw>
<kw name="Decode Bytes To String" library="String">
<var>${output}</var>
<arg>${output}</arg>
<arg>UTF-8</arg>
<doc>Decodes the given ``bytes`` to a Unicode string using the given ``encoding``.</doc>
<msg timestamp="20231120 02:07:01.374" level="INFO">${output} = </msg>
<status status="PASS" starttime="20231120 02:07:01.373" endtime="20231120 02:07:01.374"/>
</kw>
<return>
<value>${output}</value>
<status status="PASS" starttime="20231120 02:07:01.374" endtime="20231120 02:07:01.374"/>
</return>
<status status="PASS" starttime="20231120 02:07:01.366" endtime="20231120 02:07:01.375"/>
</kw>
<kw name="Run ZH Cmd" library="cli_res">
<arg>add_set s 1</arg>
<kw name="Log" library="BuiltIn">
<arg>${cmd}</arg>
<doc>Logs the given message with the given level.</doc>
<msg timestamp="20231120 02:07:01.376" level="INFO">add_set s 1</msg>
<status status="PASS" starttime="20231120 02:07:01.375" endtime="20231120 02:07:01.376"/>
</kw>
<kw name="Write" library="SSHLibrary">
<arg>${cmd}</arg>
<doc>Writes the given ``text`` on the remote machine and appends a newline.</doc>
<msg timestamp="20231120 02:07:01.379" level="INFO">add_set s 1</msg>
<status status="PASS" starttime="20231120 02:07:01.376" endtime="20231120 02:07:01.379"/>
</kw>
<kw name="Read Until Prompt" library="SSHLibrary">
<var>${output}</var>
<arg>loglevel=INFO</arg>
<arg>strip_prompt=True</arg>
<doc>Consumes and returns the server output until the prompt is found.</doc>
<msg timestamp="20231120 02:07:01.404" level="INFO">${output} = </msg>
<status status="PASS" starttime="20231120 02:07:01.379" endtime="20231120 02:07:01.404"/>
</kw>
<kw name="Log" library="BuiltIn">
<arg>${output}</arg>
<doc>Logs the given message with the given level.</doc>
<msg timestamp="20231120 02:07:01.405" level="INFO"/>
<status status="PASS" starttime="20231120 02:07:01.405" endtime="20231120 02:07:01.405"/>
</kw>
<kw name="Encode String To Bytes" library="String">
<var>${output}</var>
<arg>${output}</arg>
<arg>iso-8859-1</arg>
<doc>Encodes the given Unicode ``string`` to bytes using the given ``encoding``.</doc>
<msg timestamp="20231120 02:07:01.406" level="INFO">${output} = </msg>
<status status="PASS" starttime="20231120 02:07:01.406" endtime="20231120 02:07:01.406"/>
</kw>
<kw name="Decode Bytes To String" library="String">
<var>${output}</var>
<arg>${output}</arg>
<arg>UTF-8</arg>
<doc>Decodes the given ``bytes`` to a Unicode string using the given ``encoding``.</doc>
<msg timestamp="20231120 02:07:01.407" level="INFO">${output} = </msg>
<status status="PASS" starttime="20231120 02:07:01.406" endtime="20231120 02:07:01.407"/>
</kw>
<return>
<value>${output}</value>
<status status="PASS" starttime="20231120 02:07:01.407" endtime="20231120 02:07:01.408"/>
</return>
<status status="PASS" starttime="20231120 02:07:01.375" endtime="20231120 02:07:01.408"/>
</kw>
<kw name="Run ZH Cmd" library="cli_res">
<arg>add_device ${s_fpc} '-t s' 1 s front_plate_cam</arg>
<kw name="Log" library="BuiltIn">
<arg>${cmd}</arg>
<doc>Logs the given message with the given level.</doc>
<msg timestamp="20231120 02:07:01.409" level="INFO">add_device fpc '-t s' 1 s front_plate_cam</msg>
<status status="PASS" starttime="20231120 02:07:01.408" endtime="20231120 02:07:01.409"/>
</kw>
<kw name="Write" library="SSHLibrary">
<arg>${cmd}</arg>
<doc>Writes the given ``text`` on the remote machine and appends a newline.</doc>
<msg timestamp="20231120 02:07:01.413" level="INFO">add_device fpc '-t s' 1 s front_plate_cam</msg>
<status status="PASS" starttime="20231120 02:07:01.409" endtime="20231120 02:07:01.413"/>
</kw>
<kw name="Read Until Prompt" library="SSHLibrary">
<var>${output}</var>
<arg>loglevel=INFO</arg>
<arg>strip_prompt=True</arg>
<doc>Consumes and returns the server output until the prompt is found.</doc>
<msg timestamp="20231120 02:07:01.479" level="INFO">${output} = </msg>
<status status="PASS" starttime="20231120 02:07:01.413" endtime="20231120 02:07:01.479"/>
</kw>
<kw name="Log" library="BuiltIn">
<arg>${output}</arg>
<doc>Logs the given message with the given level.</doc>
<msg timestamp="20231120 02:07:01.480" level="INFO"/>
<status status="PASS" starttime="20231120 02:07:01.480" endtime="20231120 02:07:01.480"/>
</kw>
<kw name="Encode String To Bytes" library="String">
<var>${output}</var>
<arg>${output}</arg>
<arg>iso-8859-1</arg>
<doc>Encodes the given Unicode ``string`` to bytes using the given ``encoding``.</doc>
<msg timestamp="20231120 02:07:01.481" level="INFO">${output} = </msg>
<status status="PASS" starttime="20231120 02:07:01.480" endtime="20231120 02:07:01.481"/>
</kw>
<kw name="Decode Bytes To String" library="String">
<var>${output}</var>
<arg>${output}</arg>
<arg>UTF-8</arg>
<doc>Decodes the given ``bytes`` to a Unicode string using the given ``encoding``.</doc>
<msg timestamp="20231120 02:07:01.482" level="INFO">${output} = </msg>
<status status="PASS" starttime="20231120 02:07:01.482" endtime="20231120 02:07:01.482"/>
</kw>
<return>
<value>${output}</value>
<status status="PASS" starttime="20231120 02:07:01.482" endtime="20231120 02:07:01.483"/>
</return>
<status status="PASS" starttime="20231120 02:07:01.408" endtime="20231120 02:07:01.483"/>
</kw>
<kw name="Run ZH Cmd" library="cli_res">
<arg>add_device ${s_bpc} '-t s' 1 s back_plate_cam</arg>
<kw name="Log" library="BuiltIn">
<arg>${cmd}</arg>
<doc>Logs the given message with the given level.</doc>
<msg timestamp="20231120 02:07:01.484" level="INFO">add_device bpc '-t s' 1 s back_plate_cam</msg>
<status status="PASS" starttime="20231120 02:07:01.484" endtime="20231120 02:07:01.484"/>
</kw>
<kw name="Write" library="SSHLibrary">
<arg>${cmd}</arg>
<doc>Writes the given ``text`` on the remote machine and appends a newline.</doc>
<msg timestamp="20231120 02:07:01.487" level="INFO">add_device bpc '-t s' 1 s back_plate_cam</msg>
<status status="PASS" starttime="20231120 02:07:01.485" endtime="20231120 02:07:01.488"/>
</kw>
<kw name="Read Until Prompt" library="SSHLibrary">
<var>${output}</var>
<arg>loglevel=INFO</arg>
<arg>strip_prompt=True</arg>
<doc>Consumes and returns the server output until the prompt is found.</doc>
<msg timestamp="20231120 02:07:01.557" level="INFO">${output} = </msg>
<status status="PASS" starttime="20231120 02:07:01.488" endtime="20231120 02:07:01.558"/>
</kw>
<kw name="Log" library="BuiltIn">
<arg>${output}</arg>
<doc>Logs the given message with the given level.</doc>
<msg timestamp="20231120 02:07:01.558" level="INFO"/>
<status status="PASS" starttime="20231120 02:07:01.558" endtime="20231120 02:07:01.559"/>
</kw>
<kw name="Encode String To Bytes" library="String">
<var>${output}</var>
<arg>${output}</arg>
<arg>iso-8859-1</arg>
<doc>Encodes the given Unicode ``string`` to bytes using the given ``encoding``.</doc>
<msg timestamp="20231120 02:07:01.559" level="INFO">${output} = </msg>
<status status="PASS" starttime="20231120 02:07:01.559" endtime="20231120 02:07:01.560"/>
</kw>
<kw name="Decode Bytes To String" library="String">
<var>${output}</var>
<arg>${output}</arg>
<arg>UTF-8</arg>
<doc>Decodes the given ``bytes`` to a Unicode string using the given ``encoding``.</doc>
<msg timestamp="20231120 02:07:01.561" level="INFO">${output} = </msg>
<status status="PASS" starttime="20231120 02:07:01.560" endtime="20231120 02:07:01.561"/>
</kw>
<return>
<value>${output}</value>
<status status="PASS" starttime="20231120 02:07:01.561" endtime="20231120 02:07:01.561"/>
</return>
<status status="PASS" starttime="20231120 02:07:01.483" endtime="20231120 02:07:01.561"/>
</kw>
<kw name="Run ZH Cmd" library="cli_res">
<arg>add_device ${s_fled} '-t s' 1 s front_led</arg>
<kw name="Log" library="BuiltIn">
<arg>${cmd}</arg>
<doc>Logs the given message with the given level.</doc>
<msg timestamp="20231120 02:07:01.563" level="INFO">add_device fl '-t s' 1 s front_led</msg>
<status status="PASS" starttime="20231120 02:07:01.562" endtime="20231120 02:07:01.563"/>
</kw>
<kw name="Write" library="SSHLibrary">
<arg>${cmd}</arg>
<doc>Writes the given ``text`` on the remote machine and appends a newline.</doc>
<msg timestamp="20231120 02:07:01.566" level="INFO">add_device fl '-t s' 1 s front_led</msg>
<status status="PASS" starttime="20231120 02:07:01.563" endtime="20231120 02:07:01.566"/>
</kw>
<kw name="Read Until Prompt" library="SSHLibrary">
<var>${output}</var>
<arg>loglevel=INFO</arg>
<arg>strip_prompt=True</arg>
<doc>Consumes and returns the server output until the prompt is found.</doc>
<msg timestamp="20231120 02:07:01.637" level="INFO">${output} = </msg>
<status status="PASS" starttime="20231120 02:07:01.567" endtime="20231120 02:07:01.637"/>
</kw>
<kw name="Log" library="BuiltIn">
<arg>${output}</arg>
<doc>Logs the given message with the given level.</doc>
<msg timestamp="20231120 02:07:01.638" level="INFO"/>
<status status="PASS" starttime="20231120 02:07:01.638" endtime="20231120 02:07:01.638"/>
</kw>
<kw name="Encode String To Bytes" library="String">
<var>${output}</var>
<arg>${output}</arg>
<arg>iso-8859-1</arg>
<doc>Encodes the given Unicode ``string`` to bytes using the given ``encoding``.</doc>
<msg timestamp="20231120 02:07:01.639" level="INFO">${output} = </msg>
<status status="PASS" starttime="20231120 02:07:01.639" endtime="20231120 02:07:01.639"/>
</kw>
<kw name="Decode Bytes To String" library="String">
<var>${output}</var>
<arg>${output}</arg>
<arg>UTF-8</arg>
<doc>Decodes the given ``bytes`` to a Unicode string using the given ``encoding``.</doc>
<msg timestamp="20231120 02:07:01.640" level="INFO">${output} = </msg>
<status status="PASS" starttime="20231120 02:07:01.639" endtime="20231120 02:07:01.640"/>
</kw>
<return>
<value>${output}</value>
<status status="PASS" starttime="20231120 02:07:01.640" endtime="20231120 02:07:01.640"/>
</return>
<status status="PASS" starttime="20231120 02:07:01.562" endtime="20231120 02:07:01.641"/>
</kw>
<kw name="Run ZH Cmd" library="cli_res">
<arg>add_device ${s_bled} '-t s' 1 s back_led</arg>
<kw name="Log" library="BuiltIn">
<arg>${cmd}</arg>
<doc>Logs the given message with the given level.</doc>
<msg timestamp="20231120 02:07:01.642" level="INFO">add_device bl '-t s' 1 s back_led</msg>
<status status="PASS" starttime="20231120 02:07:01.641" endtime="20231120 02:07:01.642"/>
</kw>
<kw name="Write" library="SSHLibrary">
<arg>${cmd}</arg>
<doc>Writes the given ``text`` on the remote machine and appends a newline.</doc>
<msg timestamp="20231120 02:07:01.645" level="INFO">add_device bl '-t s' 1 s back_led</msg>
<status status="PASS" starttime="20231120 02:07:01.642" endtime="20231120 02:07:01.646"/>
</kw>
<kw name="Read Until Prompt" library="SSHLibrary">
<var>${output}</var>
<arg>loglevel=INFO</arg>
<arg>strip_prompt=True</arg>
<doc>Consumes and returns the server output until the prompt is found.</doc>
<msg timestamp="20231120 02:07:01.825" level="INFO">${output} = </msg>
<status status="PASS" starttime="20231120 02:07:01.646" endtime="20231120 02:07:01.825"/>
</kw>
<kw name="Log" library="BuiltIn">
<arg>${output}</arg>
<doc>Logs the given message with the given level.</doc>
<msg timestamp="20231120 02:07:01.826" level="INFO"/>
<status status="PASS" starttime="20231120 02:07:01.825" endtime="20231120 02:07:01.826"/>
</kw>
<kw name="Encode String To Bytes" library="String">
<var>${output}</var>
<arg>${output}</arg>
<arg>iso-8859-1</arg>
<doc>Encodes the given Unicode ``string`` to bytes using the given ``encoding``.</doc>
<msg timestamp="20231120 02:07:01.827" level="INFO">${output} = </msg>
<status status="PASS" starttime="20231120 02:07:01.826" endtime="20231120 02:07:01.827"/>
</kw>
<kw name="Decode Bytes To String" library="String">
<var>${output}</var>
<arg>${output}</arg>
<arg>UTF-8</arg>
<doc>Decodes the given ``bytes`` to a Unicode string using the given ``encoding``.</doc>
<msg timestamp="20231120 02:07:01.828" level="INFO">${output} = </msg>
<status status="PASS" starttime="20231120 02:07:01.827" endtime="20231120 02:07:01.828"/>
</kw>
<return>
<value>${output}</value>
<status status="PASS" starttime="20231120 02:07:01.828" endtime="20231120 02:07:01.828"/>
</return>
<status status="PASS" starttime="20231120 02:07:01.641" endtime="20231120 02:07:01.829"/>
</kw>
<kw name="Run ZH Cmd" library="cli_res">
<arg>add_device ${s_fid} '-t s' 1 s front_id_reader</arg>
<kw name="Log" library="BuiltIn">
<arg>${cmd}</arg>
<doc>Logs the given message with the given level.</doc>
<msg timestamp="20231120 02:07:01.830" level="INFO">add_device fi '-t s' 1 s front_id_reader</msg>
<status status="PASS" starttime="20231120 02:07:01.829" endtime="20231120 02:07:01.830"/>
</kw>
<kw name="Write" library="SSHLibrary">
<arg>${cmd}</arg>
<doc>Writes the given ``text`` on the remote machine and appends a newline.</doc>
<msg timestamp="20231120 02:07:01.834" level="INFO">add_device fi '-t s' 1 s front_id_reader</msg>
<status status="PASS" starttime="20231120 02:07:01.830" endtime="20231120 02:07:01.835"/>
</kw>
<kw name="Read Until Prompt" library="SSHLibrary">
<var>${output}</var>
<arg>loglevel=INFO</arg>
<arg>strip_prompt=True</arg>
<doc>Consumes and returns the server output until the prompt is found.</doc>
<msg timestamp="20231120 02:07:01.914" level="INFO">${output} = </msg>
<status status="PASS" starttime="20231120 02:07:01.835" endtime="20231120 02:07:01.914"/>
</kw>
<kw name="Log" library="BuiltIn">
<arg>${output}</arg>
<doc>Logs the given message with the given level.</doc>
<msg timestamp="20231120 02:07:01.915" level="INFO"/>
<status status="PASS" starttime="20231120 02:07:01.914" endtime="20231120 02:07:01.915"/>
</kw>
<kw name="Encode String To Bytes" library="String">
<var>${output}</var>
<arg>${output}</arg>
<arg>iso-8859-1</arg>
<doc>Encodes the given Unicode ``string`` to bytes using the given ``encoding``.</doc>
<msg timestamp="20231120 02:07:01.916" level="INFO">${output} = </msg>
<status status="PASS" starttime="20231120 02:07:01.915" endtime="20231120 02:07:01.916"/>
</kw>
<kw name="Decode Bytes To String" library="String">
<var>${output}</var>
<arg>${output}</arg>
<arg>UTF-8</arg>
<doc>Decodes the given ``bytes`` to a Unicode string using the given ``encoding``.</doc>
<msg timestamp="20231120 02:07:01.917" level="INFO">${output} = </msg>
<status status="PASS" starttime="20231120 02:07:01.916" endtime="20231120 02:07:01.917"/>
</kw>
<return>
<value>${output}</value>
<status status="PASS" starttime="20231120 02:07:01.917" endtime="20231120 02:07:01.917"/>
</return>
<status status="PASS" starttime="20231120 02:07:01.829" endtime="20231120 02:07:01.918"/>
</kw>
<kw name="Run ZH Cmd" library="cli_res">
<arg>add_device ${s_bid} '-t s' 1 s back_id_reader</arg>
<kw name="Log" library="BuiltIn">
<arg>${cmd}</arg>
<doc>Logs the given message with the given level.</doc>
<msg timestamp="20231120 02:07:01.919" level="INFO">add_device bi '-t s' 1 s back_id_reader</msg>
<status status="PASS" starttime="20231120 02:07:01.918" endtime="20231120 02:07:01.919"/>
</kw>
<kw name="Write" library="SSHLibrary">
<arg>${cmd}</arg>
<doc>Writes the given ``text`` on the remote machine and appends a newline.</doc>
<msg timestamp="20231120 02:07:01.922" level="INFO">add_device bi '-t s' 1 s back_id_reader</msg>
<status status="PASS" starttime="20231120 02:07:01.919" endtime="20231120 02:07:01.922"/>
</kw>
<kw name="Read Until Prompt" library="SSHLibrary">
<var>${output}</var>
<arg>loglevel=INFO</arg>
<arg>strip_prompt=True</arg>
<doc>Consumes and returns the server output until the prompt is found.</doc>
<msg timestamp="20231120 02:07:02.017" level="INFO">${output} = </msg>
<status status="PASS" starttime="20231120 02:07:01.923" endtime="20231120 02:07:02.018"/>
</kw>
<kw name="Log" library="BuiltIn">
<arg>${output}</arg>
<doc>Logs the given message with the given level.</doc>
<msg timestamp="20231120 02:07:02.018" level="INFO"/>
<status status="PASS" starttime="20231120 02:07:02.018" endtime="20231120 02:07:02.019"/>
</kw>
<kw name="Encode String To Bytes" library="String">
<var>${output}</var>
<arg>${output}</arg>
<arg>iso-8859-1</arg>
<doc>Encodes the given Unicode ``string`` to bytes using the given ``encoding``.</doc>
<msg timestamp="20231120 02:07:02.019" level="INFO">${output} = </msg>
<status status="PASS" starttime="20231120 02:07:02.019" endtime="20231120 02:07:02.020"/>
</kw>
<kw name="Decode Bytes To String" library="String">
<var>${output}</var>
<arg>${output}</arg>
<arg>UTF-8</arg>
<doc>Decodes the given ``bytes`` to a Unicode string using the given ``encoding``.</doc>
<msg timestamp="20231120 02:07:02.020" level="INFO">${output} = </msg>
<status status="PASS" starttime="20231120 02:07:02.020" endtime="20231120 02:07:02.021"/>
</kw>
<return>
<value>${output}</value>
<status status="PASS" starttime="20231120 02:07:02.021" endtime="20231120 02:07:02.021"/>
</return>
<status status="PASS" starttime="20231120 02:07:01.918" endtime="20231120 02:07:02.021"/>
</kw>
<kw name="Run ZH Cmd" library="cli_res">
<arg>add_device ${s_speaker} '-t s' 1 s back_speaker</arg>
<kw name="Log" library="BuiltIn">
<arg>${cmd}</arg>
<doc>Logs the given message with the given level.</doc>
<msg timestamp="20231120 02:07:02.022" level="INFO">add_device fs '-t s' 1 s back_speaker</msg>
<status status="PASS" starttime="20231120 02:07:02.022" endtime="20231120 02:07:02.023"/>
</kw>
<kw name="Write" library="SSHLibrary">
<arg>${cmd}</arg>
<doc>Writes the given ``text`` on the remote machine and appends a newline.</doc>
<msg timestamp="20231120 02:07:02.026" level="INFO">add_device fs '-t s' 1 s back_speaker</msg>
<status status="PASS" starttime="20231120 02:07:02.023" endtime="20231120 02:07:02.026"/>
</kw>
<kw name="Read Until Prompt" library="SSHLibrary">
<var>${output}</var>
<arg>loglevel=INFO</arg>
<arg>strip_prompt=True</arg>
<doc>Consumes and returns the server output until the prompt is found.</doc>
<msg timestamp="20231120 02:07:02.125" level="INFO">${output} = </msg>
<status status="PASS" starttime="20231120 02:07:02.027" endtime="20231120 02:07:02.125"/>
</kw>
<kw name="Log" library="BuiltIn">
<arg>${output}</arg>
<doc>Logs the given message with the given level.</doc>
<msg timestamp="20231120 02:07:02.126" level="INFO"/>
<status status="PASS" starttime="20231120 02:07:02.126" endtime="20231120 02:07:02.126"/>
</kw>
<kw name="Encode String To Bytes" library="String">
<var>${output}</var>
<arg>${output}</arg>
<arg>iso-8859-1</arg>
<doc>Encodes the given Unicode ``string`` to bytes using the given ``encoding``.</doc>
<msg timestamp="20231120 02:07:02.127" level="INFO">${output} = </msg>
<status status="PASS" starttime="20231120 02:07:02.127" endtime="20231120 02:07:02.127"/>
</kw>
<kw name="Decode Bytes To String" library="String">
<var>${output}</var>
<arg>${output}</arg>
<arg>UTF-8</arg>
<doc>Decodes the given ``bytes`` to a Unicode string using the given ``encoding``.</doc>
<msg timestamp="20231120 02:07:02.128" level="INFO">${output} = </msg>
<status status="PASS" starttime="20231120 02:07:02.128" endtime="20231120 02:07:02.129"/>
</kw>
<return>
<value>${output}</value>
<status status="PASS" starttime="20231120 02:07:02.129" endtime="20231120 02:07:02.129"/>
</return>
<status status="PASS" starttime="20231120 02:07:02.022" endtime="20231120 02:07:02.129"/>
</kw>
<kw name="Run ZH Cmd" library="cli_res">
<arg>add_device ${s_fgate} '-t s' 1 s front_gate</arg>
<kw name="Log" library="BuiltIn">
<arg>${cmd}</arg>
<doc>Logs the given message with the given level.</doc>
<msg timestamp="20231120 02:07:02.131" level="INFO">add_device fg '-t s' 1 s front_gate</msg>
<status status="PASS" starttime="20231120 02:07:02.130" endtime="20231120 02:07:02.131"/>
</kw>
<kw name="Write" library="SSHLibrary">
<arg>${cmd}</arg>
<doc>Writes the given ``text`` on the remote machine and appends a newline.</doc>
<msg timestamp="20231120 02:07:02.135" level="INFO">add_device fg '-t s' 1 s front_gate</msg>
<status status="PASS" starttime="20231120 02:07:02.131" endtime="20231120 02:07:02.135"/>
</kw>
<kw name="Read Until Prompt" library="SSHLibrary">
<var>${output}</var>
<arg>loglevel=INFO</arg>
<arg>strip_prompt=True</arg>
<doc>Consumes and returns the server output until the prompt is found.</doc>
<msg timestamp="20231120 02:07:02.250" level="INFO">${output} = </msg>
<status status="PASS" starttime="20231120 02:07:02.136" endtime="20231120 02:07:02.250"/>
</kw>
<kw name="Log" library="BuiltIn">
<arg>${output}</arg>
<doc>Logs the given message with the given level.</doc>
<msg timestamp="20231120 02:07:02.250" level="INFO"/>
<status status="PASS" starttime="20231120 02:07:02.250" endtime="20231120 02:07:02.251"/>
</kw>
<kw name="Encode String To Bytes" library="String">
<var>${output}</var>
<arg>${output}</arg>
<arg>iso-8859-1</arg>
<doc>Encodes the given Unicode ``string`` to bytes using the given ``encoding``.</doc>
<msg timestamp="20231120 02:07:02.251" level="INFO">${output} = </msg>
<status status="PASS" starttime="20231120 02:07:02.251" endtime="20231120 02:07:02.251"/>
</kw>
<kw name="Decode Bytes To String" library="String">
<var>${output}</var>
<arg>${output}</arg>
<arg>UTF-8</arg>
<doc>Decodes the given ``bytes`` to a Unicode string using the given ``encoding``.</doc>
<msg timestamp="20231120 02:07:02.252" level="INFO">${output} = </msg>
<status status="PASS" starttime="20231120 02:07:02.252" endtime="20231120 02:07:02.252"/>
</kw>
<return>
<value>${output}</value>
<status status="PASS" starttime="20231120 02:07:02.253" endtime="20231120 02:07:02.253"/>
</return>
<status status="PASS" starttime="20231120 02:07:02.129" endtime="20231120 02:07:02.253"/>
</kw>
<kw name="Run ZH Cmd" library="cli_res">
<arg>add_device ${s_bgate} '-t s' 1 s back_gate</arg>
<kw name="Log" library="BuiltIn">
<arg>${cmd}</arg>
<doc>Logs the given message with the given level.</doc>
<msg timestamp="20231120 02:07:02.254" level="INFO">add_device bg '-t s' 1 s back_gate</msg>
<status status="PASS" starttime="20231120 02:07:02.254" endtime="20231120 02:07:02.254"/>
</kw>
<kw name="Write" library="SSHLibrary">
<arg>${cmd}</arg>
<doc>Writes the given ``text`` on the remote machine and appends a newline.</doc>
<msg timestamp="20231120 02:07:02.259" level="INFO">add_device bg '-t s' 1 s back_gate</msg>
<status status="PASS" starttime="20231120 02:07:02.255" endtime="20231120 02:07:02.259"/>
</kw>
<kw name="Read Until Prompt" library="SSHLibrary">
<var>${output}</var>
<arg>loglevel=INFO</arg>
<arg>strip_prompt=True</arg>
<doc>Consumes and returns the server output until the prompt is found.</doc>
<msg timestamp="20231120 02:07:02.346" level="INFO">${output} = </msg>
<status status="PASS" starttime="20231120 02:07:02.260" endtime="20231120 02:07:02.347"/>
</kw>
<kw name="Log" library="BuiltIn">
<arg>${output}</arg>
<doc>Logs the given message with the given level.</doc>
<msg timestamp="20231120 02:07:02.347" level="INFO"/>
<status status="PASS" starttime="20231120 02:07:02.347" endtime="20231120 02:07:02.348"/>
</kw>
<kw name="Encode String To Bytes" library="String">
<var>${output}</var>
<arg>${output}</arg>
<arg>iso-8859-1</arg>
<doc>Encodes the given Unicode ``string`` to bytes using the given ``encoding``.</doc>
<msg timestamp="20231120 02:07:02.349" level="INFO">${output} = </msg>
<status status="PASS" starttime="20231120 02:07:02.348" endtime="20231120 02:07:02.349"/>
</kw>
<kw name="Decode Bytes To String" library="String">
<var>${output}</var>
<arg>${output}</arg>
<arg>UTF-8</arg>
<doc>Decodes the given ``bytes`` to a Unicode string using the given ``encoding``.</doc>
<msg timestamp="20231120 02:07:02.350" level="INFO">${output} = </msg>
<status status="PASS" starttime="20231120 02:07:02.349" endtime="20231120 02:07:02.350"/>
</kw>
<return>
<value>${output}</value>
<status status="PASS" starttime="20231120 02:07:02.350" endtime="20231120 02:07:02.350"/>
</return>
<status status="PASS" starttime="20231120 02:07:02.253" endtime="20231120 02:07:02.351"/>
</kw>
<kw name="Run ZH Cmd" library="cli_res">
<arg>add_device ${s_speaker} '-t s' 1 s back_speaker</arg>
<kw name="Log" library="BuiltIn">
<arg>${cmd}</arg>
<doc>Logs the given message with the given level.</doc>
<msg timestamp="20231120 02:07:02.352" level="INFO">add_device fs '-t s' 1 s back_speaker</msg>
<status status="PASS" starttime="20231120 02:07:02.351" endtime="20231120 02:07:02.352"/>
</kw>
<kw name="Write" library="SSHLibrary">
<arg>${cmd}</arg>
<doc>Writes the given ``text`` on the remote machine and appends a newline.</doc>
<msg timestamp="20231120 02:07:02.355" level="INFO">add_device fs '-t s' 1 s back_speaker</msg>
<status status="PASS" starttime="20231120 02:07:02.352" endtime="20231120 02:07:02.355"/>
</kw>
<kw name="Read Until Prompt" library="SSHLibrary">
<var>${output}</var>
<arg>loglevel=INFO</arg>
<arg>strip_prompt=True</arg>
<doc>Consumes and returns the server output until the prompt is found.</doc>
<msg timestamp="20231120 02:07:02.402" level="INFO">è®¾å¤å·²å­å¨</msg>
<msg timestamp="20231120 02:07:02.402" level="INFO">${output} = è®¾å¤å·²å­å¨
</msg>
<status status="PASS" starttime="20231120 02:07:02.356" endtime="20231120 02:07:02.402"/>
</kw>
<kw name="Log" library="BuiltIn">
<arg>${output}</arg>
<doc>Logs the given message with the given level.</doc>
<msg timestamp="20231120 02:07:02.403" level="INFO">è®¾å¤å·²å­å¨
</msg>
<status status="PASS" starttime="20231120 02:07:02.403" endtime="20231120 02:07:02.403"/>
</kw>
<kw name="Encode String To Bytes" library="String">
<var>${output}</var>
<arg>${output}</arg>
<arg>iso-8859-1</arg>
<doc>Encodes the given Unicode ``string`` to bytes using the given ``encoding``.</doc>
<msg timestamp="20231120 02:07:02.404" level="INFO">${output} = \xe8\xae\xbe\xe5\xa4\x87\xe5\xb7\xb2\xe5\xad\x98\xe5\x9c\xa8
</msg>
<status status="PASS" starttime="20231120 02:07:02.403" endtime="20231120 02:07:02.404"/>
</kw>
<kw name="Decode Bytes To String" library="String">
<var>${output}</var>
<arg>${output}</arg>
<arg>UTF-8</arg>
<doc>Decodes the given ``bytes`` to a Unicode string using the given ``encoding``.</doc>
<msg timestamp="20231120 02:07:02.405" level="INFO">${output} = 设备已存在
</msg>
<status status="PASS" starttime="20231120 02:07:02.404" endtime="20231120 02:07:02.405"/>
</kw>
<return>
<value>${output}</value>
<status status="PASS" starttime="20231120 02:07:02.405" endtime="20231120 02:07:02.406"/>
</return>
<status status="PASS" starttime="20231120 02:07:02.351" endtime="20231120 02:07:02.406"/>
</kw>
<kw name="Run ZH Cmd" library="cli_res">
<arg>add_device ${s_s} '-t s' 1 s scale</arg>
<kw name="Log" library="BuiltIn">
<arg>${cmd}</arg>
<doc>Logs the given message with the given level.</doc>
<msg timestamp="20231120 02:07:02.407" level="INFO">add_device ss '-t s' 1 s scale</msg>
<status status="PASS" starttime="20231120 02:07:02.407" endtime="20231120 02:07:02.407"/>
</kw>
<kw name="Write" library="SSHLibrary">
<arg>${cmd}</arg>
<doc>Writes the given ``text`` on the remote machine and appends a newline.</doc>
<msg timestamp="20231120 02:07:02.411" level="INFO">add_device ss '-t s' 1 s scale</msg>
<status status="PASS" starttime="20231120 02:07:02.408" endtime="20231120 02:07:02.411"/>
</kw>
<kw name="Read Until Prompt" library="SSHLibrary">
<var>${output}</var>
<arg>loglevel=INFO</arg>
<arg>strip_prompt=True</arg>
<doc>Consumes and returns the server output until the prompt is found.</doc>
<msg timestamp="20231120 02:07:02.504" level="INFO">${output} = </msg>
<status status="PASS" starttime="20231120 02:07:02.411" endtime="20231120 02:07:02.504"/>
</kw>
<kw name="Log" library="BuiltIn">
<arg>${output}</arg>
<doc>Logs the given message with the given level.</doc>
<msg timestamp="20231120 02:07:02.505" level="INFO"/>
<status status="PASS" starttime="20231120 02:07:02.504" endtime="20231120 02:07:02.505"/>
</kw>
<kw name="Encode String To Bytes" library="String">
<var>${output}</var>
<arg>${output}</arg>
<arg>iso-8859-1</arg>
<doc>Encodes the given Unicode ``string`` to bytes using the given ``encoding``.</doc>
<msg timestamp="20231120 02:07:02.506" level="INFO">${output} = </msg>
<status status="PASS" starttime="20231120 02:07:02.505" endtime="20231120 02:07:02.506"/>
</kw>
<kw name="Decode Bytes To String" library="String">
<var>${output}</var>
<arg>${output}</arg>
<arg>UTF-8</arg>
<doc>Decodes the given ``bytes`` to a Unicode string using the given ``encoding``.</doc>
<msg timestamp="20231120 02:07:02.506" level="INFO">${output} = </msg>
<status status="PASS" starttime="20231120 02:07:02.506" endtime="20231120 02:07:02.506"/>
</kw>
<return>
<value>${output}</value>
<status status="PASS" starttime="20231120 02:07:02.507" endtime="20231120 02:07:02.507"/>
</return>
<status status="PASS" starttime="20231120 02:07:02.406" endtime="20231120 02:07:02.507"/>
</kw>
<kw name="Run ZH Cmd" library="cli_res">
<arg>zczh</arg>
<kw name="Log" library="BuiltIn">
<arg>${cmd}</arg>
<doc>Logs the given message with the given level.</doc>
<msg timestamp="20231120 02:07:02.509" level="INFO">zczh</msg>
<status status="PASS" starttime="20231120 02:07:02.508" endtime="20231120 02:07:02.509"/>
</kw>
<kw name="Write" library="SSHLibrary">
<arg>${cmd}</arg>
<doc>Writes the given ``text`` on the remote machine and appends a newline.</doc>
<msg timestamp="20231120 02:07:02.513" level="INFO">zczh</msg>
<status status="PASS" starttime="20231120 02:07:02.509" endtime="20231120 02:07:02.514"/>
</kw>
<kw name="Read Until Prompt" library="SSHLibrary">
<var>${output}</var>
<arg>loglevel=INFO</arg>
<arg>strip_prompt=True</arg>
<doc>Consumes and returns the server output until the prompt is found.</doc>
<msg timestamp="20231120 02:07:02.515" level="INFO">${output} = </msg>
<status status="PASS" starttime="20231120 02:07:02.514" endtime="20231120 02:07:02.515"/>
</kw>
<kw name="Log" library="BuiltIn">
<arg>${output}</arg>
<doc>Logs the given message with the given level.</doc>
<msg timestamp="20231120 02:07:02.515" level="INFO"/>
<status status="PASS" starttime="20231120 02:07:02.515" endtime="20231120 02:07:02.516"/>
</kw>
<kw name="Encode String To Bytes" library="String">
<var>${output}</var>
<arg>${output}</arg>
<arg>iso-8859-1</arg>
<doc>Encodes the given Unicode ``string`` to bytes using the given ``encoding``.</doc>
<msg timestamp="20231120 02:07:02.517" level="INFO">${output} = </msg>
<status status="PASS" starttime="20231120 02:07:02.516" endtime="20231120 02:07:02.517"/>
</kw>
<kw name="Decode Bytes To String" library="String">
<var>${output}</var>
<arg>${output}</arg>
<arg>UTF-8</arg>
<doc>Decodes the given ``bytes`` to a Unicode string using the given ``encoding``.</doc>
<msg timestamp="20231120 02:07:02.517" level="INFO">${output} = </msg>
<status status="PASS" starttime="20231120 02:07:02.517" endtime="20231120 02:07:02.518"/>
</kw>
<return>
<value>${output}</value>
<status status="PASS" starttime="20231120 02:07:02.518" endtime="20231120 02:07:02.518"/>
</return>
<status status="PASS" starttime="20231120 02:07:02.507" endtime="20231120 02:07:02.518"/>
</kw>
<kw name="Run ZH Cmd" library="cli_res">
<arg>bdr</arg>
<kw name="Log" library="BuiltIn">
<arg>${cmd}</arg>
<doc>Logs the given message with the given level.</doc>
<msg timestamp="20231120 02:07:02.519" level="INFO">bdr</msg>
<status status="PASS" starttime="20231120 02:07:02.519" endtime="20231120 02:07:02.520"/>
</kw>
<kw name="Write" library="SSHLibrary">
<arg>${cmd}</arg>
<doc>Writes the given ``text`` on the remote machine and appends a newline.</doc>
<msg timestamp="20231120 02:07:02.523" level="INFO">bdr</msg>
<status status="PASS" starttime="20231120 02:07:02.520" endtime="20231120 02:07:02.523"/>
</kw>
<kw name="Read Until Prompt" library="SSHLibrary">
<var>${output}</var>
<arg>loglevel=INFO</arg>
<arg>strip_prompt=True</arg>
<doc>Consumes and returns the server output until the prompt is found.</doc>
<msg timestamp="20231120 02:07:02.620" level="INFO">rbac

zczh
device
add_set s 1
add_device 'bg' '-t s' '1' 's' back_gate
add_device 'fg' '-t s' '1' 's' front_gate
add_device 'bi' '-t s' '1' 's' back_id_reader
add_device 'fi' '-t s' '1' 's' front_id_reader
add_device 'bl' '-t s' '1' 's' back_led
add_device 'fl' '-t s' '1' 's' front_led
add_device 'bpc' '-t s' '1' 's' back_plate_cam
add_device 'fpc' '-t s' '1' 's' front_plate_cam
add_device 'fs' '-t s' '1' 's' back_speaker
add_device 'ss' '-t s' '1' 's' scale

zczh</msg>
<msg timestamp="20231120 02:07:02.620" level="INFO">${output} = rbac

zczh
device
add_set s 1
add_device 'bg' '-t s' '1' 's' back_gate
add_device 'fg' '-t s' '1' 's' front_gate
add_device 'bi' '-t s' '1' 's' back_id_reader
add_device 'fi' '-t s' '1' 's' fr...</msg>
<status status="PASS" starttime="20231120 02:07:02.523" endtime="20231120 02:07:02.620"/>
</kw>
<kw name="Log" library="BuiltIn">
<arg>${output}</arg>
<doc>Logs the given message with the given level.</doc>
<msg timestamp="20231120 02:07:02.621" level="INFO">rbac

zczh
device
add_set s 1
add_device 'bg' '-t s' '1' 's' back_gate
add_device 'fg' '-t s' '1' 's' front_gate
add_device 'bi' '-t s' '1' 's' back_id_reader
add_device 'fi' '-t s' '1' 's' front_id_reader
add_device 'bl' '-t s' '1' 's' back_led
add_device 'fl' '-t s' '1' 's' front_led
add_device 'bpc' '-t s' '1' 's' back_plate_cam
add_device 'fpc' '-t s' '1' 's' front_plate_cam
add_device 'fs' '-t s' '1' 's' back_speaker
add_device 'ss' '-t s' '1' 's' scale

zczh
</msg>
<status status="PASS" starttime="20231120 02:07:02.620" endtime="20231120 02:07:02.621"/>
</kw>
<kw name="Encode String To Bytes" library="String">
<var>${output}</var>
<arg>${output}</arg>
<arg>iso-8859-1</arg>
<doc>Encodes the given Unicode ``string`` to bytes using the given ``encoding``.</doc>
<msg timestamp="20231120 02:07:02.622" level="INFO">${output} = rbac

zczh
device
add_set s 1
add_device 'bg' '-t s' '1' 's' back_gate
add_device 'fg' '-t s' '1' 's' front_gate
add_device 'bi' '-t s' '1' 's' back_id_reader
add_device 'fi' '-t s' '1' 's' fr...</msg>
<status status="PASS" starttime="20231120 02:07:02.621" endtime="20231120 02:07:02.622"/>
</kw>
<kw name="Decode Bytes To String" library="String">
<var>${output}</var>
<arg>${output}</arg>
<arg>UTF-8</arg>
<doc>Decodes the given ``bytes`` to a Unicode string using the given ``encoding``.</doc>
<msg timestamp="20231120 02:07:02.623" level="INFO">${output} = rbac

zczh
device
add_set s 1
add_device 'bg' '-t s' '1' 's' back_gate
add_device 'fg' '-t s' '1' 's' front_gate
add_device 'bi' '-t s' '1' 's' back_id_reader
add_device 'fi' '-t s' '1' 's' fr...</msg>
<status status="PASS" starttime="20231120 02:07:02.622" endtime="20231120 02:07:02.623"/>
</kw>
<return>
<value>${output}</value>
<status status="PASS" starttime="20231120 02:07:02.623" endtime="20231120 02:07:02.624"/>
</return>
<status status="PASS" starttime="20231120 02:07:02.518" endtime="20231120 02:07:02.624"/>
</kw>
<kw name="Write" library="SSHLibrary">
<arg>reboot</arg>
<doc>Writes the given ``text`` on the remote machine and appends a newline.</doc>
<msg timestamp="20231120 02:07:02.627" level="INFO">reboot</msg>
<status status="PASS" starttime="20231120 02:07:02.624" endtime="20231120 02:07:02.628"/>
</kw>
<kw name="DisConnect" library="cli_res">
<kw name="Close Connection" library="SSHLibrary">
<doc>Closes the current connection.</doc>
<status status="PASS" starttime="20231120 02:07:02.629" endtime="20231120 02:07:02.629"/>
</kw>
<status status="PASS" starttime="20231120 02:07:02.628" endtime="20231120 02:07:02.630"/>
</kw>
<kw name="Sleep" library="BuiltIn">
<arg>5s</arg>
<doc>Pauses the test executed for the given time.</doc>
<msg timestamp="20231120 02:07:07.631" level="INFO">Slept 5 seconds</msg>
<status status="PASS" starttime="20231120 02:07:02.630" endtime="20231120 02:07:07.631"/>
</kw>
<status status="PASS" starttime="20231120 02:07:01.174" endtime="20231120 02:07:07.632"/>
</kw>
<test id="s1-s1-s1-s1-t1" name="Only Scale Full Flow" line="24">
<kw name="Create A Order For Scale" type="SETUP">
<kw name="Del Exist Order">
<kw name="Search Order" library="rest_res">
<var>${plate_result}</var>
<arg>${plate_no}</arg>
<kw name="Auth Api With Max Pri" library="rest_res">
<kw name="Create Max Pri User" library="cli_res">
<kw name="Connect ZH" library="cli_res">
<kw name="Connect SH" library="cli_res">
<kw name="Open Connection" library="SSHLibrary">
<arg>localhost</arg>
<arg>prompt=REGEXP:.*[&gt;#]$</arg>
<arg>port=8222</arg>
<arg>escape_ansi=True</arg>
<arg>term_type=vt100</arg>
<arg>timeout=9s</arg>
<doc>Opens a new SSH connection to the given ``host`` and ``port``.</doc>
<status status="PASS" starttime="20231120 02:07:07.637" endtime="20231120 02:07:07.638"/>
</kw>
<kw name="Login" library="SSHLibrary">
<arg>root</arg>
<arg>P@ssw0rd</arg>
<doc>Logs into the SSH server with the given ``username`` and ``password``.</doc>
<msg timestamp="20231120 02:07:07.639" level="INFO">Logging into 'localhost:8222' as 'root'.</msg>
<msg timestamp="20231120 02:07:07.790" level="INFO">Read output: Welcome to Ubuntu 20.04.2 LTS (GNU/Linux 5.10.47-linuxkit x86_64)

 * Documentation:  https://help.ubuntu.com
 * Management:     https://landscape.canonical.com
 * Support:        https://ubuntu.com/advantage

This system has been minimized by removing packages and content that are
not required on a system that users do not log into.

To restore this content, you can run the 'unminimize' command.
Last login: Mon Nov 20 02:07:01 2023 from 172.17.0.1
root@5df78d0a6fee:~#</msg>
<status status="PASS" starttime="20231120 02:07:07.638" endtime="20231120 02:07:07.790"/>
</kw>
<kw name="Write" library="SSHLibrary">
<arg>source ~/.bashrc</arg>
<doc>Writes the given ``text`` on the remote machine and appends a newline.</doc>
<msg timestamp="20231120 02:07:07.794" level="INFO">source ~/.bashrc</msg>
<status status="PASS" starttime="20231120 02:07:07.791" endtime="20231120 02:07:07.795"/>
</kw>
<kw name="Read Until Prompt" library="SSHLibrary">
<doc>Consumes and returns the server output until the prompt is found.</doc>
<msg timestamp="20231120 02:07:07.801" level="INFO">root@5df78d0a6fee:~#</msg>
<status status="PASS" starttime="20231120 02:07:07.795" endtime="20231120 02:07:07.801"/>
</kw>
<status status="PASS" starttime="20231120 02:07:07.637" endtime="20231120 02:07:07.802"/>
</kw>
<kw name="Run ZH Cmd" library="cli_res">
<arg>zh_cli -d</arg>
<kw name="Log" library="BuiltIn">
<arg>${cmd}</arg>
<doc>Logs the given message with the given level.</doc>
<msg timestamp="20231120 02:07:07.803" level="INFO">zh_cli -d</msg>
<status status="PASS" starttime="20231120 02:07:07.802" endtime="20231120 02:07:07.803"/>
</kw>
<kw name="Write" library="SSHLibrary">
<arg>${cmd}</arg>
<doc>Writes the given ``text`` on the remote machine and appends a newline.</doc>
<msg timestamp="20231120 02:07:07.806" level="INFO">zh_cli -d</msg>
<status status="PASS" starttime="20231120 02:07:07.803" endtime="20231120 02:07:07.806"/>
</kw>
<kw name="Read Until Prompt" library="SSHLibrary">
<var>${output}</var>
<arg>loglevel=INFO</arg>
<arg>strip_prompt=True</arg>
<doc>Consumes and returns the server output until the prompt is found.</doc>
<msg timestamp="20231120 02:07:07.810" level="INFO">${output} = </msg>
<status status="PASS" starttime="20231120 02:07:07.807" endtime="20231120 02:07:07.811"/>
</kw>
<kw name="Log" library="BuiltIn">
<arg>${output}</arg>
<doc>Logs the given message with the given level.</doc>
<msg timestamp="20231120 02:07:07.811" level="INFO"/>
<status status="PASS" starttime="20231120 02:07:07.811" endtime="20231120 02:07:07.811"/>
</kw>
<kw name="Encode String To Bytes" library="String">
<var>${output}</var>
<arg>${output}</arg>
<arg>iso-8859-1</arg>
<doc>Encodes the given Unicode ``string`` to bytes using the given ``encoding``.</doc>
<msg timestamp="20231120 02:07:07.812" level="INFO">${output} = </msg>
<status status="PASS" starttime="20231120 02:07:07.812" endtime="20231120 02:07:07.812"/>
</kw>
<kw name="Decode Bytes To String" library="String">
<var>${output}</var>
<arg>${output}</arg>
<arg>UTF-8</arg>
<doc>Decodes the given ``bytes`` to a Unicode string using the given ``encoding``.</doc>
<msg timestamp="20231120 02:07:07.813" level="INFO">${output} = </msg>
<status status="PASS" starttime="20231120 02:07:07.813" endtime="20231120 02:07:07.813"/>
</kw>
<return>
<value>${output}</value>
<status status="PASS" starttime="20231120 02:07:07.813" endtime="20231120 02:07:07.814"/>
</return>
<status status="PASS" starttime="20231120 02:07:07.802" endtime="20231120 02:07:07.814"/>
</kw>
<status status="PASS" starttime="20231120 02:07:07.636" endtime="20231120 02:07:07.814"/>
</kw>
<kw name="Run ZH Cmd" library="cli_res">
<arg>rbac</arg>
<kw name="Log" library="BuiltIn">
<arg>${cmd}</arg>
<doc>Logs the given message with the given level.</doc>
<msg timestamp="20231120 02:07:07.815" level="INFO">rbac</msg>
<status status="PASS" starttime="20231120 02:07:07.815" endtime="20231120 02:07:07.816"/>
</kw>
<kw name="Write" library="SSHLibrary">
<arg>${cmd}</arg>
<doc>Writes the given ``text`` on the remote machine and appends a newline.</doc>
<msg timestamp="20231120 02:07:07.818" level="INFO">rbac</msg>
<status status="PASS" starttime="20231120 02:07:07.816" endtime="20231120 02:07:07.818"/>
</kw>
<kw name="Read Until Prompt" library="SSHLibrary">
<var>${output}</var>
<arg>loglevel=INFO</arg>
<arg>strip_prompt=True</arg>
<doc>Consumes and returns the server output until the prompt is found.</doc>
<msg timestamp="20231120 02:07:07.819" level="INFO">${output} = </msg>
<status status="PASS" starttime="20231120 02:07:07.819" endtime="20231120 02:07:07.820"/>
</kw>
<kw name="Log" library="BuiltIn">
<arg>${output}</arg>
<doc>Logs the given message with the given level.</doc>
<msg timestamp="20231120 02:07:07.820" level="INFO"/>
<status status="PASS" starttime="20231120 02:07:07.820" endtime="20231120 02:07:07.820"/>
</kw>
<kw name="Encode String To Bytes" library="String">
<var>${output}</var>
<arg>${output}</arg>
<arg>iso-8859-1</arg>
<doc>Encodes the given Unicode ``string`` to bytes using the given ``encoding``.</doc>
<msg timestamp="20231120 02:07:07.821" level="INFO">${output} = </msg>
<status status="PASS" starttime="20231120 02:07:07.821" endtime="20231120 02:07:07.821"/>
</kw>
<kw name="Decode Bytes To String" library="String">
<var>${output}</var>
<arg>${output}</arg>
<arg>UTF-8</arg>
<doc>Decodes the given ``bytes`` to a Unicode string using the given ``encoding``.</doc>
<msg timestamp="20231120 02:07:07.822" level="INFO">${output} = </msg>
<status status="PASS" starttime="20231120 02:07:07.821" endtime="20231120 02:07:07.822"/>
</kw>
<return>
<value>${output}</value>
<status status="PASS" starttime="20231120 02:07:07.822" endtime="20231120 02:07:07.823"/>
</return>
<status status="PASS" starttime="20231120 02:07:07.814" endtime="20231120 02:07:07.823"/>
</kw>
<kw name="Run ZH Cmd" library="cli_res">
<arg>add_user ${super_user_name} ${super_user_phone} 111</arg>
<kw name="Log" library="BuiltIn">
<arg>${cmd}</arg>
<doc>Logs the given message with the given level.</doc>
<msg timestamp="20231120 02:07:07.824" level="INFO">add_user su 111 111</msg>
<status status="PASS" starttime="20231120 02:07:07.824" endtime="20231120 02:07:07.824"/>
</kw>
<kw name="Write" library="SSHLibrary">
<arg>${cmd}</arg>
<doc>Writes the given ``text`` on the remote machine and appends a newline.</doc>
<msg timestamp="20231120 02:07:07.827" level="INFO">add_user su 111 111</msg>
<status status="PASS" starttime="20231120 02:07:07.824" endtime="20231120 02:07:07.827"/>
</kw>
<kw name="Read Until Prompt" library="SSHLibrary">
<var>${output}</var>
<arg>loglevel=INFO</arg>
<arg>strip_prompt=True</arg>
<doc>Consumes and returns the server output until the prompt is found.</doc>
<msg timestamp="20231120 02:07:07.830" level="INFO">ç¨æ·å·²å­å¨</msg>
<msg timestamp="20231120 02:07:07.830" level="INFO">${output} = ç¨æ·å·²å­å¨
</msg>
<status status="PASS" starttime="20231120 02:07:07.827" endtime="20231120 02:07:07.830"/>
</kw>
<kw name="Log" library="BuiltIn">
<arg>${output}</arg>
<doc>Logs the given message with the given level.</doc>
<msg timestamp="20231120 02:07:07.831" level="INFO">ç¨æ·å·²å­å¨
</msg>
<status status="PASS" starttime="20231120 02:07:07.831" endtime="20231120 02:07:07.831"/>
</kw>
<kw name="Encode String To Bytes" library="String">
<var>${output}</var>
<arg>${output}</arg>
<arg>iso-8859-1</arg>
<doc>Encodes the given Unicode ``string`` to bytes using the given ``encoding``.</doc>
<msg timestamp="20231120 02:07:07.832" level="INFO">${output} = \xe7\x94\xa8\xe6\x88\xb7\xe5\xb7\xb2\xe5\xad\x98\xe5\x9c\xa8
</msg>
<status status="PASS" starttime="20231120 02:07:07.831" endtime="20231120 02:07:07.832"/>
</kw>
<kw name="Decode Bytes To String" library="String">
<var>${output}</var>
<arg>${output}</arg>
<arg>UTF-8</arg>
<doc>Decodes the given ``bytes`` to a Unicode string using the given ``encoding``.</doc>
<msg timestamp="20231120 02:07:07.833" level="INFO">${output} = 用户已存在
</msg>
<status status="PASS" starttime="20231120 02:07:07.832" endtime="20231120 02:07:07.833"/>
</kw>
<return>
<value>${output}</value>
<status status="PASS" starttime="20231120 02:07:07.833" endtime="20231120 02:07:07.833"/>
</return>
<status status="PASS" starttime="20231120 02:07:07.823" endtime="20231120 02:07:07.833"/>
</kw>
<kw name="Run ZH Cmd" library="cli_res">
<var>${user_list}</var>
<arg>show_users</arg>
<kw name="Log" library="BuiltIn">
<arg>${cmd}</arg>
<doc>Logs the given message with the given level.</doc>
<msg timestamp="20231120 02:07:07.835" level="INFO">show_users</msg>
<status status="PASS" starttime="20231120 02:07:07.834" endtime="20231120 02:07:07.835"/>
</kw>
<kw name="Write" library="SSHLibrary">
<arg>${cmd}</arg>
<doc>Writes the given ``text`` on the remote machine and appends a newline.</doc>
<msg timestamp="20231120 02:07:07.837" level="INFO">show_users</msg>
<status status="PASS" starttime="20231120 02:07:07.835" endtime="20231120 02:07:07.837"/>
</kw>
<kw name="Read Until Prompt" library="SSHLibrary">
<var>${output}</var>
<arg>loglevel=INFO</arg>
<arg>strip_prompt=True</arg>
<doc>Consumes and returns the server output until the prompt is found.</doc>
<msg timestamp="20231120 02:07:10.136" level="INFO">+----+------+-------+----------------------------------+-------+
| ID | name | phone | pwd                              | roles |
+----+------+-------+----------------------------------+-------+
| 1  | su   | 111   | 698D51A19D8A121CE581499D7B701668 | admin |
+----+------+-------+----------------------------------+-------+</msg>
<msg timestamp="20231120 02:07:10.137" level="INFO">${output} = +----+------+-------+----------------------------------+-------+
| ID | name | phone | pwd                              | roles |
+----+------+-------+----------------------------------+-------+
| ...</msg>
<status status="PASS" starttime="20231120 02:07:07.838" endtime="20231120 02:07:10.137"/>
</kw>
<kw name="Log" library="BuiltIn">
<arg>${output}</arg>
<doc>Logs the given message with the given level.</doc>
<msg timestamp="20231120 02:07:10.138" level="INFO">+----+------+-------+----------------------------------+-------+
| ID | name | phone | pwd                              | roles |
+----+------+-------+----------------------------------+-------+
| 1  | su   | 111   | 698D51A19D8A121CE581499D7B701668 | admin |
+----+------+-------+----------------------------------+-------+
</msg>
<status status="PASS" starttime="20231120 02:07:10.137" endtime="20231120 02:07:10.138"/>
</kw>
<kw name="Encode String To Bytes" library="String">
<var>${output}</var>
<arg>${output}</arg>
<arg>iso-8859-1</arg>
<doc>Encodes the given Unicode ``string`` to bytes using the given ``encoding``.</doc>
<msg timestamp="20231120 02:07:10.139" level="INFO">${output} = +----+------+-------+----------------------------------+-------+
| ID | name | phone | pwd                              | roles |
+----+------+-------+----------------------------------+-------+
| ...</msg>
<status status="PASS" starttime="20231120 02:07:10.138" endtime="20231120 02:07:10.139"/>
</kw>
<kw name="Decode Bytes To String" library="String">
<var>${output}</var>
<arg>${output}</arg>
<arg>UTF-8</arg>
<doc>Decodes the given ``bytes`` to a Unicode string using the given ``encoding``.</doc>
<msg timestamp="20231120 02:07:10.139" level="INFO">${output} = +----+------+-------+----------------------------------+-------+
| ID | name | phone | pwd                              | roles |
+----+------+-------+----------------------------------+-------+
| ...</msg>
<status status="PASS" starttime="20231120 02:07:10.139" endtime="20231120 02:07:10.139"/>
</kw>
<return>
<value>${output}</value>
<status status="PASS" starttime="20231120 02:07:10.140" endtime="20231120 02:07:10.140"/>
</return>
<msg timestamp="20231120 02:07:10.140" level="INFO">${user_list} = +----+------+-------+----------------------------------+-------+
| ID | name | phone | pwd                              | roles |
+----+------+-------+----------------------------------+-------+
| ...</msg>
<status status="PASS" starttime="20231120 02:07:07.834" endtime="20231120 02:07:10.141"/>
</kw>
<kw name="Get Lines Containing String" library="String">
<var>${lines}</var>
<arg>${user_list}</arg>
<arg>${super_user_name}</arg>
<doc>Returns lines of the given ``string`` that contain the ``pattern``.</doc>
<msg timestamp="20231120 02:07:10.142" level="INFO">1 out of 5 lines matched</msg>
<msg timestamp="20231120 02:07:10.142" level="INFO">${lines} = | 1  | su   | 111   | 698D51A19D8A121CE581499D7B701668 | admin |</msg>
<status status="PASS" starttime="20231120 02:07:10.141" endtime="20231120 02:07:10.143"/>
</kw>
<kw name="Get Line" library="String">
<var>${line}</var>
<arg>${lines}</arg>
<arg>0</arg>
<doc>Returns the specified line from the given ``string``.</doc>
<msg timestamp="20231120 02:07:10.144" level="INFO">${line} = | 1  | su   | 111   | 698D51A19D8A121CE581499D7B701668 | admin |</msg>
<status status="PASS" starttime="20231120 02:07:10.143" endtime="20231120 02:07:10.144"/>
</kw>
<kw name="Split String" library="String">
<var>${line_array}</var>
<arg>${line}</arg>
<arg>|</arg>
<doc>Splits the ``string`` using ``separator`` as a delimiter string.</doc>
<msg timestamp="20231120 02:07:10.145" level="INFO">${line_array} = ['', ' 1  ', ' su   ', ' 111   ', ' 698D51A19D8A121CE581499D7B701668 ', ' admin ', '']</msg>
<status status="PASS" starttime="20231120 02:07:10.144" endtime="20231120 02:07:10.145"/>
</kw>
<kw name="Set Variable" library="BuiltIn">
<var>${user_id}</var>
<arg>${line_array[1]}</arg>
<doc>Returns the given values which can then be assigned to a variables.</doc>
<msg timestamp="20231120 02:07:10.146" level="INFO">${user_id} =  1  </msg>
<status status="PASS" starttime="20231120 02:07:10.145" endtime="20231120 02:07:10.146"/>
</kw>
<kw name="Run ZH Cmd" library="cli_res">
<arg>add_user_to_role 1 ${user_id}</arg>
<kw name="Log" library="BuiltIn">
<arg>${cmd}</arg>
<doc>Logs the given message with the given level.</doc>
<msg timestamp="20231120 02:07:10.148" level="INFO">add_user_to_role 1  1  </msg>
<status status="PASS" starttime="20231120 02:07:10.147" endtime="20231120 02:07:10.148"/>
</kw>
<kw name="Write" library="SSHLibrary">
<arg>${cmd}</arg>
<doc>Writes the given ``text`` on the remote machine and appends a newline.</doc>
<msg timestamp="20231120 02:07:10.151" level="INFO">add_user_to_role 1  1</msg>
<status status="PASS" starttime="20231120 02:07:10.148" endtime="20231120 02:07:10.151"/>
</kw>
<kw name="Read Until Prompt" library="SSHLibrary">
<var>${output}</var>
<arg>loglevel=INFO</arg>
<arg>strip_prompt=True</arg>
<doc>Consumes and returns the server output until the prompt is found.</doc>
<msg timestamp="20231120 02:07:10.158" level="INFO">${output} = </msg>
<status status="PASS" starttime="20231120 02:07:10.152" endtime="20231120 02:07:10.158"/>
</kw>
<kw name="Log" library="BuiltIn">
<arg>${output}</arg>
<doc>Logs the given message with the given level.</doc>
<msg timestamp="20231120 02:07:10.159" level="INFO"/>
<status status="PASS" starttime="20231120 02:07:10.158" endtime="20231120 02:07:10.159"/>
</kw>
<kw name="Encode String To Bytes" library="String">
<var>${output}</var>
<arg>${output}</arg>
<arg>iso-8859-1</arg>
<doc>Encodes the given Unicode ``string`` to bytes using the given ``encoding``.</doc>
<msg timestamp="20231120 02:07:10.159" level="INFO">${output} = </msg>
<status status="PASS" starttime="20231120 02:07:10.159" endtime="20231120 02:07:10.160"/>
</kw>
<kw name="Decode Bytes To String" library="String">
<var>${output}</var>
<arg>${output}</arg>
<arg>UTF-8</arg>
<doc>Decodes the given ``bytes`` to a Unicode string using the given ``encoding``.</doc>
<msg timestamp="20231120 02:07:10.161" level="INFO">${output} = </msg>
<status status="PASS" starttime="20231120 02:07:10.160" endtime="20231120 02:07:10.161"/>
</kw>
<return>
<value>${output}</value>
<status status="PASS" starttime="20231120 02:07:10.161" endtime="20231120 02:07:10.161"/>
</return>
<status status="PASS" starttime="20231120 02:07:10.147" endtime="20231120 02:07:10.161"/>
</kw>
<kw name="DisConnect" library="cli_res" type="TEARDOWN">
<kw name="Close Connection" library="SSHLibrary">
<doc>Closes the current connection.</doc>
<status status="PASS" starttime="20231120 02:07:10.162" endtime="20231120 02:07:10.163"/>
</kw>
<status status="PASS" starttime="20231120 02:07:10.162" endtime="20231120 02:07:10.163"/>
</kw>
<status status="PASS" starttime="20231120 02:07:07.636" endtime="20231120 02:07:10.163"/>
</kw>
<kw name="Get Max Pri User" library="cli_res">
<var>${user_phone}</var>
<var>${user_pwd}</var>
<return>
<value>${super_user_phone}</value>
<value>${super_user_pwd}</value>
<status status="PASS" starttime="20231120 02:07:10.164" endtime="20231120 02:07:10.164"/>
</return>
<msg timestamp="20231120 02:07:10.164" level="INFO">${user_phone} = 111</msg>
<msg timestamp="20231120 02:07:10.164" level="INFO">${user_pwd} = 698D51A19D8A121CE581499D7B701668</msg>
<status status="PASS" starttime="20231120 02:07:10.163" endtime="20231120 02:07:10.164"/>
</kw>
<kw name="Create Dictionary" library="BuiltIn">
<var>${login_data}</var>
<arg>phone=${user_phone}</arg>
<arg>pwd=${user_pwd}</arg>
<doc>Creates and returns a dictionary based on the given ``items``.</doc>
<msg timestamp="20231120 02:07:10.166" level="INFO">${login_data} = {'phone': '111', 'pwd': '698D51A19D8A121CE581499D7B701668'}</msg>
<status status="PASS" starttime="20231120 02:07:10.165" endtime="20231120 02:07:10.167"/>
</kw>
<kw name="POST to Server Success" library="rest_res">
<var>${token_resp}</var>
<arg>/login</arg>
<arg>${login_data}</arg>
<kw name="POST to Server Try" library="rest_res">
<var>${resp}</var>
<arg>${url}</arg>
<arg>${req_dic}</arg>
<kw name="Create Dictionary" library="BuiltIn">
<var>${header}</var>
<arg>token=${token}</arg>
<doc>Creates and returns a dictionary based on the given ``items``.</doc>
<msg timestamp="20231120 02:07:10.169" level="INFO">${header} = {'token': ''}</msg>
<status status="PASS" starttime="20231120 02:07:10.168" endtime="20231120 02:07:10.169"/>
</kw>
<kw name="POST" library="RequestsLibrary">
<var>${resp}</var>
<arg>url=${BASE_URL}${url}</arg>
<arg>json=${req_dic}</arg>
<arg>headers=${header}</arg>
<doc>Sends a POST request.</doc>
<msg timestamp="20231120 02:07:10.228" level="INFO">POST Request : url=http://localhost:31700/api/login 
 path_url=/api/login 
 headers={'User-Agent': 'python-requests/2.31.0', 'Accept-Encoding': 'gzip, deflate', 'Accept': '*/*', 'Connection': 'keep-alive', 'token': '', 'Content-Length': '59', 'Content-Type': 'application/json'} 
 body=b'{"phone": "111", "pwd": "698D51A19D8A121CE581499D7B701668"}' 
 </msg>
<msg timestamp="20231120 02:07:10.228" level="INFO">POST Response : url=http://localhost:31700/api/login 
 status=200, reason=OK 
 headers={'Server': 'nginx/1.18.0 (Ubuntu)', 'Date': 'Sun, 19 Nov 2023 18:07:10 GMT', 'Content-Type': 'application/json; charset=utf-8', 'Content-Length': '58', 'Connection': 'keep-alive', 'X-Powered-By': 'Express', 'ETag': 'W/"3a-b6MDt6X7t6xtdX8PIMvhn9lYpCQ"', 'Access-Control-Allow-Origin': '*', 'Access-Control-Allow-Headers': 'X-Requested-With', 'Access-Control-Allow-Methods': 'GET,POST,OPTIONS'} 
 body={"err_msg":"","result":"C59DEB27537A4F7CA95563B58C2FF1A5"} 
 </msg>
<msg timestamp="20231120 02:07:10.229" level="INFO">${resp} = &lt;Response [200]&gt;</msg>
<status status="PASS" starttime="20231120 02:07:10.169" endtime="20231120 02:07:10.229"/>
</kw>
<return>
<value>${resp}</value>
<status status="PASS" starttime="20231120 02:07:10.229" endtime="20231120 02:07:10.229"/>
</return>
<msg timestamp="20231120 02:07:10.230" level="INFO">${resp} = &lt;Response [200]&gt;</msg>
<status status="PASS" starttime="20231120 02:07:10.168" endtime="20231120 02:07:10.230"/>
</kw>
<kw name="Should Be Empty" library="BuiltIn">
<arg>${resp.json()}[err_msg]</arg>
<doc>Verifies that the given item is empty.</doc>
<msg timestamp="20231120 02:07:10.231" level="INFO">Length is 0</msg>
<status status="PASS" starttime="20231120 02:07:10.230" endtime="20231120 02:07:10.232"/>
</kw>
<return>
<value>${resp.json()}[result]</value>
<status status="PASS" starttime="20231120 02:07:10.232" endtime="20231120 02:07:10.232"/>
</return>
<msg timestamp="20231120 02:07:10.233" level="INFO">${token_resp} = C59DEB27537A4F7CA95563B58C2FF1A5</msg>
<status status="PASS" starttime="20231120 02:07:10.167" endtime="20231120 02:07:10.233"/>
</kw>
<kw name="Set Suite Variable" library="BuiltIn">
<arg>${token}</arg>
<arg>${token_resp}</arg>
<doc>Makes a variable available everywhere within the scope of the current suite.</doc>
<msg timestamp="20231120 02:07:10.234" level="INFO">${token} = C59DEB27537A4F7CA95563B58C2FF1A5</msg>
<status status="PASS" starttime="20231120 02:07:10.233" endtime="20231120 02:07:10.234"/>
</kw>
<status status="PASS" starttime="20231120 02:07:07.635" endtime="20231120 02:07:10.234"/>
</kw>
<kw name="Create Dictionary" library="BuiltIn">
<var>${search_condition}</var>
<arg>plate_number=${plate_no}</arg>
<arg>driver_phone=${driver_phone}</arg>
<arg>exp_status=${100}</arg>
<doc>Creates and returns a dictionary based on the given ``items``.</doc>
<msg timestamp="20231120 02:07:10.236" level="INFO">${search_condition} = {'plate_number': '京A12345', 'driver_phone': '', 'exp_status': 100}</msg>
<status status="PASS" starttime="20231120 02:07:10.234" endtime="20231120 02:07:10.236"/>
</kw>
<kw name="POST to Server Success" library="rest_res">
<var>${search_result}</var>
<arg>/order/search</arg>
<arg>${search_condition}</arg>
<kw name="POST to Server Try" library="rest_res">
<var>${resp}</var>
<arg>${url}</arg>
<arg>${req_dic}</arg>
<kw name="Create Dictionary" library="BuiltIn">
<var>${header}</var>
<arg>token=${token}</arg>
<doc>Creates and returns a dictionary based on the given ``items``.</doc>
<msg timestamp="20231120 02:07:10.238" level="INFO">${header} = {'token': 'C59DEB27537A4F7CA95563B58C2FF1A5'}</msg>
<status status="PASS" starttime="20231120 02:07:10.237" endtime="20231120 02:07:10.239"/>
</kw>
<kw name="POST" library="RequestsLibrary">
<var>${resp}</var>
<arg>url=${BASE_URL}${url}</arg>
<arg>json=${req_dic}</arg>
<arg>headers=${header}</arg>
<doc>Sends a POST request.</doc>
<msg timestamp="20231120 02:07:10.266" level="INFO">POST Request : url=http://localhost:31700/api/order/search 
 path_url=/api/order/search 
 headers={'User-Agent': 'python-requests/2.31.0', 'Accept-Encoding': 'gzip, deflate', 'Accept': '*/*', 'Connection': 'keep-alive', 'token': 'C59DEB27537A4F7CA95563B58C2FF1A5', 'Content-Length': '71', 'Content-Type': 'application/json'} 
 body=b'{"plate_number": "\\u4eacA12345", "driver_phone": "", "exp_status": 100}' 
 </msg>
<msg timestamp="20231120 02:07:10.266" level="INFO">POST Response : url=http://localhost:31700/api/order/search 
 status=200, reason=OK 
 headers={'Server': 'nginx/1.18.0 (Ubuntu)', 'Date': 'Sun, 19 Nov 2023 18:07:10 GMT', 'Content-Type': 'application/json; charset=utf-8', 'Content-Length': '26', 'Connection': 'keep-alive', 'X-Powered-By': 'Express', 'ETag': 'W/"1a-cDYBqJ/Iqmf1jbwRIjDduJ9P1Vo"', 'Access-Control-Allow-Origin': '*', 'Access-Control-Allow-Headers': 'X-Requested-With', 'Access-Control-Allow-Methods': 'GET,POST,OPTIONS'} 
 body={"err_msg":"","result":[]} 
 </msg>
<msg timestamp="20231120 02:07:10.266" level="INFO">${resp} = &lt;Response [200]&gt;</msg>
<status status="PASS" starttime="20231120 02:07:10.239" endtime="20231120 02:07:10.267"/>
</kw>
<return>
<value>${resp}</value>
<status status="PASS" starttime="20231120 02:07:10.267" endtime="20231120 02:07:10.267"/>
</return>
<msg timestamp="20231120 02:07:10.267" level="INFO">${resp} = &lt;Response [200]&gt;</msg>
<status status="PASS" starttime="20231120 02:07:10.237" endtime="20231120 02:07:10.268"/>
</kw>
<kw name="Should Be Empty" library="BuiltIn">
<arg>${resp.json()}[err_msg]</arg>
<doc>Verifies that the given item is empty.</doc>
<msg timestamp="20231120 02:07:10.269" level="INFO">Length is 0</msg>
<status status="PASS" starttime="20231120 02:07:10.268" endtime="20231120 02:07:10.269"/>
</kw>
<return>
<value>${resp.json()}[result]</value>
<status status="PASS" starttime="20231120 02:07:10.269" endtime="20231120 02:07:10.269"/>
</return>
<msg timestamp="20231120 02:07:10.270" level="INFO">${search_result} = []</msg>
<status status="PASS" starttime="20231120 02:07:10.236" endtime="20231120 02:07:10.270"/>
</kw>
<return>
<value>${search_result}</value>
<status status="PASS" starttime="20231120 02:07:10.270" endtime="20231120 02:07:10.271"/>
</return>
<msg timestamp="20231120 02:07:10.271" level="INFO">${plate_result} = []</msg>
<status status="PASS" starttime="20231120 02:07:07.634" endtime="20231120 02:07:10.271"/>
</kw>
<kw name="Get Length" library="BuiltIn">
<var>${plate_result_length}</var>
<arg>${plate_result}</arg>
<doc>Returns and logs the length of the given item as an integer.</doc>
<msg timestamp="20231120 02:07:10.272" level="INFO">Length is 0</msg>
<msg timestamp="20231120 02:07:10.272" level="INFO">${plate_result_length} = 0</msg>
<status status="PASS" starttime="20231120 02:07:10.272" endtime="20231120 02:07:10.272"/>
</kw>
<if>
<branch type="IF" condition="${plate_result_length} &gt; 0">
<kw name="Del Order Try" library="rest_res">
<arg>${plate_result}[0][order_number]</arg>
<status status="NOT RUN" starttime="20231120 02:07:10.273" endtime="20231120 02:07:10.273"/>
</kw>
<status status="NOT RUN" starttime="20231120 02:07:10.272" endtime="20231120 02:07:10.273"/>
</branch>
<status status="PASS" starttime="20231120 02:07:10.272" endtime="20231120 02:07:10.273"/>
</if>
<kw name="Search Order" library="rest_res">
<var>${driver_result}</var>
<arg>driver_phone=${driver_phone}</arg>
<kw name="Auth Api With Max Pri" library="rest_res">
<kw name="Create Max Pri User" library="cli_res">
<kw name="Connect ZH" library="cli_res">
<kw name="Connect SH" library="cli_res">
<kw name="Open Connection" library="SSHLibrary">
<arg>localhost</arg>
<arg>prompt=REGEXP:.*[&gt;#]$</arg>
<arg>port=8222</arg>
<arg>escape_ansi=True</arg>
<arg>term_type=vt100</arg>
<arg>timeout=9s</arg>
<doc>Opens a new SSH connection to the given ``host`` and ``port``.</doc>
<status status="PASS" starttime="20231120 02:07:10.276" endtime="20231120 02:07:10.277"/>
</kw>
<kw name="Login" library="SSHLibrary">
<arg>root</arg>
<arg>P@ssw0rd</arg>
<doc>Logs into the SSH server with the given ``username`` and ``password``.</doc>
<msg timestamp="20231120 02:07:10.277" level="INFO">Logging into 'localhost:8222' as 'root'.</msg>
<msg timestamp="20231120 02:07:10.423" level="INFO">Read output: Welcome to Ubuntu 20.04.2 LTS (GNU/Linux 5.10.47-linuxkit x86_64)

 * Documentation:  https://help.ubuntu.com
 * Management:     https://landscape.canonical.com
 * Support:        https://ubuntu.com/advantage

This system has been minimized by removing packages and content that are
not required on a system that users do not log into.

To restore this content, you can run the 'unminimize' command.
Last login: Mon Nov 20 02:07:07 2023 from 172.17.0.1
root@5df78d0a6fee:~#</msg>
<status status="PASS" starttime="20231120 02:07:10.277" endtime="20231120 02:07:10.423"/>
</kw>
<kw name="Write" library="SSHLibrary">
<arg>source ~/.bashrc</arg>
<doc>Writes the given ``text`` on the remote machine and appends a newline.</doc>
<msg timestamp="20231120 02:07:10.427" level="INFO">source ~/.bashrc</msg>
<status status="PASS" starttime="20231120 02:07:10.424" endtime="20231120 02:07:10.427"/>
</kw>
<kw name="Read Until Prompt" library="SSHLibrary">
<doc>Consumes and returns the server output until the prompt is found.</doc>
<msg timestamp="20231120 02:07:10.434" level="INFO">root@5df78d0a6fee:~#</msg>
<status status="PASS" starttime="20231120 02:07:10.428" endtime="20231120 02:07:10.434"/>
</kw>
<status status="PASS" starttime="20231120 02:07:10.276" endtime="20231120 02:07:10.435"/>
</kw>
<kw name="Run ZH Cmd" library="cli_res">
<arg>zh_cli -d</arg>
<kw name="Log" library="BuiltIn">
<arg>${cmd}</arg>
<doc>Logs the given message with the given level.</doc>
<msg timestamp="20231120 02:07:10.436" level="INFO">zh_cli -d</msg>
<status status="PASS" starttime="20231120 02:07:10.435" endtime="20231120 02:07:10.436"/>
</kw>
<kw name="Write" library="SSHLibrary">
<arg>${cmd}</arg>
<doc>Writes the given ``text`` on the remote machine and appends a newline.</doc>
<msg timestamp="20231120 02:07:10.439" level="INFO">zh_cli -d</msg>
<status status="PASS" starttime="20231120 02:07:10.436" endtime="20231120 02:07:10.439"/>
</kw>
<kw name="Read Until Prompt" library="SSHLibrary">
<var>${output}</var>
<arg>loglevel=INFO</arg>
<arg>strip_prompt=True</arg>
<doc>Consumes and returns the server output until the prompt is found.</doc>
<msg timestamp="20231120 02:07:10.443" level="INFO">${output} = </msg>
<status status="PASS" starttime="20231120 02:07:10.439" endtime="20231120 02:07:10.444"/>
</kw>
<kw name="Log" library="BuiltIn">
<arg>${output}</arg>
<doc>Logs the given message with the given level.</doc>
<msg timestamp="20231120 02:07:10.444" level="INFO"/>
<status status="PASS" starttime="20231120 02:07:10.444" endtime="20231120 02:07:10.444"/>
</kw>
<kw name="Encode String To Bytes" library="String">
<var>${output}</var>
<arg>${output}</arg>
<arg>iso-8859-1</arg>
<doc>Encodes the given Unicode ``string`` to bytes using the given ``encoding``.</doc>
<msg timestamp="20231120 02:07:10.445" level="INFO">${output} = </msg>
<status status="PASS" starttime="20231120 02:07:10.445" endtime="20231120 02:07:10.446"/>
</kw>
<kw name="Decode Bytes To String" library="String">
<var>${output}</var>
<arg>${output}</arg>
<arg>UTF-8</arg>
<doc>Decodes the given ``bytes`` to a Unicode string using the given ``encoding``.</doc>
<msg timestamp="20231120 02:07:10.446" level="INFO">${output} = </msg>
<status status="PASS" starttime="20231120 02:07:10.446" endtime="20231120 02:07:10.446"/>
</kw>
<return>
<value>${output}</value>
<status status="PASS" starttime="20231120 02:07:10.447" endtime="20231120 02:07:10.447"/>
</return>
<status status="PASS" starttime="20231120 02:07:10.435" endtime="20231120 02:07:10.447"/>
</kw>
<status status="PASS" starttime="20231120 02:07:10.275" endtime="20231120 02:07:10.447"/>
</kw>
<kw name="Run ZH Cmd" library="cli_res">
<arg>rbac</arg>
<kw name="Log" library="BuiltIn">
<arg>${cmd}</arg>
<doc>Logs the given message with the given level.</doc>
<msg timestamp="20231120 02:07:10.448" level="INFO">rbac</msg>
<status status="PASS" starttime="20231120 02:07:10.448" endtime="20231120 02:07:10.449"/>
</kw>
<kw name="Write" library="SSHLibrary">
<arg>${cmd}</arg>
<doc>Writes the given ``text`` on the remote machine and appends a newline.</doc>
<msg timestamp="20231120 02:07:10.451" level="INFO">rbac</msg>
<status status="PASS" starttime="20231120 02:07:10.449" endtime="20231120 02:07:10.451"/>
</kw>
<kw name="Read Until Prompt" library="SSHLibrary">
<var>${output}</var>
<arg>loglevel=INFO</arg>
<arg>strip_prompt=True</arg>
<doc>Consumes and returns the server output until the prompt is found.</doc>
<msg timestamp="20231120 02:07:10.452" level="INFO">${output} = </msg>
<status status="PASS" starttime="20231120 02:07:10.452" endtime="20231120 02:07:10.453"/>
</kw>
<kw name="Log" library="BuiltIn">
<arg>${output}</arg>
<doc>Logs the given message with the given level.</doc>
<msg timestamp="20231120 02:07:10.453" level="INFO"/>
<status status="PASS" starttime="20231120 02:07:10.453" endtime="20231120 02:07:10.453"/>
</kw>
<kw name="Encode String To Bytes" library="String">
<var>${output}</var>
<arg>${output}</arg>
<arg>iso-8859-1</arg>
<doc>Encodes the given Unicode ``string`` to bytes using the given ``encoding``.</doc>
<msg timestamp="20231120 02:07:10.454" level="INFO">${output} = </msg>
<status status="PASS" starttime="20231120 02:07:10.454" endtime="20231120 02:07:10.454"/>
</kw>
<kw name="Decode Bytes To String" library="String">
<var>${output}</var>
<arg>${output}</arg>
<arg>UTF-8</arg>
<doc>Decodes the given ``bytes`` to a Unicode string using the given ``encoding``.</doc>
<msg timestamp="20231120 02:07:10.455" level="INFO">${output} = </msg>
<status status="PASS" starttime="20231120 02:07:10.454" endtime="20231120 02:07:10.455"/>
</kw>
<return>
<value>${output}</value>
<status status="PASS" starttime="20231120 02:07:10.455" endtime="20231120 02:07:10.455"/>
</return>
<status status="PASS" starttime="20231120 02:07:10.447" endtime="20231120 02:07:10.456"/>
</kw>
<kw name="Run ZH Cmd" library="cli_res">
<arg>add_user ${super_user_name} ${super_user_phone} 111</arg>
<kw name="Log" library="BuiltIn">
<arg>${cmd}</arg>
<doc>Logs the given message with the given level.</doc>
<msg timestamp="20231120 02:07:10.457" level="INFO">add_user su 111 111</msg>
<status status="PASS" starttime="20231120 02:07:10.457" endtime="20231120 02:07:10.457"/>
</kw>
<kw name="Write" library="SSHLibrary">
<arg>${cmd}</arg>
<doc>Writes the given ``text`` on the remote machine and appends a newline.</doc>
<msg timestamp="20231120 02:07:10.460" level="INFO">add_user su 111 111</msg>
<status status="PASS" starttime="20231120 02:07:10.457" endtime="20231120 02:07:10.460"/>
</kw>
<kw name="Read Until Prompt" library="SSHLibrary">
<var>${output}</var>
<arg>loglevel=INFO</arg>
<arg>strip_prompt=True</arg>
<doc>Consumes and returns the server output until the prompt is found.</doc>
<msg timestamp="20231120 02:07:10.464" level="INFO">ç¨æ·å·²å­å¨</msg>
<msg timestamp="20231120 02:07:10.464" level="INFO">${output} = ç¨æ·å·²å­å¨
</msg>
<status status="PASS" starttime="20231120 02:07:10.460" endtime="20231120 02:07:10.464"/>
</kw>
<kw name="Log" library="BuiltIn">
<arg>${output}</arg>
<doc>Logs the given message with the given level.</doc>
<msg timestamp="20231120 02:07:10.465" level="INFO">ç¨æ·å·²å­å¨
</msg>
<status status="PASS" starttime="20231120 02:07:10.464" endtime="20231120 02:07:10.465"/>
</kw>
<kw name="Encode String To Bytes" library="String">
<var>${output}</var>
<arg>${output}</arg>
<arg>iso-8859-1</arg>
<doc>Encodes the given Unicode ``string`` to bytes using the given ``encoding``.</doc>
<msg timestamp="20231120 02:07:10.466" level="INFO">${output} = \xe7\x94\xa8\xe6\x88\xb7\xe5\xb7\xb2\xe5\xad\x98\xe5\x9c\xa8
</msg>
<status status="PASS" starttime="20231120 02:07:10.465" endtime="20231120 02:07:10.466"/>
</kw>
<kw name="Decode Bytes To String" library="String">
<var>${output}</var>
<arg>${output}</arg>
<arg>UTF-8</arg>
<doc>Decodes the given ``bytes`` to a Unicode string using the given ``encoding``.</doc>
<msg timestamp="20231120 02:07:10.467" level="INFO">${output} = 用户已存在
</msg>
<status status="PASS" starttime="20231120 02:07:10.466" endtime="20231120 02:07:10.467"/>
</kw>
<return>
<value>${output}</value>
<status status="PASS" starttime="20231120 02:07:10.467" endtime="20231120 02:07:10.468"/>
</return>
<status status="PASS" starttime="20231120 02:07:10.456" endtime="20231120 02:07:10.468"/>
</kw>
<kw name="Run ZH Cmd" library="cli_res">
<var>${user_list}</var>
<arg>show_users</arg>
<kw name="Log" library="BuiltIn">
<arg>${cmd}</arg>
<doc>Logs the given message with the given level.</doc>
<msg timestamp="20231120 02:07:10.469" level="INFO">show_users</msg>
<status status="PASS" starttime="20231120 02:07:10.468" endtime="20231120 02:07:10.469"/>
</kw>
<kw name="Write" library="SSHLibrary">
<arg>${cmd}</arg>
<doc>Writes the given ``text`` on the remote machine and appends a newline.</doc>
<msg timestamp="20231120 02:07:10.472" level="INFO">show_users</msg>
<status status="PASS" starttime="20231120 02:07:10.469" endtime="20231120 02:07:10.472"/>
</kw>
<kw name="Read Until Prompt" library="SSHLibrary">
<var>${output}</var>
<arg>loglevel=INFO</arg>
<arg>strip_prompt=True</arg>
<doc>Consumes and returns the server output until the prompt is found.</doc>
<msg timestamp="20231120 02:07:12.767" level="INFO">+----+------+-------+----------------------------------+-------+
| ID | name | phone | pwd                              | roles |
+----+------+-------+----------------------------------+-------+
| 1  | su   | 111   | 698D51A19D8A121CE581499D7B701668 | admin |
+----+------+-------+----------------------------------+-------+</msg>
<msg timestamp="20231120 02:07:12.767" level="INFO">${output} = +----+------+-------+----------------------------------+-------+
| ID | name | phone | pwd                              | roles |
+----+------+-------+----------------------------------+-------+
| ...</msg>
<status status="PASS" starttime="20231120 02:07:10.472" endtime="20231120 02:07:12.767"/>
</kw>
<kw name="Log" library="BuiltIn">
[...]
<msg timestamp="20231120 02:08:41.855" level="INFO">add_user_to_role 1  1  </msg>
<status status="PASS" starttime="20231120 02:08:41.855" endtime="20231120 02:08:41.855"/>
</kw>
<kw name="Write" library="SSHLibrary">
<arg>${cmd}</arg>
<doc>Writes the given ``text`` on the remote machine and appends a newline.</doc>
<msg timestamp="20231120 02:08:41.860" level="INFO">add_user_to_role 1  1</msg>
<status status="PASS" starttime="20231120 02:08:41.855" endtime="20231120 02:08:41.860"/>
</kw>
<kw name="Read Until Prompt" library="SSHLibrary">
<var>${output}</var>
<arg>loglevel=INFO</arg>
<arg>strip_prompt=True</arg>
<doc>Consumes and returns the server output until the prompt is found.</doc>
<msg timestamp="20231120 02:08:41.873" level="INFO">${output} = </msg>
<status status="PASS" starttime="20231120 02:08:41.861" endtime="20231120 02:08:41.874"/>
</kw>
<kw name="Log" library="BuiltIn">
<arg>${output}</arg>
<doc>Logs the given message with the given level.</doc>
<msg timestamp="20231120 02:08:41.874" level="INFO"/>
<status status="PASS" starttime="20231120 02:08:41.874" endtime="20231120 02:08:41.875"/>
</kw>
<kw name="Encode String To Bytes" library="String">
<var>${output}</var>
<arg>${output}</arg>
<arg>iso-8859-1</arg>
<doc>Encodes the given Unicode ``string`` to bytes using the given ``encoding``.</doc>
<msg timestamp="20231120 02:08:41.876" level="INFO">${output} = </msg>
<status status="PASS" starttime="20231120 02:08:41.875" endtime="20231120 02:08:41.876"/>
</kw>
<kw name="Decode Bytes To String" library="String">
<var>${output}</var>
<arg>${output}</arg>
<arg>UTF-8</arg>
<doc>Decodes the given ``bytes`` to a Unicode string using the given ``encoding``.</doc>
<msg timestamp="20231120 02:08:41.876" level="INFO">${output} = </msg>
<status status="PASS" starttime="20231120 02:08:41.876" endtime="20231120 02:08:41.877"/>
</kw>
<return>
<value>${output}</value>
<status status="PASS" starttime="20231120 02:08:41.877" endtime="20231120 02:08:41.877"/>
</return>
<status status="PASS" starttime="20231120 02:08:41.855" endtime="20231120 02:08:41.877"/>
</kw>
<kw name="DisConnect" library="cli_res" type="TEARDOWN">
<kw name="Close Connection" library="SSHLibrary">
<doc>Closes the current connection.</doc>
<status status="PASS" starttime="20231120 02:08:41.878" endtime="20231120 02:08:41.878"/>
</kw>
<status status="PASS" starttime="20231120 02:08:41.878" endtime="20231120 02:08:41.879"/>
</kw>
<status status="PASS" starttime="20231120 02:08:39.316" endtime="20231120 02:08:41.879"/>
</kw>
<kw name="Get Max Pri User" library="cli_res">
<var>${user_phone}</var>
<var>${user_pwd}</var>
<return>
<value>${super_user_phone}</value>
<value>${super_user_pwd}</value>
<status status="PASS" starttime="20231120 02:08:41.879" endtime="20231120 02:08:41.880"/>
</return>
<msg timestamp="20231120 02:08:41.880" level="INFO">${user_phone} = 111</msg>
<msg timestamp="20231120 02:08:41.880" level="INFO">${user_pwd} = 698D51A19D8A121CE581499D7B701668</msg>
<status status="PASS" starttime="20231120 02:08:41.879" endtime="20231120 02:08:41.880"/>
</kw>
<kw name="Create Dictionary" library="BuiltIn">
<var>${login_data}</var>
<arg>phone=${user_phone}</arg>
<arg>pwd=${user_pwd}</arg>
<doc>Creates and returns a dictionary based on the given ``items``.</doc>
<msg timestamp="20231120 02:08:41.881" level="INFO">${login_data} = {'phone': '111', 'pwd': '698D51A19D8A121CE581499D7B701668'}</msg>
<status status="PASS" starttime="20231120 02:08:41.881" endtime="20231120 02:08:41.882"/>
</kw>
<kw name="POST to Server Success" library="rest_res">
<var>${token_resp}</var>
<arg>/login</arg>
<arg>${login_data}</arg>
<kw name="POST to Server Try" library="rest_res">
<var>${resp}</var>
<arg>${url}</arg>
<arg>${req_dic}</arg>
<kw name="Create Dictionary" library="BuiltIn">
<var>${header}</var>
<arg>token=${token}</arg>
<doc>Creates and returns a dictionary based on the given ``items``.</doc>
<msg timestamp="20231120 02:08:41.884" level="INFO">${header} = {'token': 'D25E6A3FE1CC46058E289F9147B523AA'}</msg>
<status status="PASS" starttime="20231120 02:08:41.883" endtime="20231120 02:08:41.884"/>
</kw>
<kw name="POST" library="RequestsLibrary">
<var>${resp}</var>
<arg>url=${BASE_URL}${url}</arg>
<arg>json=${req_dic}</arg>
<arg>headers=${header}</arg>
<doc>Sends a POST request.</doc>
<msg timestamp="20231120 02:08:41.909" level="INFO">POST Request : url=http://localhost:31700/api/login 
 path_url=/api/login 
 headers={'User-Agent': 'python-requests/2.31.0', 'Accept-Encoding': 'gzip, deflate', 'Accept': '*/*', 'Connection': 'keep-alive', 'token': 'D25E6A3FE1CC46058E289F9147B523AA', 'Content-Length': '59', 'Content-Type': 'application/json'} 
 body=b'{"phone": "111", "pwd": "698D51A19D8A121CE581499D7B701668"}' 
 </msg>
<msg timestamp="20231120 02:08:41.909" level="INFO">POST Response : url=http://localhost:31700/api/login 
 status=200, reason=OK 
 headers={'Server': 'nginx/1.18.0 (Ubuntu)', 'Date': 'Sun, 19 Nov 2023 18:08:41 GMT', 'Content-Type': 'application/json; charset=utf-8', 'Content-Length': '58', 'Connection': 'keep-alive', 'X-Powered-By': 'Express', 'ETag': 'W/"3a-jP8io3zhZbPjCq+o+suuN92WLok"', 'Access-Control-Allow-Origin': '*', 'Access-Control-Allow-Headers': 'X-Requested-With', 'Access-Control-Allow-Methods': 'GET,POST,OPTIONS'} 
 body={"err_msg":"","result":"C1CCF80B2F0347A3BBB39D477566E080"} 
 </msg>
<msg timestamp="20231120 02:08:41.909" level="INFO">${resp} = &lt;Response [200]&gt;</msg>
<status status="PASS" starttime="20231120 02:08:41.884" endtime="20231120 02:08:41.909"/>
</kw>
<return>
<value>${resp}</value>
<status status="PASS" starttime="20231120 02:08:41.910" endtime="20231120 02:08:41.910"/>
</return>
<msg timestamp="20231120 02:08:41.910" level="INFO">${resp} = &lt;Response [200]&gt;</msg>
<status status="PASS" starttime="20231120 02:08:41.882" endtime="20231120 02:08:41.910"/>
</kw>
<kw name="Should Be Empty" library="BuiltIn">
<arg>${resp.json()}[err_msg]</arg>
<doc>Verifies that the given item is empty.</doc>
<msg timestamp="20231120 02:08:41.911" level="INFO">Length is 0</msg>
<status status="PASS" starttime="20231120 02:08:41.910" endtime="20231120 02:08:41.912"/>
</kw>
<return>
<value>${resp.json()}[result]</value>
<status status="PASS" starttime="20231120 02:08:41.912" endtime="20231120 02:08:41.912"/>
</return>
<msg timestamp="20231120 02:08:41.913" level="INFO">${token_resp} = C1CCF80B2F0347A3BBB39D477566E080</msg>
<status status="PASS" starttime="20231120 02:08:41.882" endtime="20231120 02:08:41.913"/>
</kw>
<kw name="Set Suite Variable" library="BuiltIn">
<arg>${token}</arg>
<arg>${token_resp}</arg>
<doc>Makes a variable available everywhere within the scope of the current suite.</doc>
<msg timestamp="20231120 02:08:41.914" level="INFO">${token} = C1CCF80B2F0347A3BBB39D477566E080</msg>
<status status="PASS" starttime="20231120 02:08:41.913" endtime="20231120 02:08:41.914"/>
</kw>
<status status="PASS" starttime="20231120 02:08:39.316" endtime="20231120 02:08:41.914"/>
</kw>
<kw name="Create Dictionary" library="BuiltIn">
<var>${del_req}</var>
<arg>order_number=${order_id}</arg>
<doc>Creates and returns a dictionary based on the given ``items``.</doc>
<msg timestamp="20231120 02:08:41.915" level="INFO">${del_req} = {'order_number': '170041723523'}</msg>
<status status="PASS" starttime="20231120 02:08:41.915" endtime="20231120 02:08:41.915"/>
</kw>
<kw name="POST to Server Try" library="rest_res">
<arg>/order/del</arg>
<arg>${del_req}</arg>
<kw name="Create Dictionary" library="BuiltIn">
<var>${header}</var>
<arg>token=${token}</arg>
<doc>Creates and returns a dictionary based on the given ``items``.</doc>
<msg timestamp="20231120 02:08:41.917" level="INFO">${header} = {'token': 'C1CCF80B2F0347A3BBB39D477566E080'}</msg>
<status status="PASS" starttime="20231120 02:08:41.916" endtime="20231120 02:08:41.917"/>
</kw>
<kw name="POST" library="RequestsLibrary">
<var>${resp}</var>
<arg>url=${BASE_URL}${url}</arg>
<arg>json=${req_dic}</arg>
<arg>headers=${header}</arg>
<doc>Sends a POST request.</doc>
<msg timestamp="20231120 02:08:41.939" level="INFO">POST Request : url=http://localhost:31700/api/order/del 
 path_url=/api/order/del 
 headers={'User-Agent': 'python-requests/2.31.0', 'Accept-Encoding': 'gzip, deflate', 'Accept': '*/*', 'Connection': 'keep-alive', 'token': 'C1CCF80B2F0347A3BBB39D477566E080', 'Content-Length': '32', 'Content-Type': 'application/json'} 
 body=b'{"order_number": "170041723523"}' 
 </msg>
<msg timestamp="20231120 02:08:41.940" level="INFO">POST Response : url=http://localhost:31700/api/order/del 
 status=200, reason=OK 
 headers={'Server': 'nginx/1.18.0 (Ubuntu)', 'Date': 'Sun, 19 Nov 2023 18:08:41 GMT', 'Content-Type': 'application/json; charset=utf-8', 'Content-Length': '28', 'Connection': 'keep-alive', 'X-Powered-By': 'Express', 'ETag': 'W/"1c-stdsPPIu34FoALg9qV0iGdRzCQ4"', 'Access-Control-Allow-Origin': '*', 'Access-Control-Allow-Headers': 'X-Requested-With', 'Access-Control-Allow-Methods': 'GET,POST,OPTIONS'} 
 body={"err_msg":"","result":true} 
 </msg>
<msg timestamp="20231120 02:08:41.940" level="INFO">${resp} = &lt;Response [200]&gt;</msg>
<status status="PASS" starttime="20231120 02:08:41.917" endtime="20231120 02:08:41.940"/>
</kw>
<return>
<value>${resp}</value>
<status status="PASS" starttime="20231120 02:08:41.940" endtime="20231120 02:08:41.941"/>
</return>
<status status="PASS" starttime="20231120 02:08:41.916" endtime="20231120 02:08:41.941"/>
</kw>
<status status="PASS" starttime="20231120 02:08:39.315" endtime="20231120 02:08:41.941"/>
</kw>
<status status="PASS" starttime="20231120 02:07:07.632" endtime="20231120 02:08:41.941"/>
</test>
<kw name="Clear Dev Config" library="dev_res" type="TEARDOWN">
<kw name="Connect ZH" library="cli_res">
<kw name="Connect SH" library="cli_res">
<kw name="Open Connection" library="SSHLibrary">
<arg>localhost</arg>
<arg>prompt=REGEXP:.*[&gt;#]$</arg>
<arg>port=8222</arg>
<arg>escape_ansi=True</arg>
<arg>term_type=vt100</arg>
<arg>timeout=9s</arg>
<doc>Opens a new SSH connection to the given ``host`` and ``port``.</doc>
<status status="PASS" starttime="20231120 02:08:41.944" endtime="20231120 02:08:41.945"/>
</kw>
<kw name="Login" library="SSHLibrary">
<arg>root</arg>
<arg>P@ssw0rd</arg>
<doc>Logs into the SSH server with the given ``username`` and ``password``.</doc>
<msg timestamp="20231120 02:08:41.945" level="INFO">Logging into 'localhost:8222' as 'root'.</msg>
<msg timestamp="20231120 02:08:42.089" level="INFO">Read output: Welcome to Ubuntu 20.04.2 LTS (GNU/Linux 5.10.47-linuxkit x86_64)

 * Documentation:  https://help.ubuntu.com
 * Management:     https://landscape.canonical.com
 * Support:        https://ubuntu.com/advantage

This system has been minimized by removing packages and content that are
not required on a system that users do not log into.

To restore this content, you can run the 'unminimize' command.
Last login: Mon Nov 20 02:08:39 2023 from 172.17.0.1
root@5df78d0a6fee:~#</msg>
<status status="PASS" starttime="20231120 02:08:41.945" endtime="20231120 02:08:42.089"/>
</kw>
<kw name="Write" library="SSHLibrary">
<arg>source ~/.bashrc</arg>
<doc>Writes the given ``text`` on the remote machine and appends a newline.</doc>
<msg timestamp="20231120 02:08:42.094" level="INFO">source ~/.bashrc</msg>
<status status="PASS" starttime="20231120 02:08:42.089" endtime="20231120 02:08:42.094"/>
</kw>
<kw name="Read Until Prompt" library="SSHLibrary">
<doc>Consumes and returns the server output until the prompt is found.</doc>
<msg timestamp="20231120 02:08:42.099" level="INFO">root@5df78d0a6fee:~#</msg>
<status status="PASS" starttime="20231120 02:08:42.094" endtime="20231120 02:08:42.100"/>
</kw>
<status status="PASS" starttime="20231120 02:08:41.943" endtime="20231120 02:08:42.100"/>
</kw>
<kw name="Run ZH Cmd" library="cli_res">
<arg>zh_cli -d</arg>
<kw name="Log" library="BuiltIn">
<arg>${cmd}</arg>
<doc>Logs the given message with the given level.</doc>
<msg timestamp="20231120 02:08:42.101" level="INFO">zh_cli -d</msg>
<status status="PASS" starttime="20231120 02:08:42.101" endtime="20231120 02:08:42.101"/>
</kw>
<kw name="Write" library="SSHLibrary">
<arg>${cmd}</arg>
<doc>Writes the given ``text`` on the remote machine and appends a newline.</doc>
<msg timestamp="20231120 02:08:42.104" level="INFO">zh_cli -d</msg>
<status status="PASS" starttime="20231120 02:08:42.101" endtime="20231120 02:08:42.104"/>
</kw>
<kw name="Read Until Prompt" library="SSHLibrary">
<var>${output}</var>
<arg>loglevel=INFO</arg>
<arg>strip_prompt=True</arg>
<doc>Consumes and returns the server output until the prompt is found.</doc>
<msg timestamp="20231120 02:08:42.109" level="INFO">${output} = </msg>
<status status="PASS" starttime="20231120 02:08:42.105" endtime="20231120 02:08:42.109"/>
</kw>
<kw name="Log" library="BuiltIn">
<arg>${output}</arg>
<doc>Logs the given message with the given level.</doc>
<msg timestamp="20231120 02:08:42.109" level="INFO"/>
<status status="PASS" starttime="20231120 02:08:42.109" endtime="20231120 02:08:42.109"/>
</kw>
<kw name="Encode String To Bytes" library="String">
<var>${output}</var>
<arg>${output}</arg>
<arg>iso-8859-1</arg>
<doc>Encodes the given Unicode ``string`` to bytes using the given ``encoding``.</doc>
<msg timestamp="20231120 02:08:42.110" level="INFO">${output} = </msg>
<status status="PASS" starttime="20231120 02:08:42.110" endtime="20231120 02:08:42.110"/>
</kw>
<kw name="Decode Bytes To String" library="String">
<var>${output}</var>
<arg>${output}</arg>
<arg>UTF-8</arg>
<doc>Decodes the given ``bytes`` to a Unicode string using the given ``encoding``.</doc>
<msg timestamp="20231120 02:08:42.111" level="INFO">${output} = </msg>
<status status="PASS" starttime="20231120 02:08:42.111" endtime="20231120 02:08:42.111"/>
</kw>
<return>
<value>${output}</value>
<status status="PASS" starttime="20231120 02:08:42.111" endtime="20231120 02:08:42.112"/>
</return>
<status status="PASS" starttime="20231120 02:08:42.100" endtime="20231120 02:08:42.112"/>
</kw>
<status status="PASS" starttime="20231120 02:08:41.943" endtime="20231120 02:08:42.112"/>
</kw>
<kw name="Run ZH Cmd" library="cli_res">
<arg>device</arg>
<kw name="Log" library="BuiltIn">
<arg>${cmd}</arg>
<doc>Logs the given message with the given level.</doc>
<msg timestamp="20231120 02:08:42.113" level="INFO">device</msg>
<status status="PASS" starttime="20231120 02:08:42.113" endtime="20231120 02:08:42.113"/>
</kw>
<kw name="Write" library="SSHLibrary">
<arg>${cmd}</arg>
<doc>Writes the given ``text`` on the remote machine and appends a newline.</doc>
<msg timestamp="20231120 02:08:42.116" level="INFO">device</msg>
<status status="PASS" starttime="20231120 02:08:42.114" endtime="20231120 02:08:42.116"/>
</kw>
<kw name="Read Until Prompt" library="SSHLibrary">
<var>${output}</var>
<arg>loglevel=INFO</arg>
<arg>strip_prompt=True</arg>
<doc>Consumes and returns the server output until the prompt is found.</doc>
<msg timestamp="20231120 02:08:42.117" level="INFO">${output} = </msg>
<status status="PASS" starttime="20231120 02:08:42.116" endtime="20231120 02:08:42.117"/>
</kw>
<kw name="Log" library="BuiltIn">
<arg>${output}</arg>
<doc>Logs the given message with the given level.</doc>
<msg timestamp="20231120 02:08:42.118" level="INFO"/>
<status status="PASS" starttime="20231120 02:08:42.118" endtime="20231120 02:08:42.118"/>
</kw>
<kw name="Encode String To Bytes" library="String">
<var>${output}</var>
<arg>${output}</arg>
<arg>iso-8859-1</arg>
<doc>Encodes the given Unicode ``string`` to bytes using the given ``encoding``.</doc>
<msg timestamp="20231120 02:08:42.119" level="INFO">${output} = </msg>
<status status="PASS" starttime="20231120 02:08:42.118" endtime="20231120 02:08:42.119"/>
</kw>
<kw name="Decode Bytes To String" library="String">
<var>${output}</var>
<arg>${output}</arg>
<arg>UTF-8</arg>
<doc>Decodes the given ``bytes`` to a Unicode string using the given ``encoding``.</doc>
<msg timestamp="20231120 02:08:42.120" level="INFO">${output} = </msg>
<status status="PASS" starttime="20231120 02:08:42.119" endtime="20231120 02:08:42.120"/>
</kw>
<return>
<value>${output}</value>
<status status="PASS" starttime="20231120 02:08:42.120" endtime="20231120 02:08:42.120"/>
</return>
<status status="PASS" starttime="20231120 02:08:42.112" endtime="20231120 02:08:42.120"/>
</kw>
<kw name="Run ZH Cmd" library="cli_res">
<arg>clear_device</arg>
<kw name="Log" library="BuiltIn">
<arg>${cmd}</arg>
<doc>Logs the given message with the given level.</doc>
<msg timestamp="20231120 02:08:42.122" level="INFO">clear_device</msg>
<status status="PASS" starttime="20231120 02:08:42.121" endtime="20231120 02:08:42.122"/>
</kw>
<kw name="Write" library="SSHLibrary">
<arg>${cmd}</arg>
<doc>Writes the given ``text`` on the remote machine and appends a newline.</doc>
<msg timestamp="20231120 02:08:42.125" level="INFO">clear_device</msg>
<status status="PASS" starttime="20231120 02:08:42.122" endtime="20231120 02:08:42.125"/>
</kw>
<kw name="Read Until Prompt" library="SSHLibrary">
<var>${output}</var>
<arg>loglevel=INFO</arg>
<arg>strip_prompt=True</arg>
<doc>Consumes and returns the server output until the prompt is found.</doc>
<msg timestamp="20231120 02:08:42.364" level="INFO">${output} = </msg>
<status status="PASS" starttime="20231120 02:08:42.125" endtime="20231120 02:08:42.364"/>
</kw>
<kw name="Log" library="BuiltIn">
<arg>${output}</arg>
<doc>Logs the given message with the given level.</doc>
<msg timestamp="20231120 02:08:42.365" level="INFO"/>
<status status="PASS" starttime="20231120 02:08:42.364" endtime="20231120 02:08:42.365"/>
</kw>
<kw name="Encode String To Bytes" library="String">
<var>${output}</var>
<arg>${output}</arg>
<arg>iso-8859-1</arg>
<doc>Encodes the given Unicode ``string`` to bytes using the given ``encoding``.</doc>
<msg timestamp="20231120 02:08:42.366" level="INFO">${output} = </msg>
<status status="PASS" starttime="20231120 02:08:42.365" endtime="20231120 02:08:42.366"/>
</kw>
<kw name="Decode Bytes To String" library="String">
<var>${output}</var>
<arg>${output}</arg>
<arg>UTF-8</arg>
<doc>Decodes the given ``bytes`` to a Unicode string using the given ``encoding``.</doc>
<msg timestamp="20231120 02:08:42.367" level="INFO">${output} = </msg>
<status status="PASS" starttime="20231120 02:08:42.366" endtime="20231120 02:08:42.367"/>
</kw>
<return>
<value>${output}</value>
<status status="PASS" starttime="20231120 02:08:42.367" endtime="20231120 02:08:42.367"/>
</return>
<status status="PASS" starttime="20231120 02:08:42.121" endtime="20231120 02:08:42.367"/>
</kw>
<kw name="DisConnect" library="cli_res">
<kw name="Close Connection" library="SSHLibrary">
<doc>Closes the current connection.</doc>
<status status="PASS" starttime="20231120 02:08:42.368" endtime="20231120 02:08:42.368"/>
</kw>
<status status="PASS" starttime="20231120 02:08:42.367" endtime="20231120 02:08:42.369"/>
</kw>
<status status="PASS" starttime="20231120 02:08:41.943" endtime="20231120 02:08:42.369"/>
</kw>
<status status="PASS" starttime="20231120 02:07:00.902" endtime="20231120 02:08:42.369"/>
</suite>
<status status="PASS" starttime="20231120 02:07:00.900" endtime="20231120 02:08:42.371"/>
</suite>
<status status="PASS" starttime="20231120 02:07:00.887" endtime="20231120 02:08:42.373"/>
</suite>
<status status="PASS" starttime="20231120 02:07:00.841" endtime="20231120 02:08:42.374"/>
</suite>
<statistics>
<total>
<stat pass="1" fail="0" skip="0">All Tests</stat>
</total>
<tag>
</tag>
<suite>
<stat pass="1" fail="0" skip="0" id="s1" name="Zhuochuangzhihui">Zhuochuangzhihui</stat>
<stat pass="1" fail="0" skip="0" id="s1-s1" name="Auto">Zhuochuangzhihui.Auto</stat>
<stat pass="1" fail="0" skip="0" id="s1-s1-s1" name="Test Running">Zhuochuangzhihui.Auto.Test Running</stat>
<stat pass="1" fail="0" skip="0" id="s1-s1-s1-s1" name="Postive Test">Zhuochuangzhihui.Auto.Test Running.Postive Test</stat>
</suite>
</statistics>
<errors>
</errors>
</robot>
